trace file for the simulation
format of the file
<event> <time> <item id> <server status> <queue size>

a	1.33673	1	0	0
s	1.33673	1	1	0
d	1.39407	1	0	0
a	1.66543	2	0	0
s	1.66543	2	1	0
d	1.68666	2	0	0
a	1.77266	3	0	0
s	1.77266	3	1	0
d	1.84609	3	0	0
a	1.98247	4	0	0
s	1.98247	4	1	0
d	1.99346	4	0	0
a	2.02147	5	0	0
s	2.02147	5	1	0
d	2.0507	5	0	0
a	2.37109	6	0	0
s	2.37109	6	1	0
d	2.3863	6	0	0
a	2.43946	7	0	0
s	2.43946	7	1	0
d	2.5061	7	0	0
a	2.67761	8	0	0
s	2.67761	8	1	0
d	3.09769	8	0	0
a	3.15611	9	0	0
s	3.15611	9	1	0
d	3.25705	9	0	0
a	3.53916	10	0	0
s	3.53916	10	1	0
a	3.54147	11	1	0
d	3.7188	10	1	1
s	3.7188	11	1	0
d	4.19084	11	0	0
a	6.18828	12	0	0
s	6.18828	12	1	0
a	6.21477	13	1	0
d	6.30803	12	1	1
s	6.30803	13	1	0
d	6.38523	13	0	0
a	7.02615	14	0	0
s	7.02615	14	1	0
a	7.0268	15	1	0
d	7.04316	14	1	1
s	7.04316	15	1	0
d	7.17551	15	0	0
a	7.99689	16	0	0
s	7.99689	16	1	0
a	8.07485	17	1	0
d	8.23481	16	1	1
s	8.23481	17	1	0
d	8.70824	17	0	0
a	9.08825	18	0	0
s	9.08825	18	1	0
d	9.1202	18	0	0
a	9.233	19	0	0
s	9.233	19	1	0
a	9.29222	20	1	0
d	9.3913	19	1	1
s	9.3913	20	1	0
d	9.4694	20	0	0
a	9.79619	21	0	0
s	9.79619	21	1	0
d	9.8458	21	0	0
a	9.90778	22	0	0
s	9.90778	22	1	0
d	10.0096	22	0	0
a	10.2851	23	0	0
s	10.2851	23	1	0
d	10.4343	23	0	0
a	10.4562	24	0	0
s	10.4562	24	1	0
d	10.4782	24	0	0
a	10.5881	25	0	0
s	10.5881	25	1	0
d	10.5891	25	0	0
a	10.6453	26	0	0
s	10.6453	26	1	0
d	10.7515	26	0	0
a	11.0009	27	0	0
s	11.0009	27	1	0
d	11.0428	27	0	0
a	11.1428	28	0	0
s	11.1428	28	1	0
a	11.2142	29	1	0
d	11.4184	28	1	1
s	11.4184	29	1	0
d	11.4283	29	0	0
a	12.0056	30	0	0
s	12.0056	30	1	0
a	12.0318	31	1	0
a	12.0711	32	1	1
d	12.1932	30	1	2
s	12.1932	31	1	1
d	12.2134	31	1	1
s	12.2134	32	1	0
d	12.2878	32	0	0
a	12.6472	33	0	0
s	12.6472	33	1	0
d	12.7374	33	0	0
a	12.9021	34	0	0
s	12.9021	34	1	0
d	12.9585	34	0	0
a	12.9786	35	0	0
s	12.9786	35	1	0
d	13.0066	35	0	0
a	13.0437	36	0	0
s	13.0437	36	1	0
d	13.1181	36	0	0
a	13.4628	37	0	0
s	13.4628	37	1	0
a	13.499	38	1	0
d	13.5628	37	1	1
s	13.5628	38	1	0
d	13.6288	38	0	0
a	14.3663	39	0	0
s	14.3663	39	1	0
d	14.4261	39	0	0
a	14.5785	40	0	0
s	14.5785	40	1	0
a	14.6118	41	1	0
d	14.6766	40	1	1
s	14.6766	41	1	0
d	14.7551	41	0	0
a	15.0873	42	0	0
s	15.0873	42	1	0
d	15.144	42	0	0
a	15.4133	43	0	0
s	15.4133	43	1	0
d	15.4405	43	0	0
a	15.4483	44	0	0
s	15.4483	44	1	0
d	15.5405	44	0	0
a	15.5866	45	0	0
s	15.5866	45	1	0
d	15.5982	45	0	0
a	16.3055	46	0	0
s	16.3055	46	1	0
d	16.3061	46	0	0
a	16.417	47	0	0
s	16.417	47	1	0
a	16.5435	48	1	0
d	16.7156	47	1	1
s	16.7156	48	1	0
d	16.7327	48	0	0
a	17.4082	49	0	0
s	17.4082	49	1	0
d	17.4379	49	0	0
a	17.6399	50	0	0
s	17.6399	50	1	0
d	17.6459	50	0	0
a	17.8902	51	0	0
s	17.8902	51	1	0
d	17.9991	51	0	0
a	18.283	52	0	0
s	18.283	52	1	0
d	18.3141	52	0	0
a	18.3192	53	0	0
s	18.3192	53	1	0
d	18.3537	53	0	0
a	18.4213	54	0	0
s	18.4213	54	1	0
d	18.4504	54	0	0
a	18.6964	55	0	0
s	18.6964	55	1	0
d	18.8898	55	0	0
a	19.9818	56	0	0
s	19.9818	56	1	0
a	20.0248	57	1	0
d	20.2614	56	1	1
s	20.2614	57	1	0
d	20.3206	57	0	0
a	21.0553	58	0	0
s	21.0553	58	1	0
a	21.221	59	1	0
d	21.3158	58	1	1
s	21.3158	59	1	0
d	21.352	59	0	0
a	21.9423	60	0	0
s	21.9423	60	1	0
a	22.0793	61	1	0
d	22.1255	60	1	1
s	22.1255	61	1	0
d	22.2979	61	0	0
a	24.1485	62	0	0
s	24.1485	62	1	0
d	24.2723	62	0	0
a	24.4448	63	0	0
s	24.4448	63	1	0
d	24.4711	63	0	0
a	24.6228	64	0	0
s	24.6228	64	1	0
a	24.7158	65	1	0
d	24.7827	64	1	1
s	24.7827	65	1	0
d	24.8622	65	0	0
a	24.9884	66	0	0
s	24.9884	66	1	0
d	25.0212	66	0	0
a	25.1024	67	0	0
s	25.1024	67	1	0
d	25.2004	67	0	0
a	25.4406	68	0	0
s	25.4406	68	1	0
d	25.471	68	0	0
a	25.5583	69	0	0
s	25.5583	69	1	0
d	25.5683	69	0	0
a	25.8414	70	0	0
s	25.8414	70	1	0
a	25.942	71	1	0
d	26.008	70	1	1
s	26.008	71	1	0
d	26.0617	71	0	0
a	26.3129	72	0	0
s	26.3129	72	1	0
d	26.3606	72	0	0
a	26.3868	73	0	0
s	26.3868	73	1	0
d	26.4085	73	0	0
a	26.7674	74	0	0
s	26.7674	74	1	0
d	26.7816	74	0	0
a	26.7859	75	0	0
s	26.7859	75	1	0
d	26.8346	75	0	0
a	26.8495	76	0	0
s	26.8495	76	1	0
a	26.9302	77	1	0
d	27.1636	76	1	1
s	27.1636	77	1	0
d	27.3857	77	0	0
a	28.3254	78	0	0
s	28.3254	78	1	0
d	28.386	78	0	0
a	28.4858	79	0	0
s	28.4858	79	1	0
d	28.6067	79	0	0
a	28.6387	80	0	0
s	28.6387	80	1	0
d	28.7078	80	0	0
a	29.0147	81	0	0
s	29.0147	81	1	0
a	29.0754	82	1	0
d	29.1277	81	1	1
s	29.1277	82	1	0
d	29.1467	82	0	0
a	30.1649	83	0	0
s	30.1649	83	1	0
a	30.1738	84	1	0
d	30.2144	83	1	1
s	30.2144	84	1	0
d	30.2276	84	0	0
a	30.6993	85	0	0
s	30.6993	85	1	0
d	30.8126	85	0	0
a	31.1505	86	0	0
s	31.1505	86	1	0
d	31.2188	86	0	0
a	31.447	87	0	0
s	31.447	87	1	0
a	31.4637	88	1	0
d	31.5707	87	1	1
s	31.5707	88	1	0
d	31.6118	88	0	0
a	31.9184	89	0	0
s	31.9184	89	1	0
d	31.9416	89	0	0
a	32.0534	90	0	0
s	32.0534	90	1	0
a	32.1281	91	1	0
d	32.1495	90	1	1
s	32.1495	91	1	0
d	32.1996	91	0	0
a	33.912	92	0	0
s	33.912	92	1	0
d	33.9819	92	0	0
a	34.1055	93	0	0
s	34.1055	93	1	0
d	34.1296	93	0	0
a	34.224	94	0	0
s	34.224	94	1	0
a	34.2331	95	1	0
d	34.327	94	1	1
s	34.327	95	1	0
d	34.5298	95	0	0
a	34.6299	96	0	0
s	34.6299	96	1	0
d	34.7408	96	0	0
a	35.2067	97	0	0
s	35.2067	97	1	0
d	35.2515	97	0	0
a	35.6123	98	0	0
s	35.6123	98	1	0
d	35.6289	98	0	0
a	35.6414	99	0	0
s	35.6414	99	1	0
d	35.6931	99	0	0
a	35.7067	100	0	0
s	35.7067	100	1	0
d	35.7225	100	0	0
a	36.551	101	0	0
s	36.551	101	1	0
a	36.6201	102	1	0
d	36.7577	101	1	1
s	36.7577	102	1	0
d	36.9356	102	0	0
a	37.9141	103	0	0
s	37.9141	103	1	0
d	37.9603	103	0	0
a	38.0962	104	0	0
s	38.0962	104	1	0
d	38.2333	104	0	0
a	38.4944	105	0	0
s	38.4944	105	1	0
d	38.51	105	0	0
a	39.0375	106	0	0
s	39.0375	106	1	0
d	39.1224	106	0	0
a	39.1488	107	0	0
s	39.1488	107	1	0
d	39.2684	107	0	0
a	39.2691	108	0	0
s	39.2691	108	1	0
d	39.418	108	0	0
a	39.5024	109	0	0
s	39.5024	109	1	0
a	39.5451	110	1	0
d	39.7226	109	1	1
s	39.7226	110	1	0
d	39.8484	110	0	0
a	40.0154	111	0	0
s	40.0154	111	1	0
d	40.064	111	0	0
a	40.2191	112	0	0
s	40.2191	112	1	0
d	40.2346	112	0	0
a	40.5144	113	0	0
s	40.5144	113	1	0
d	40.529	113	0	0
a	40.8088	114	0	0
s	40.8088	114	1	0
a	40.9312	115	1	0
d	40.9476	114	1	1
s	40.9476	115	1	0
d	41.0121	115	0	0
a	42.2218	116	0	0
s	42.2218	116	1	0
a	42.236	117	1	0
d	42.4297	116	1	1
s	42.4297	117	1	0
d	42.7353	117	0	0
a	42.9766	118	0	0
s	42.9766	118	1	0
d	43.0686	118	0	0
a	43.1441	119	0	0
s	43.1441	119	1	0
d	43.1619	119	0	0
a	43.2695	120	0	0
s	43.2695	120	1	0
d	43.2867	120	0	0
a	43.3427	121	0	0
s	43.3427	121	1	0
d	43.4349	121	0	0
a	43.6128	122	0	0
s	43.6128	122	1	0
a	43.7414	123	1	0
d	44.1569	122	1	1
s	44.1569	123	1	0
d	44.1949	123	0	0
a	48.1438	124	0	0
s	48.1438	124	1	0
d	48.1851	124	0	0
a	48.2176	125	0	0
s	48.2176	125	1	0
d	48.2396	125	0	0
a	48.3446	126	0	0
s	48.3446	126	1	0
d	48.3823	126	0	0
a	48.7339	127	0	0
s	48.7339	127	1	0
d	48.7711	127	0	0
a	48.7974	128	0	0
s	48.7974	128	1	0
d	48.8225	128	0	0
a	49.4917	129	0	0
s	49.4917	129	1	0
d	49.5058	129	0	0
a	49.5796	130	0	0
s	49.5796	130	1	0
d	49.6143	130	0	0
a	50.0716	131	0	0
s	50.0716	131	1	0
a	50.0823	132	1	0
d	50.131	131	1	1
s	50.131	132	1	0
d	50.2601	132	0	0
a	50.7484	133	0	0
s	50.7484	133	1	0
a	50.7645	134	1	0
d	50.8714	133	1	1
s	50.8714	134	1	0
a	50.9647	135	1	0
d	51.0234	134	1	1
s	51.0234	135	1	0
d	51.1659	135	0	0
a	51.805	136	0	0
s	51.805	136	1	0
d	51.8868	136	0	0
a	52.3099	137	0	0
s	52.3099	137	1	0
d	52.3345	137	0	0
a	52.6622	138	0	0
s	52.6622	138	1	0
d	52.6648	138	0	0
a	52.713	139	0	0
s	52.713	139	1	0
d	52.7269	139	0	0
a	53.0245	140	0	0
s	53.0245	140	1	0
d	53.1029	140	0	0
a	54.1415	141	0	0
s	54.1415	141	1	0
d	54.1702	141	0	0
a	54.5757	142	0	0
s	54.5757	142	1	0
d	54.6662	142	0	0
a	54.8093	143	0	0
s	54.8093	143	1	0
d	54.81	143	0	0
a	55.4603	144	0	0
s	55.4603	144	1	0
d	55.5981	144	0	0
a	55.7932	145	0	0
s	55.7932	145	1	0
d	55.9328	145	0	0
a	56.168	146	0	0
s	56.168	146	1	0
a	56.1924	147	1	0
d	56.2158	146	1	1
s	56.2158	147	1	0
d	56.2595	147	0	0
a	56.3388	148	0	0
s	56.3388	148	1	0
d	56.3484	148	0	0
a	56.4961	149	0	0
s	56.4961	149	1	0
d	56.537	149	0	0
a	56.8745	150	0	0
s	56.8745	150	1	0
d	56.9197	150	0	0
a	56.9871	151	0	0
s	56.9871	151	1	0
a	56.9989	152	1	0
d	57.0734	151	1	1
s	57.0734	152	1	0
d	57.1281	152	0	0
a	57.976	153	0	0
s	57.976	153	1	0
d	58.0704	153	0	0
a	58.0813	154	0	0
s	58.0813	154	1	0
d	58.3459	154	0	0
a	58.4056	155	0	0
s	58.4056	155	1	0
a	58.4935	156	1	0
d	58.5914	155	1	1
s	58.5914	156	1	0
d	58.6418	156	0	0
a	59.1415	157	0	0
s	59.1415	157	1	0
a	59.1441	158	1	0
d	59.2353	157	1	1
s	59.2353	158	1	0
d	59.2463	158	0	0
a	59.4812	159	0	0
s	59.4812	159	1	0
d	59.5629	159	0	0
a	59.5745	160	0	0
s	59.5745	160	1	0
d	59.6089	160	0	0
a	60.1751	161	0	0
s	60.1751	161	1	0
d	60.3005	161	0	0
a	60.4444	162	0	0
s	60.4444	162	1	0
a	60.4665	163	1	0
d	60.5342	162	1	1
s	60.5342	163	1	0
d	60.5658	163	0	0
a	60.9769	164	0	0
s	60.9769	164	1	0
d	61.033	164	0	0
a	61.1848	165	0	0
s	61.1848	165	1	0
d	61.2158	165	0	0
a	61.2436	166	0	0
s	61.2436	166	1	0
d	61.2742	166	0	0
a	61.304	167	0	0
s	61.304	167	1	0
d	61.5011	167	0	0
a	61.6257	168	0	0
s	61.6257	168	1	0
a	61.7027	169	1	0
d	61.7557	168	1	1
s	61.7557	169	1	0
d	61.977	169	0	0
a	62.8121	170	0	0
s	62.8121	170	1	0
d	63.0701	170	0	0
a	63.5286	171	0	0
s	63.5286	171	1	0
d	63.6322	171	0	0
a	63.7647	172	0	0
s	63.7647	172	1	0
d	63.8007	172	0	0
a	64.1541	173	0	0
s	64.1541	173	1	0
d	64.247	173	0	0
a	64.6922	174	0	0
s	64.6922	174	1	0
d	64.7314	174	0	0
a	64.7566	175	0	0
s	64.7566	175	1	0
a	64.8296	176	1	0
d	64.9182	175	1	1
s	64.9182	176	1	0
d	64.9605	176	0	0
a	67.7199	177	0	0
s	67.7199	177	1	0
d	67.8332	177	0	0
a	67.8648	178	0	0
s	67.8648	178	1	0
a	68.029	179	1	0
d	68.3341	178	1	1
s	68.3341	179	1	0
d	68.3512	179	0	0
a	69.3295	180	0	0
s	69.3295	180	1	0
d	69.4553	180	0	0
a	70.0541	181	0	0
s	70.0541	181	1	0
d	70.1031	181	0	0
a	70.2419	182	0	0
s	70.2419	182	1	0
d	70.6402	182	0	0
a	70.9364	183	0	0
s	70.9364	183	1	0
a	70.967	184	1	0
d	71.015	183	1	1
s	71.015	184	1	0
d	71.0641	184	0	0
a	71.0863	185	0	0
s	71.0863	185	1	0
d	71.1404	185	0	0
a	71.1902	186	0	0
s	71.1902	186	1	0
a	71.2365	187	1	0
d	71.444	186	1	1
s	71.444	187	1	0
d	71.5003	187	0	0
a	72.9573	188	0	0
s	72.9573	188	1	0
a	73.0214	189	1	0
d	73.172	188	1	1
s	73.172	189	1	0
d	73.2344	189	0	0
a	74.3612	190	0	0
s	74.3612	190	1	0
d	74.3924	190	0	0
a	74.4088	191	0	0
s	74.4088	191	1	0
a	74.4762	192	1	0
d	74.5855	191	1	1
s	74.5855	192	1	0
d	74.8362	192	0	0
a	76.206	193	0	0
s	76.206	193	1	0
d	76.2429	193	0	0
a	76.5556	194	0	0
s	76.5556	194	1	0
a	76.8138	195	1	0
d	76.8186	194	1	1
s	76.8186	195	1	0
d	76.8361	195	0	0
a	77.9337	196	0	0
s	77.9337	196	1	0
d	77.9599	196	0	0
a	78.3107	197	0	0
s	78.3107	197	1	0
d	78.6165	197	0	0
a	79.2474	198	0	0
s	79.2474	198	1	0
a	79.3354	199	1	0
d	79.3528	198	1	1
s	79.3528	199	1	0
d	79.4408	199	0	0
a	80.2112	200	0	0
s	80.2112	200	1	0
d	80.2675	200	0	0
a	80.7951	201	0	0
s	80.7951	201	1	0
d	80.8715	201	0	0
a	81.0645	202	0	0
s	81.0645	202	1	0
a	81.0939	203	1	0
d	81.1496	202	1	1
s	81.1496	203	1	0
d	81.3933	203	0	0
a	82.1632	204	0	0
s	82.1632	204	1	0
d	82.3405	204	0	0
a	83.5762	205	0	0
s	83.5762	205	1	0
d	83.6181	205	0	0
a	83.6275	206	0	0
s	83.6275	206	1	0
d	83.9029	206	0	0
a	84.1095	207	0	0
s	84.1095	207	1	0
a	84.1855	208	1	0
d	84.2048	207	1	1
s	84.2048	208	1	0
d	84.3918	208	0	0
a	85.826	209	0	0
s	85.826	209	1	0
d	85.91	209	0	0
a	86.5981	210	0	0
s	86.5981	210	1	0
a	86.683	211	1	0
d	86.6917	210	1	1
s	86.6917	211	1	0
d	87.0697	211	0	0
a	88.0142	212	0	0
s	88.0142	212	1	0
a	88.1711	213	1	0
d	88.2034	212	1	1
s	88.2034	213	1	0
d	88.2288	213	0	0
a	88.2392	214	0	0
s	88.2392	214	1	0
d	88.2835	214	0	0
a	88.3344	215	0	0
s	88.3344	215	1	0
d	88.3399	215	0	0
a	88.4091	216	0	0
s	88.4091	216	1	0
a	88.5226	217	1	0
d	88.533	216	1	1
s	88.533	217	1	0
d	88.5931	217	0	0
a	89.47	218	0	0
s	89.47	218	1	0
a	89.5626	219	1	0
d	89.6287	218	1	1
s	89.6287	219	1	0
d	89.7001	219	0	0
a	90.0979	220	0	0
s	90.0979	220	1	0
d	90.1449	220	0	0
a	90.735	221	0	0
s	90.735	221	1	0
a	90.8523	222	1	0
d	91.0717	221	1	1
s	91.0717	222	1	0
d	91.0721	222	0	0
a	92.2317	223	0	0
s	92.2317	223	1	0
d	92.2732	223	0	0
a	92.4519	224	0	0
s	92.4519	224	1	0
a	92.537	225	1	0
d	92.5671	224	1	1
s	92.5671	225	1	0
d	92.6521	225	0	0
a	93.1513	226	0	0
s	93.1513	226	1	0
a	93.1952	227	1	0
d	93.2191	226	1	1
s	93.2191	227	1	0
a	93.6573	228	1	0
a	93.6804	229	1	1
d	93.7591	227	1	2
s	93.7591	228	1	1
d	93.802	228	1	1
s	93.802	229	1	0
d	93.8325	229	0	0
a	93.9833	230	0	0
s	93.9833	230	1	0
a	94.0033	231	1	0
d	94.202	230	1	1
s	94.202	231	1	0
d	94.216	231	0	0
a	95.6864	232	0	0
s	95.6864	232	1	0
d	95.8418	232	0	0
a	96.1157	233	0	0
s	96.1157	233	1	0
d	96.1682	233	0	0
a	96.5425	234	0	0
s	96.5425	234	1	0
d	96.5906	234	0	0
a	96.6514	235	0	0
s	96.6514	235	1	0
d	96.6885	235	0	0
a	96.7139	236	0	0
s	96.7139	236	1	0
d	96.7227	236	0	0
a	96.7941	237	0	0
s	96.7941	237	1	0
a	96.8365	238	1	0
d	96.915	237	1	1
s	96.915	238	1	0
d	96.9153	238	0	0
a	97.9727	239	0	0
s	97.9727	239	1	0
d	98.1386	239	0	0
a	98.1653	240	0	0
s	98.1653	240	1	0
d	98.2844	240	0	0
a	98.588	241	0	0
s	98.588	241	1	0
d	98.7499	241	0	0
a	99.2028	242	0	0
s	99.2028	242	1	0
d	99.2288	242	0	0
a	99.2574	243	0	0
s	99.2574	243	1	0
d	99.2701	243	0	0
a	100.525	244	0	0
s	100.525	244	1	0
d	100.605	244	0	0
a	100.695	245	0	0
s	100.695	245	1	0
d	100.717	245	0	0
a	100.85	246	0	0
s	100.85	246	1	0
a	100.908	247	1	0
d	100.92	246	1	1
s	100.92	247	1	0
d	100.978	247	0	0
a	101.233	248	0	0
s	101.233	248	1	0
d	101.249	248	0	0
a	101.797	249	0	0
s	101.797	249	1	0
d	101.843	249	0	0
a	101.855	250	0	0
s	101.855	250	1	0
d	101.883	250	0	0
a	102.128	251	0	0
s	102.128	251	1	0
d	102.137	251	0	0
a	102.175	252	0	0
s	102.175	252	1	0
a	102.293	253	1	0
d	102.336	252	1	1
s	102.336	253	1	0
d	102.401	253	0	0
a	103.138	254	0	0
s	103.138	254	1	0
d	103.147	254	0	0
a	103.165	255	0	0
s	103.165	255	1	0
d	103.188	255	0	0
a	103.402	256	0	0
s	103.402	256	1	0
d	103.475	256	0	0
a	103.991	257	0	0
s	103.991	257	1	0
d	104.034	257	0	0
a	105.404	258	0	0
s	105.404	258	1	0
d	105.431	258	0	0
a	105.46	259	0	0
s	105.46	259	1	0
d	105.612	259	0	0
a	105.833	260	0	0
s	105.833	260	1	0
a	105.913	261	1	0
d	106.119	260	1	1
s	106.119	261	1	0
d	106.225	261	0	0
a	106.737	262	0	0
s	106.737	262	1	0
a	106.764	263	1	0
d	106.811	262	1	1
s	106.811	263	1	0
d	107.04	263	0	0
a	108.549	264	0	0
s	108.549	264	1	0
a	108.571	265	1	0
d	108.692	264	1	1
s	108.692	265	1	0
d	108.823	265	0	0
a	110.453	266	0	0
s	110.453	266	1	0
a	110.471	267	1	0
d	110.513	266	1	1
s	110.513	267	1	0
d	110.513	267	0	0
a	110.601	268	0	0
s	110.601	268	1	0
d	110.604	268	0	0
a	110.63	269	0	0
s	110.63	269	1	0
d	110.647	269	0	0
a	111.014	270	0	0
s	111.014	270	1	0
d	111.112	270	0	0
a	111.265	271	0	0
s	111.265	271	1	0
a	111.27	272	1	0
d	111.442	271	1	1
s	111.442	272	1	0
d	111.486	272	0	0
a	112.741	273	0	0
s	112.741	273	1	0
a	112.792	274	1	0
d	113.084	273	1	1
s	113.084	274	1	0
d	113.232	274	0	0
a	114.354	275	0	0
s	114.354	275	1	0
d	114.508	275	0	0
a	115.041	276	0	0
s	115.041	276	1	0
a	115.159	277	1	0
d	115.189	276	1	1
s	115.189	277	1	0
d	115.205	277	0	0
a	118.697	278	0	0
s	118.697	278	1	0
a	118.774	279	1	0
d	118.821	278	1	1
s	118.821	279	1	0
d	118.825	279	0	0
a	119.109	280	0	0
s	119.109	280	1	0
d	119.14	280	0	0
a	119.509	281	0	0
s	119.509	281	1	0
d	119.575	281	0	0
a	120.29	282	0	0
s	120.29	282	1	0
a	120.348	283	1	0
d	120.787	282	1	1
s	120.787	283	1	0
d	120.833	283	0	0
a	121.402	284	0	0
s	121.402	284	1	0
d	121.471	284	0	0
a	121.471	285	0	0
s	121.471	285	1	0
a	121.511	286	1	0
a	121.598	287	1	1
d	121.604	285	1	2
s	121.604	286	1	1
d	121.737	286	1	1
s	121.737	287	1	0
d	121.842	287	0	0
a	122.098	288	0	0
s	122.098	288	1	0
d	122.189	288	0	0
a	122.29	289	0	0
s	122.29	289	1	0
a	122.393	290	1	0
d	122.414	289	1	1
s	122.414	290	1	0
a	122.432	291	1	0
d	122.498	290	1	1
s	122.498	291	1	0
d	122.561	291	0	0
a	122.624	292	0	0
s	122.624	292	1	0
a	122.629	293	1	0
a	122.658	294	1	1
d	123.083	292	1	2
s	123.083	293	1	1
a	123.208	295	1	1
a	123.215	296	1	2
d	123.229	293	1	3
s	123.229	294	1	2
d	123.283	294	1	2
s	123.283	295	1	1
d	123.54	295	1	1
s	123.54	296	1	0
a	123.551	297	1	0
d	123.553	296	1	1
s	123.553	297	1	0
d	123.578	297	0	0
a	124.455	298	0	0
s	124.455	298	1	0
a	124.483	299	1	0
d	124.486	298	1	1
s	124.486	299	1	0
d	124.652	299	0	0
a	124.91	300	0	0
s	124.91	300	1	0
d	124.911	300	0	0
a	125.476	301	0	0
s	125.476	301	1	0
d	125.524	301	0	0
a	125.747	302	0	0
s	125.747	302	1	0
d	125.925	302	0	0
a	126.178	303	0	0
s	126.178	303	1	0
a	126.319	304	1	0
d	126.324	303	1	1
s	126.324	304	1	0
d	126.625	304	0	0
a	126.799	305	0	0
s	126.799	305	1	0
d	126.87	305	0	0
a	126.976	306	0	0
s	126.976	306	1	0
d	126.984	306	0	0
a	127.078	307	0	0
s	127.078	307	1	0
d	127.201	307	0	0
a	127.227	308	0	0
s	127.227	308	1	0
a	127.237	309	1	0
d	127.318	308	1	1
s	127.318	309	1	0
d	127.336	309	0	0
a	127.658	310	0	0
s	127.658	310	1	0
a	127.67	311	1	0
d	127.79	310	1	1
s	127.79	311	1	0
d	127.963	311	0	0
a	128.661	312	0	0
s	128.661	312	1	0
d	128.676	312	0	0
a	129.06	313	0	0
s	129.06	313	1	0
a	129.37	314	1	0
d	129.484	313	1	1
s	129.484	314	1	0
d	129.508	314	0	0
a	130.629	315	0	0
s	130.629	315	1	0
a	130.835	316	1	0
d	130.977	315	1	1
s	130.977	316	1	0
d	131.098	316	0	0
a	131.705	317	0	0
s	131.705	317	1	0
d	131.769	317	0	0
a	131.91	318	0	0
s	131.91	318	1	0
d	131.931	318	0	0
a	132.278	319	0	0
s	132.278	319	1	0
d	132.288	319	0	0
a	132.683	320	0	0
s	132.683	320	1	0
a	133.024	321	1	0
d	133.036	320	1	1
s	133.036	321	1	0
d	133.175	321	0	0
a	133.983	322	0	0
s	133.983	322	1	0
d	133.995	322	0	0
a	134.508	323	0	0
s	134.508	323	1	0
d	134.528	323	0	0
a	134.698	324	0	0
s	134.698	324	1	0
d	134.758	324	0	0
a	134.777	325	0	0
s	134.777	325	1	0
d	134.857	325	0	0
a	135.031	326	0	0
s	135.031	326	1	0
a	135.034	327	1	0
d	135.036	326	1	1
s	135.036	327	1	0
d	135.088	327	0	0
a	135.749	328	0	0
s	135.749	328	1	0
d	135.896	328	0	0
a	135.896	329	0	0
s	135.896	329	1	0
a	135.907	330	1	0
d	135.933	329	1	1
s	135.933	330	1	0
d	135.935	330	0	0
a	136.409	331	0	0
s	136.409	331	1	0
d	136.481	331	0	0
a	136.633	332	0	0
s	136.633	332	1	0
d	136.695	332	0	0
a	136.745	333	0	0
s	136.745	333	1	0
d	136.854	333	0	0
a	136.956	334	0	0
s	136.956	334	1	0
d	137.133	334	0	0
a	137.203	335	0	0
s	137.203	335	1	0
a	137.219	336	1	0
d	137.355	335	1	1
s	137.355	336	1	0
d	137.393	336	0	0
a	137.967	337	0	0
s	137.967	337	1	0
d	137.982	337	0	0
a	138.182	338	0	0
s	138.182	338	1	0
a	138.327	339	1	0
d	138.494	338	1	1
s	138.494	339	1	0
d	138.511	339	0	0
a	140.668	340	0	0
s	140.668	340	1	0
a	140.804	341	1	0
d	140.984	340	1	1
s	140.984	341	1	0
a	141.206	342	1	0
d	141.253	341	1	1
s	141.253	342	1	0
a	141.303	343	1	0
d	141.353	342	1	1
s	141.353	343	1	0
d	141.495	343	0	0
a	141.559	344	0	0
s	141.559	344	1	0
a	141.561	345	1	0
d	141.857	344	1	1
s	141.857	345	1	0
a	141.912	346	1	0
d	142.008	345	1	1
s	142.008	346	1	0
d	142.032	346	0	0
a	143.507	347	0	0
s	143.507	347	1	0
a	143.665	348	1	0
d	143.731	347	1	1
s	143.731	348	1	0
d	143.857	348	0	0
a	144.432	349	0	0
s	144.432	349	1	0
a	144.478	350	1	0
d	144.683	349	1	1
s	144.683	350	1	0
d	145	350	0	0
a	145.249	351	0	0
s	145.249	351	1	0
d	145.272	351	0	0
a	145.509	352	0	0
s	145.509	352	1	0
d	145.519	352	0	0
a	145.703	353	0	0
s	145.703	353	1	0
d	145.734	353	0	0
a	146.018	354	0	0
s	146.018	354	1	0
a	146.119	355	1	0
d	146.312	354	1	1
s	146.312	355	1	0
d	146.414	355	0	0
a	146.631	356	0	0
s	146.631	356	1	0
a	146.64	357	1	0
d	146.737	356	1	1
s	146.737	357	1	0
d	146.84	357	0	0
a	147.786	358	0	0
s	147.786	358	1	0
d	147.825	358	0	0
a	147.826	359	0	0
s	147.826	359	1	0
a	147.968	360	1	0
d	148.341	359	1	1
s	148.341	360	1	0
d	148.365	360	0	0
a	148.611	361	0	0
s	148.611	361	1	0
d	148.612	361	0	0
a	149.068	362	0	0
s	149.068	362	1	0
d	149.157	362	0	0
a	149.787	363	0	0
s	149.787	363	1	0
d	149.825	363	0	0
a	150.057	364	0	0
s	150.057	364	1	0
d	150.235	364	0	0
a	150.353	365	0	0
s	150.353	365	1	0
a	150.382	366	1	0
d	150.519	365	1	1
s	150.519	366	1	0
a	150.59	367	1	0
d	150.807	366	1	1
s	150.807	367	1	0
d	150.811	367	0	0
a	151.083	368	0	0
s	151.083	368	1	0
a	151.109	369	1	0
d	151.138	368	1	1
s	151.138	369	1	0
d	151.229	369	0	0
a	151.41	370	0	0
s	151.41	370	1	0
d	151.536	370	0	0
a	152.631	371	0	0
s	152.631	371	1	0
d	152.68	371	0	0
a	153.233	372	0	0
s	153.233	372	1	0
d	153.275	372	0	0
a	153.405	373	0	0
s	153.405	373	1	0
d	153.41	373	0	0
a	153.506	374	0	0
s	153.506	374	1	0
d	153.667	374	0	0
a	153.682	375	0	0
s	153.682	375	1	0
a	153.777	376	1	0
d	153.79	375	1	1
s	153.79	376	1	0
a	154.262	377	1	0
d	154.323	376	1	1
s	154.323	377	1	0
d	154.485	377	0	0
a	155.498	378	0	0
s	155.498	378	1	0
d	155.548	378	0	0
a	155.549	379	0	0
s	155.549	379	1	0
d	155.797	379	0	0
a	155.927	380	0	0
s	155.927	380	1	0
d	156.084	380	0	0
a	156.414	381	0	0
s	156.414	381	1	0
d	156.529	381	0	0
a	156.564	382	0	0
s	156.564	382	1	0
d	156.611	382	0	0
a	156.785	383	0	0
s	156.785	383	1	0
a	156.882	384	1	0
d	157.038	383	1	1
s	157.038	384	1	0
d	157.165	384	0	0
a	158.135	385	0	0
s	158.135	385	1	0
a	158.187	386	1	0
d	158.19	385	1	1
s	158.19	386	1	0
d	158.193	386	0	0
a	158.783	387	0	0
s	158.783	387	1	0
d	158.903	387	0	0
a	158.931	388	0	0
s	158.931	388	1	0
d	159.048	388	0	0
a	159.107	389	0	0
s	159.107	389	1	0
d	159.134	389	0	0
a	159.141	390	0	0
s	159.141	390	1	0
d	159.236	390	0	0
a	159.311	391	0	0
s	159.311	391	1	0
d	159.344	391	0	0
a	159.373	392	0	0
s	159.373	392	1	0
d	159.612	392	0	0
a	159.874	393	0	0
s	159.874	393	1	0
d	159.902	393	0	0
a	159.907	394	0	0
s	159.907	394	1	0
d	159.952	394	0	0
a	160.112	395	0	0
s	160.112	395	1	0
d	160.186	395	0	0
a	160.584	396	0	0
s	160.584	396	1	0
d	160.672	396	0	0
a	160.918	397	0	0
s	160.918	397	1	0
a	160.936	398	1	0
d	161.025	397	1	1
s	161.025	398	1	0
d	161.142	398	0	0
a	162.652	399	0	0
s	162.652	399	1	0
a	162.67	400	1	0
d	162.733	399	1	1
s	162.733	400	1	0
d	162.808	400	0	0
a	163.014	401	0	0
s	163.014	401	1	0
d	163.05	401	0	0
a	163.292	402	0	0
s	163.292	402	1	0
d	163.299	402	0	0
a	163.549	403	0	0
s	163.549	403	1	0
a	163.588	404	1	0
d	163.669	403	1	1
s	163.669	404	1	0
a	163.942	405	1	0
d	164.163	404	1	1
s	164.163	405	1	0
d	164.171	405	0	0
a	166.774	406	0	0
s	166.774	406	1	0
d	166.802	406	0	0
a	167.109	407	0	0
s	167.109	407	1	0
a	167.187	408	1	0
d	167.195	407	1	1
s	167.195	408	1	0
d	167.214	408	0	0
a	167.35	409	0	0
s	167.35	409	1	0
a	167.378	410	1	0
d	167.42	409	1	1
s	167.42	410	1	0
d	167.423	410	0	0
a	168.821	411	0	0
s	168.821	411	1	0
d	168.851	411	0	0
a	169.065	412	0	0
s	169.065	412	1	0
a	169.082	413	1	0
d	169.089	412	1	1
s	169.089	413	1	0
d	169.106	413	0	0
a	169.948	414	0	0
s	169.948	414	1	0
a	169.957	415	1	0
d	170.051	414	1	1
s	170.051	415	1	0
d	170.161	415	0	0
a	170.367	416	0	0
s	170.367	416	1	0
d	170.406	416	0	0
a	170.631	417	0	0
s	170.631	417	1	0
d	170.704	417	0	0
a	170.759	418	0	0
s	170.759	418	1	0
d	170.781	418	0	0
a	170.805	419	0	0
s	170.805	419	1	0
d	170.834	419	0	0
a	170.949	420	0	0
s	170.949	420	1	0
d	170.968	420	0	0
a	171.065	421	0	0
s	171.065	421	1	0
d	171.193	421	0	0
a	171.277	422	0	0
s	171.277	422	1	0
a	171.296	423	1	0
d	171.569	422	1	1
s	171.569	423	1	0
d	171.724	423	0	0
a	173.512	424	0	0
s	173.512	424	1	0
d	173.534	424	0	0
a	173.861	425	0	0
s	173.861	425	1	0
a	173.869	426	1	0
d	173.974	425	1	1
s	173.974	426	1	0
d	174.004	426	0	0
a	176.279	427	0	0
s	176.279	427	1	0
d	176.48	427	0	0
a	176.555	428	0	0
s	176.555	428	1	0
d	176.575	428	0	0
a	176.69	429	0	0
s	176.69	429	1	0
a	176.693	430	1	0
d	176.822	429	1	1
s	176.822	430	1	0
d	176.856	430	0	0
a	177.622	431	0	0
s	177.622	431	1	0
a	177.757	432	1	0
d	177.849	431	1	1
s	177.849	432	1	0
d	177.857	432	0	0
a	178.838	433	0	0
s	178.838	433	1	0
a	178.885	434	1	0
d	178.899	433	1	1
s	178.899	434	1	0
d	178.914	434	0	0
a	180.085	435	0	0
s	180.085	435	1	0
d	180.306	435	0	0
a	180.725	436	0	0
s	180.725	436	1	0
d	180.876	436	0	0
a	180.998	437	0	0
s	180.998	437	1	0
a	181.067	438	1	0
d	181.087	437	1	1
s	181.087	438	1	0
d	181.289	438	0	0
a	181.304	439	0	0
s	181.304	439	1	0
d	181.312	439	0	0
a	181.536	440	0	0
s	181.536	440	1	0
a	181.636	441	1	0
d	181.73	440	1	1
s	181.73	441	1	0
d	181.735	441	0	0
a	183.053	442	0	0
s	183.053	442	1	0
d	183.106	442	0	0
a	183.429	443	0	0
s	183.429	443	1	0
a	183.447	444	1	0
d	183.492	443	1	1
s	183.492	444	1	0
d	183.641	444	0	0
a	183.713	445	0	0
s	183.713	445	1	0
a	183.896	446	1	0
d	183.946	445	1	1
s	183.946	446	1	0
d	184.055	446	0	0
a	184.403	447	0	0
s	184.403	447	1	0
a	184.424	448	1	0
d	184.466	447	1	1
s	184.466	448	1	0
d	184.577	448	0	0
a	186.259	449	0	0
s	186.259	449	1	0
d	186.33	449	0	0
a	186.417	450	0	0
s	186.417	450	1	0
d	186.504	450	0	0
a	186.506	451	0	0
s	186.506	451	1	0
a	186.543	452	1	0
d	186.737	451	1	1
s	186.737	452	1	0
d	186.75	452	0	0
a	186.936	453	0	0
s	186.936	453	1	0
d	186.983	453	0	0
a	187.133	454	0	0
s	187.133	454	1	0
d	187.154	454	0	0
a	187.165	455	0	0
s	187.165	455	1	0
a	187.224	456	1	0
d	187.44	455	1	1
s	187.44	456	1	0
d	187.464	456	0	0
a	187.726	457	0	0
s	187.726	457	1	0
d	187.901	457	0	0
a	188.143	458	0	0
s	188.143	458	1	0
d	188.171	458	0	0
a	188.32	459	0	0
s	188.32	459	1	0
d	188.447	459	0	0
a	188.673	460	0	0
s	188.673	460	1	0
d	188.734	460	0	0
a	188.957	461	0	0
s	188.957	461	1	0
d	189.072	461	0	0
a	189.256	462	0	0
s	189.256	462	1	0
d	189.298	462	0	0
a	189.328	463	0	0
s	189.328	463	1	0
d	189.368	463	0	0
a	189.416	464	0	0
s	189.416	464	1	0
a	189.638	465	1	0
d	189.704	464	1	1
s	189.704	465	1	0
d	189.885	465	0	0
a	190.579	466	0	0
s	190.579	466	1	0
a	190.647	467	1	0
d	190.71	466	1	1
s	190.71	467	1	0
d	190.743	467	0	0
a	191.027	468	0	0
s	191.027	468	1	0
a	191.093	469	1	0
d	191.234	468	1	1
s	191.234	469	1	0
a	191.286	470	1	0
d	191.299	469	1	1
s	191.299	470	1	0
d	191.369	470	0	0
a	191.589	471	0	0
s	191.589	471	1	0
d	191.694	471	0	0
a	191.701	472	0	0
s	191.701	472	1	0
d	191.727	472	0	0
a	192.458	473	0	0
s	192.458	473	1	0
a	192.516	474	1	0
d	192.518	473	1	1
s	192.518	474	1	0
d	192.541	474	0	0
a	194.405	475	0	0
s	194.405	475	1	0
d	194.538	475	0	0
a	194.844	476	0	0
s	194.844	476	1	0
a	194.906	477	1	0
d	194.976	476	1	1
s	194.976	477	1	0
d	194.998	477	0	0
a	195.626	478	0	0
s	195.626	478	1	0
a	195.719	479	1	0
d	195.777	478	1	1
s	195.777	479	1	0
d	195.97	479	0	0
a	197.058	480	0	0
s	197.058	480	1	0
a	197.059	481	1	0
d	197.089	480	1	1
s	197.089	481	1	0
d	197.1	481	0	0
a	197.166	482	0	0
s	197.166	482	1	0
d	197.215	482	0	0
a	197.232	483	0	0
s	197.232	483	1	0
a	197.288	484	1	0
d	197.42	483	1	1
s	197.42	484	1	0
d	197.511	484	0	0
a	198.041	485	0	0
s	198.041	485	1	0
a	198.096	486	1	0
d	198.121	485	1	1
s	198.121	486	1	0
d	198.23	486	0	0
a	199.534	487	0	0
s	199.534	487	1	0
a	199.71	488	1	0
d	199.756	487	1	1
s	199.756	488	1	0
d	199.887	488	0	0
a	200.287	489	0	0
s	200.287	489	1	0
d	200.3	489	0	0
a	200.447	490	0	0
s	200.447	490	1	0
a	200.454	491	1	0
d	200.593	490	1	1
s	200.593	491	1	0
d	200.64	491	0	0
a	201.163	492	0	0
s	201.163	492	1	0
d	201.219	492	0	0
a	202.001	493	0	0
s	202.001	493	1	0
a	202.007	494	1	0
d	202.079	493	1	1
s	202.079	494	1	0
d	202.306	494	0	0
a	204.72	495	0	0
s	204.72	495	1	0
a	204.798	496	1	0
d	204.916	495	1	1
s	204.916	496	1	0
d	204.926	496	0	0
a	205.564	497	0	0
s	205.564	497	1	0
d	205.574	497	0	0
a	205.675	498	0	0
s	205.675	498	1	0
d	205.808	498	0	0
a	206.023	499	0	0
s	206.023	499	1	0
a	206.059	500	1	0
d	206.07	499	1	1
s	206.07	500	1	0
d	206.085	500	0	0
a	206.226	501	0	0
s	206.226	501	1	0
a	206.266	502	1	0
d	206.51	501	1	1
s	206.51	502	1	0
d	206.668	502	0	0
a	206.834	503	0	0
s	206.834	503	1	0
d	206.972	503	0	0
a	207.14	504	0	0
s	207.14	504	1	0
d	207.225	504	0	0
a	207.457	505	0	0
s	207.457	505	1	0
d	207.464	505	0	0
a	207.513	506	0	0
s	207.513	506	1	0
d	207.607	506	0	0
a	207.71	507	0	0
s	207.71	507	1	0
d	207.768	507	0	0
a	207.802	508	0	0
s	207.802	508	1	0
d	207.808	508	0	0
a	207.863	509	0	0
s	207.863	509	1	0
d	207.894	509	0	0
a	208.052	510	0	0
s	208.052	510	1	0
a	208.056	511	1	0
d	208.112	510	1	1
s	208.112	511	1	0
d	208.223	511	0	0
a	209.695	512	0	0
s	209.695	512	1	0
d	209.71	512	0	0
a	209.96	513	0	0
s	209.96	513	1	0
d	209.98	513	0	0
a	210.054	514	0	0
s	210.054	514	1	0
d	210.062	514	0	0
a	210.51	515	0	0
s	210.51	515	1	0
d	210.647	515	0	0
a	210.649	516	0	0
s	210.649	516	1	0
d	210.685	516	0	0
a	210.72	517	0	0
s	210.72	517	1	0
a	210.917	518	1	0
d	210.941	517	1	1
s	210.941	518	1	0
d	210.945	518	0	0
a	211.696	519	0	0
s	211.696	519	1	0
a	211.743	520	1	0
d	211.808	519	1	1
s	211.808	520	1	0
a	212.068	521	1	0
d	212.104	520	1	1
s	212.104	521	1	0
d	212.114	521	0	0
a	212.671	522	0	0
s	212.671	522	1	0
a	212.71	523	1	0
d	213.018	522	1	1
s	213.018	523	1	0
a	213.212	524	1	0
d	213.267	523	1	1
s	213.267	524	1	0
d	213.34	524	0	0
a	213.68	525	0	0
s	213.68	525	1	0
d	213.771	525	0	0
a	213.939	526	0	0
s	213.939	526	1	0
d	213.992	526	0	0
a	214.039	527	0	0
s	214.039	527	1	0
a	214.084	528	1	0
d	214.145	527	1	1
s	214.145	528	1	0
a	214.371	529	1	0
d	214.396	528	1	1
s	214.396	529	1	0
d	214.453	529	0	0
a	214.987	530	0	0
s	214.987	530	1	0
d	215.007	530	0	0
a	215.169	531	0	0
s	215.169	531	1	0
d	215.283	531	0	0
a	215.353	532	0	0
s	215.353	532	1	0
a	215.368	533	1	0
d	215.395	532	1	1
s	215.395	533	1	0
a	215.452	534	1	0
d	215.46	533	1	1
s	215.46	534	1	0
a	215.469	535	1	0
d	215.504	534	1	1
s	215.504	535	1	0
d	215.637	535	0	0
a	216.077	536	0	0
s	216.077	536	1	0
d	216.1	536	0	0
a	216.347	537	0	0
s	216.347	537	1	0
d	216.472	537	0	0
a	216.556	538	0	0
s	216.556	538	1	0
d	216.565	538	0	0
a	216.596	539	0	0
s	216.596	539	1	0
d	216.738	539	0	0
a	216.823	540	0	0
s	216.823	540	1	0
a	216.831	541	1	0
d	216.97	540	1	1
s	216.97	541	1	0
d	216.977	541	0	0
a	218.449	542	0	0
s	218.449	542	1	0
d	218.478	542	0	0
a	218.515	543	0	0
s	218.515	543	1	0
d	218.573	543	0	0
a	218.635	544	0	0
s	218.635	544	1	0
d	218.735	544	0	0
a	219.078	545	0	0
s	219.078	545	1	0
a	219.129	546	1	0
d	219.345	545	1	1
s	219.345	546	1	0
d	219.459	546	0	0
a	220.661	547	0	0
s	220.661	547	1	0
d	220.715	547	0	0
a	221.187	548	0	0
s	221.187	548	1	0
d	221.31	548	0	0
a	222.033	549	0	0
s	222.033	549	1	0
a	222.033	550	1	0
d	222.058	549	1	1
s	222.058	550	1	0
d	222.177	550	0	0
a	225.413	551	0	0
s	225.413	551	1	0
d	225.467	551	0	0
a	225.848	552	0	0
s	225.848	552	1	0
d	225.958	552	0	0
a	226.032	553	0	0
s	226.032	553	1	0
a	226.094	554	1	0
d	226.116	553	1	1
s	226.116	554	1	0
d	226.168	554	0	0
a	227.225	555	0	0
s	227.225	555	1	0
d	227.24	555	0	0
a	227.409	556	0	0
s	227.409	556	1	0
d	227.414	556	0	0
a	228.017	557	0	0
s	228.017	557	1	0
d	228.041	557	0	0
a	228.258	558	0	0
s	228.258	558	1	0
d	228.323	558	0	0
a	228.56	559	0	0
s	228.56	559	1	0
d	228.6	559	0	0
a	228.807	560	0	0
s	228.807	560	1	0
a	228.835	561	1	0
d	228.983	560	1	1
s	228.983	561	1	0
d	229	561	0	0
a	229.33	562	0	0
s	229.33	562	1	0
d	229.332	562	0	0
a	229.337	563	0	0
s	229.337	563	1	0
d	229.404	563	0	0
a	229.823	564	0	0
s	229.823	564	1	0
a	229.933	565	1	0
d	230.121	564	1	1
s	230.121	565	1	0
d	230.145	565	0	0
a	230.766	566	0	0
s	230.766	566	1	0
a	230.941	567	1	0
d	231.052	566	1	1
s	231.052	567	1	0
d	231.154	567	0	0
a	231.695	568	0	0
s	231.695	568	1	0
d	231.719	568	0	0
a	231.837	569	0	0
s	231.837	569	1	0
d	231.849	569	0	0
a	232.022	570	0	0
s	232.022	570	1	0
d	232.078	570	0	0
a	232.183	571	0	0
s	232.183	571	1	0
d	232.218	571	0	0
a	232.296	572	0	0
s	232.296	572	1	0
d	232.35	572	0	0
a	232.396	573	0	0
s	232.396	573	1	0
d	232.56	573	0	0
a	232.592	574	0	0
s	232.592	574	1	0
a	232.612	575	1	0
d	232.618	574	1	1
s	232.618	575	1	0
d	232.639	575	0	0
a	232.79	576	0	0
s	232.79	576	1	0
d	232.836	576	0	0
a	232.923	577	0	0
s	232.923	577	1	0
d	232.94	577	0	0
a	232.961	578	0	0
s	232.961	578	1	0
d	232.993	578	0	0
a	233.035	579	0	0
s	233.035	579	1	0
d	233.083	579	0	0
a	233.22	580	0	0
s	233.22	580	1	0
a	233.224	581	1	0
d	233.233	580	1	1
s	233.233	581	1	0
d	233.371	581	0	0
a	233.552	582	0	0
s	233.552	582	1	0
d	233.619	582	0	0
a	233.871	583	0	0
s	233.871	583	1	0
d	233.884	583	0	0
a	234.226	584	0	0
s	234.226	584	1	0
a	234.291	585	1	0
d	234.416	584	1	1
s	234.416	585	1	0
d	234.416	585	0	0
a	234.75	586	0	0
s	234.75	586	1	0
d	234.81	586	0	0
a	235.022	587	0	0
s	235.022	587	1	0
d	235.029	587	0	0
a	235.062	588	0	0
s	235.062	588	1	0
d	235.293	588	0	0
a	235.469	589	0	0
s	235.469	589	1	0
d	235.485	589	0	0
a	235.662	590	0	0
s	235.662	590	1	0
d	235.689	590	0	0
a	236.208	591	0	0
s	236.208	591	1	0
d	236.32	591	0	0
a	237.033	592	0	0
s	237.033	592	1	0
a	237.232	593	1	0
d	237.292	592	1	1
s	237.292	593	1	0
d	237.438	593	0	0
a	238.693	594	0	0
s	238.693	594	1	0
d	238.7	594	0	0
a	238.796	595	0	0
s	238.796	595	1	0
a	238.824	596	1	0
d	238.854	595	1	1
s	238.854	596	1	0
d	238.998	596	0	0
a	239.819	597	0	0
s	239.819	597	1	0
d	239.831	597	0	0
a	240.581	598	0	0
s	240.581	598	1	0
d	240.842	598	0	0
a	241.057	599	0	0
s	241.057	599	1	0
d	241.151	599	0	0
a	241.286	600	0	0
s	241.286	600	1	0
d	241.293	600	0	0
a	241.323	601	0	0
s	241.323	601	1	0
d	241.379	601	0	0
a	241.464	602	0	0
s	241.464	602	1	0
a	241.481	603	1	0
d	241.557	602	1	1
s	241.557	603	1	0
d	241.775	603	0	0
a	242.081	604	0	0
s	242.081	604	1	0
d	242.158	604	0	0
a	242.508	605	0	0
s	242.508	605	1	0
d	242.611	605	0	0
a	242.724	606	0	0
s	242.724	606	1	0
d	242.729	606	0	0
a	243.502	607	0	0
s	243.502	607	1	0
d	243.508	607	0	0
a	243.551	608	0	0
s	243.551	608	1	0
d	243.577	608	0	0
a	243.602	609	0	0
s	243.602	609	1	0
d	243.631	609	0	0
a	243.699	610	0	0
s	243.699	610	1	0
d	244.012	610	0	0
a	244.288	611	0	0
s	244.288	611	1	0
d	244.347	611	0	0
a	244.36	612	0	0
s	244.36	612	1	0
d	244.56	612	0	0
a	244.61	613	0	0
s	244.61	613	1	0
d	244.641	613	0	0
a	244.831	614	0	0
s	244.831	614	1	0
d	244.937	614	0	0
a	244.966	615	0	0
s	244.966	615	1	0
d	244.975	615	0	0
a	244.978	616	0	0
s	244.978	616	1	0
d	244.985	616	0	0
a	245.007	617	0	0
s	245.007	617	1	0
a	245.02	618	1	0
d	245.064	617	1	1
s	245.064	618	1	0
d	245.182	618	0	0
a	247.665	619	0	0
s	247.665	619	1	0
d	247.725	619	0	0
a	247.875	620	0	0
s	247.875	620	1	0
a	248.305	621	1	0
d	248.546	620	1	1
s	248.546	621	1	0
d	248.606	621	0	0
a	249.123	622	0	0
s	249.123	622	1	0
d	249.132	622	0	0
a	249.166	623	0	0
s	249.166	623	1	0
d	249.323	623	0	0
a	249.358	624	0	0
s	249.358	624	1	0
d	249.383	624	0	0
a	249.385	625	0	0
s	249.385	625	1	0
d	249.394	625	0	0
a	249.509	626	0	0
s	249.509	626	1	0
d	249.553	626	0	0
a	249.786	627	0	0
s	249.786	627	1	0
d	249.835	627	0	0
a	249.874	628	0	0
s	249.874	628	1	0
a	249.884	629	1	0
d	249.908	628	1	1
s	249.908	629	1	0
a	250.077	630	1	0
d	250.101	629	1	1
s	250.101	630	1	0
d	250.107	630	0	0
a	250.137	631	0	0
s	250.137	631	1	0
d	250.358	631	0	0
a	250.564	632	0	0
s	250.564	632	1	0
a	250.576	633	1	0
d	250.931	632	1	1
s	250.931	633	1	0
d	250.958	633	0	0
a	251.538	634	0	0
s	251.538	634	1	0
a	251.71	635	1	0
d	251.71	634	1	1
s	251.71	635	1	0
d	251.803	635	0	0
a	254.105	636	0	0
s	254.105	636	1	0
a	254.109	637	1	0
d	254.215	636	1	1
s	254.215	637	1	0
d	254.504	637	0	0
a	254.974	638	0	0
s	254.974	638	1	0
d	255.126	638	0	0
a	255.563	639	0	0
s	255.563	639	1	0
a	255.667	640	1	0
d	255.696	639	1	1
s	255.696	640	1	0
a	255.775	641	1	0
d	255.806	640	1	1
s	255.806	641	1	0
d	255.851	641	0	0
a	256.326	642	0	0
s	256.326	642	1	0
d	256.39	642	0	0
a	256.428	643	0	0
s	256.428	643	1	0
d	256.511	643	0	0
a	257.205	644	0	0
s	257.205	644	1	0
a	257.209	645	1	0
d	257.245	644	1	1
s	257.245	645	1	0
d	257.503	645	0	0
a	257.867	646	0	0
s	257.867	646	1	0
d	257.92	646	0	0
a	257.935	647	0	0
s	257.935	647	1	0
a	258.033	648	1	0
d	258.103	647	1	1
s	258.103	648	1	0
d	258.231	648	0	0
a	258.916	649	0	0
s	258.916	649	1	0
a	258.924	650	1	0
d	258.972	649	1	1
s	258.972	650	1	0
d	259.269	650	0	0
a	259.668	651	0	0
s	259.668	651	1	0
d	259.695	651	0	0
a	260.442	652	0	0
s	260.442	652	1	0
d	260.473	652	0	0
a	260.596	653	0	0
s	260.596	653	1	0
d	260.72	653	0	0
a	260.766	654	0	0
s	260.766	654	1	0
d	260.81	654	0	0
a	261.248	655	0	0
s	261.248	655	1	0
d	261.256	655	0	0
a	261.986	656	0	0
s	261.986	656	1	0
a	262.043	657	1	0
d	262.139	656	1	1
s	262.139	657	1	0
d	262.251	657	0	0
a	262.255	658	0	0
s	262.255	658	1	0
a	262.307	659	1	0
d	262.386	658	1	1
s	262.386	659	1	0
d	262.541	659	0	0
a	262.908	660	0	0
s	262.908	660	1	0
d	262.969	660	0	0
a	263.641	661	0	0
s	263.641	661	1	0
a	263.765	662	1	0
d	263.835	661	1	1
s	263.835	662	1	0
d	263.913	662	0	0
a	266.65	663	0	0
s	266.65	663	1	0
d	266.729	663	0	0
a	266.961	664	0	0
s	266.961	664	1	0
d	266.98	664	0	0
a	266.983	665	0	0
s	266.983	665	1	0
d	267.018	665	0	0
a	267.15	666	0	0
s	267.15	666	1	0
d	267.185	666	0	0
a	267.399	667	0	0
s	267.399	667	1	0
d	267.473	667	0	0
a	267.747	668	0	0
s	267.747	668	1	0
d	267.822	668	0	0
a	267.971	669	0	0
s	267.971	669	1	0
d	268.058	669	0	0
a	268.739	670	0	0
s	268.739	670	1	0
d	268.819	670	0	0
a	268.98	671	0	0
s	268.98	671	1	0
d	269.09	671	0	0
a	269.773	672	0	0
s	269.773	672	1	0
a	269.806	673	1	0
d	269.833	672	1	1
s	269.833	673	1	0
d	269.879	673	0	0
a	272.712	674	0	0
s	272.712	674	1	0
d	272.732	674	0	0
a	272.885	675	0	0
s	272.885	675	1	0
a	272.916	676	1	0
d	273.036	675	1	1
s	273.036	676	1	0
d	273.316	676	0	0
a	273.789	677	0	0
s	273.789	677	1	0
a	273.806	678	1	0
d	273.858	677	1	1
s	273.858	678	1	0
d	274.012	678	0	0
a	274.118	679	0	0
s	274.118	679	1	0
a	274.21	680	1	0
d	274.28	679	1	1
s	274.28	680	1	0
d	274.301	680	0	0
a	274.608	681	0	0
s	274.608	681	1	0
d	274.612	681	0	0
a	275.012	682	0	0
s	275.012	682	1	0
d	275.135	682	0	0
a	275.676	683	0	0
s	275.676	683	1	0
a	275.86	684	1	0
d	276.243	683	1	1
s	276.243	684	1	0
d	276.414	684	0	0
a	277.805	685	0	0
s	277.805	685	1	0
d	277.867	685	0	0
a	278.024	686	0	0
s	278.024	686	1	0
d	278.059	686	0	0
a	278.187	687	0	0
s	278.187	687	1	0
d	278.214	687	0	0
a	278.338	688	0	0
s	278.338	688	1	0
a	278.469	689	1	0
d	278.628	688	1	1
s	278.628	689	1	0
d	278.654	689	0	0
a	280.815	690	0	0
s	280.815	690	1	0
a	280.935	691	1	0
d	281.074	690	1	1
s	281.074	691	1	0
d	281.126	691	0	0
a	281.34	692	0	0
s	281.34	692	1	0
d	281.423	692	0	0
a	281.425	693	0	0
s	281.425	693	1	0
d	281.485	693	0	0
a	281.828	694	0	0
s	281.828	694	1	0
d	282.007	694	0	0
a	282.044	695	0	0
s	282.044	695	1	0
a	282.062	696	1	0
d	282.09	695	1	1
s	282.09	696	1	0
d	282.171	696	0	0
a	283.252	697	0	0
s	283.252	697	1	0
d	283.273	697	0	0
a	283.548	698	0	0
s	283.548	698	1	0
d	283.594	698	0	0
a	283.817	699	0	0
s	283.817	699	1	0
d	283.967	699	0	0
a	284.095	700	0	0
s	284.095	700	1	0
a	284.152	701	1	0
d	284.158	700	1	1
s	284.158	701	1	0
d	284.483	701	0	0
a	284.588	702	0	0
s	284.588	702	1	0
d	284.602	702	0	0
a	284.667	703	0	0
s	284.667	703	1	0
d	284.765	703	0	0
a	284.846	704	0	0
s	284.846	704	1	0
d	284.871	704	0	0
a	285.314	705	0	0
s	285.314	705	1	0
d	285.322	705	0	0
a	285.518	706	0	0
s	285.518	706	1	0
d	285.535	706	0	0
a	285.557	707	0	0
s	285.557	707	1	0
d	285.582	707	0	0
a	285.874	708	0	0
s	285.874	708	1	0
d	285.917	708	0	0
a	285.922	709	0	0
s	285.922	709	1	0
d	285.966	709	0	0
a	285.981	710	0	0
s	285.981	710	1	0
d	286.051	710	0	0
a	286.165	711	0	0
s	286.165	711	1	0
d	286.197	711	0	0
a	286.303	712	0	0
s	286.303	712	1	0
d	286.333	712	0	0
a	286.546	713	0	0
s	286.546	713	1	0
a	286.57	714	1	0
d	286.596	713	1	1
s	286.596	714	1	0
d	286.618	714	0	0
a	287.066	715	0	0
s	287.066	715	1	0
d	287.131	715	0	0
a	287.706	716	0	0
s	287.706	716	1	0
d	287.753	716	0	0
a	287.874	717	0	0
s	287.874	717	1	0
d	287.894	717	0	0
a	288.133	718	0	0
s	288.133	718	1	0
d	288.187	718	0	0
a	288.244	719	0	0
s	288.244	719	1	0
a	288.257	720	1	0
d	288.324	719	1	1
s	288.324	720	1	0
d	288.368	720	0	0
a	288.896	721	0	0
s	288.896	721	1	0
d	288.957	721	0	0
a	289.327	722	0	0
s	289.327	722	1	0
a	289.539	723	1	0
d	289.778	722	1	1
s	289.778	723	1	0
d	289.884	723	0	0
a	289.884	724	0	0
s	289.884	724	1	0
d	289.966	724	0	0
a	290.07	725	0	0
s	290.07	725	1	0
d	290.118	725	0	0
a	290.269	726	0	0
s	290.269	726	1	0
d	290.582	726	0	0
a	290.64	727	0	0
s	290.64	727	1	0
d	290.802	727	0	0
a	291.057	728	0	0
s	291.057	728	1	0
a	291.229	729	1	0
d	291.259	728	1	1
s	291.259	729	1	0
d	291.284	729	0	0
a	292.728	730	0	0
s	292.728	730	1	0
d	292.742	730	0	0
a	292.855	731	0	0
s	292.855	731	1	0
d	292.991	731	0	0
a	293.023	732	0	0
s	293.023	732	1	0
d	293.053	732	0	0
a	293.553	733	0	0
s	293.553	733	1	0
d	293.602	733	0	0
a	294.157	734	0	0
s	294.157	734	1	0
d	294.47	734	0	0
a	294.499	735	0	0
s	294.499	735	1	0
d	294.539	735	0	0
a	294.807	736	0	0
s	294.807	736	1	0
d	294.811	736	0	0
a	294.839	737	0	0
s	294.839	737	1	0
d	294.924	737	0	0
a	294.959	738	0	0
s	294.959	738	1	0
a	295.001	739	1	0
d	295.064	738	1	1
s	295.064	739	1	0
d	295.349	739	0	0
a	296.219	740	0	0
s	296.219	740	1	0
d	296.505	740	0	0
a	296.655	741	0	0
s	296.655	741	1	0
d	296.747	741	0	0
a	297.104	742	0	0
s	297.104	742	1	0
a	297.104	743	1	0
d	297.109	742	1	1
s	297.109	743	1	0
d	297.126	743	0	0
a	297.874	744	0	0
s	297.874	744	1	0
d	297.875	744	0	0
a	298.504	745	0	0
s	298.504	745	1	0
a	298.808	746	1	0
d	299.147	745	1	1
s	299.147	746	1	0
d	299.215	746	0	0
a	299.424	747	0	0
s	299.424	747	1	0
a	299.465	748	1	0
d	299.56	747	1	1
s	299.56	748	1	0
a	299.577	749	1	0
d	299.619	748	1	1
s	299.619	749	1	0
d	299.699	749	0	0
a	300.615	750	0	0
s	300.615	750	1	0
d	300.624	750	0	0
a	300.773	751	0	0
s	300.773	751	1	0
d	300.803	751	0	0
a	300.818	752	0	0
s	300.818	752	1	0
d	300.916	752	0	0
a	301.018	753	0	0
s	301.018	753	1	0
d	301.04	753	0	0
a	302.101	754	0	0
s	302.101	754	1	0
d	302.305	754	0	0
a	302.329	755	0	0
s	302.329	755	1	0
d	302.443	755	0	0
a	302.555	756	0	0
s	302.555	756	1	0
a	302.577	757	1	0
d	302.594	756	1	1
s	302.594	757	1	0
d	302.663	757	0	0
a	303.225	758	0	0
s	303.225	758	1	0
d	303.227	758	0	0
a	303.297	759	0	0
s	303.297	759	1	0
a	303.556	760	1	0
d	303.567	759	1	1
s	303.567	760	1	0
d	303.568	760	0	0
a	304.443	761	0	0
s	304.443	761	1	0
d	304.449	761	0	0
a	304.568	762	0	0
s	304.568	762	1	0
d	304.604	762	0	0
a	304.869	763	0	0
s	304.869	763	1	0
d	304.926	763	0	0
a	305.046	764	0	0
s	305.046	764	1	0
d	305.075	764	0	0
a	305.576	765	0	0
s	305.576	765	1	0
a	305.581	766	1	0
d	305.599	765	1	1
s	305.599	766	1	0
d	305.697	766	0	0
a	305.903	767	0	0
s	305.903	767	1	0
d	305.972	767	0	0
a	305.974	768	0	0
s	305.974	768	1	0
d	306.083	768	0	0
a	306.16	769	0	0
s	306.16	769	1	0
d	306.345	769	0	0
a	306.674	770	0	0
s	306.674	770	1	0
d	306.842	770	0	0
a	306.92	771	0	0
s	306.92	771	1	0
a	307.002	772	1	0
d	307.17	771	1	1
s	307.17	772	1	0
d	307.196	772	0	0
a	308.315	773	0	0
s	308.315	773	1	0
a	308.321	774	1	0
d	308.328	773	1	1
s	308.328	774	1	0
d	308.467	774	0	0
a	309.487	775	0	0
s	309.487	775	1	0
d	309.567	775	0	0
a	309.795	776	0	0
s	309.795	776	1	0
d	309.85	776	0	0
a	310.113	777	0	0
s	310.113	777	1	0
a	310.158	778	1	0
d	310.164	777	1	1
s	310.164	778	1	0
d	310.225	778	0	0
a	310.24	779	0	0
s	310.24	779	1	0
a	310.321	780	1	0
d	310.584	779	1	1
s	310.584	780	1	0
d	310.921	780	0	0
a	311.409	781	0	0
s	311.409	781	1	0
d	311.426	781	0	0
a	311.473	782	0	0
s	311.473	782	1	0
a	311.707	783	1	0
d	311.737	782	1	1
s	311.737	783	1	0
d	311.751	783	0	0
a	312.415	784	0	0
s	312.415	784	1	0
d	312.484	784	0	0
a	312.76	785	0	0
s	312.76	785	1	0
d	312.803	785	0	0
a	313.205	786	0	0
s	313.205	786	1	0
d	313.279	786	0	0
a	313.326	787	0	0
s	313.326	787	1	0
a	313.357	788	1	0
d	313.568	787	1	1
s	313.568	788	1	0
d	313.587	788	0	0
a	315.664	789	0	0
s	315.664	789	1	0
d	315.748	789	0	0
a	316.276	790	0	0
s	316.276	790	1	0
d	316.289	790	0	0
a	316.464	791	0	0
s	316.464	791	1	0
d	316.58	791	0	0
a	316.765	792	0	0
s	316.765	792	1	0
a	316.778	793	1	0
d	316.792	792	1	1
s	316.792	793	1	0
d	316.821	793	0	0
a	317.442	794	0	0
s	317.442	794	1	0
d	317.473	794	0	0
a	317.51	795	0	0
s	317.51	795	1	0
a	317.512	796	1	0
d	317.564	795	1	1
s	317.564	796	1	0
d	317.57	796	0	0
a	320.44	797	0	0
s	320.44	797	1	0
a	320.63	798	1	0
d	320.758	797	1	1
s	320.758	798	1	0
d	321.098	798	0	0
a	321.665	799	0	0
s	321.665	799	1	0
d	321.681	799	0	0
a	322.118	800	0	0
s	322.118	800	1	0
d	322.152	800	0	0
a	322.707	801	0	0
s	322.707	801	1	0
a	322.728	802	1	0
d	322.95	801	1	1
s	322.95	802	1	0
d	323.014	802	0	0
a	323.182	803	0	0
s	323.182	803	1	0
d	323.202	803	0	0
a	323.647	804	0	0
s	323.647	804	1	0
a	323.703	805	1	0
d	323.709	804	1	1
s	323.709	805	1	0
d	323.726	805	0	0
a	323.95	806	0	0
s	323.95	806	1	0
a	323.956	807	1	0
d	323.998	806	1	1
s	323.998	807	1	0
d	324.009	807	0	0
a	324.248	808	0	0
s	324.248	808	1	0
a	324.31	809	1	0
d	324.357	808	1	1
s	324.357	809	1	0
d	324.443	809	0	0
a	324.446	810	0	0
s	324.446	810	1	0
a	324.563	811	1	0
d	324.9	810	1	1
s	324.9	811	1	0
d	325.03	811	0	0
a	325.986	812	0	0
s	325.986	812	1	0
a	326.011	813	1	0
d	326.132	812	1	1
s	326.132	813	1	0
a	326.199	814	1	0
d	326.213	813	1	1
s	326.213	814	1	0
d	326.297	814	0	0
a	327.023	815	0	0
s	327.023	815	1	0
a	327.104	816	1	0
d	327.14	815	1	1
s	327.14	816	1	0
d	327.324	816	0	0
a	327.823	817	0	0
s	327.823	817	1	0
a	327.838	818	1	0
d	327.877	817	1	1
s	327.877	818	1	0
d	327.892	818	0	0
a	328.576	819	0	0
s	328.576	819	1	0
d	328.644	819	0	0
a	328.669	820	0	0
s	328.669	820	1	0
d	328.728	820	0	0
a	328.741	821	0	0
s	328.741	821	1	0
d	328.797	821	0	0
a	328.987	822	0	0
s	328.987	822	1	0
a	328.988	823	1	0
d	329	822	1	1
s	329	823	1	0
d	329.015	823	0	0
a	330.023	824	0	0
s	330.023	824	1	0
d	330.065	824	0	0
a	330.112	825	0	0
s	330.112	825	1	0
d	330.133	825	0	0
a	330.138	826	0	0
s	330.138	826	1	0
a	330.167	827	1	0
d	330.182	826	1	1
s	330.182	827	1	0
d	330.503	827	0	0
a	331.24	828	0	0
s	331.24	828	1	0
a	331.278	829	1	0
a	331.286	830	1	1
d	331.383	828	1	2
s	331.383	829	1	1
d	331.416	829	1	1
s	331.416	830	1	0
d	331.438	830	0	0
a	332.529	831	0	0
s	332.529	831	1	0
d	332.559	831	0	0
a	332.658	832	0	0
s	332.658	832	1	0
a	332.724	833	1	0
d	332.834	832	1	1
s	332.834	833	1	0
d	332.966	833	0	0
a	333.19	834	0	0
s	333.19	834	1	0
a	333.243	835	1	0
d	333.385	834	1	1
s	333.385	835	1	0
d	333.42	835	0	0
a	333.778	836	0	0
s	333.778	836	1	0
d	333.804	836	0	0
a	334.149	837	0	0
s	334.149	837	1	0
d	334.196	837	0	0
a	334.573	838	0	0
s	334.573	838	1	0
d	334.633	838	0	0
a	334.798	839	0	0
s	334.798	839	1	0
d	334.81	839	0	0
a	334.837	840	0	0
s	334.837	840	1	0
d	334.868	840	0	0
a	334.936	841	0	0
s	334.936	841	1	0
d	335.047	841	0	0
a	335.424	842	0	0
s	335.424	842	1	0
d	335.46	842	0	0
a	335.467	843	0	0
s	335.467	843	1	0
a	335.533	844	1	0
d	335.579	843	1	1
s	335.579	844	1	0
d	335.68	844	0	0
a	336.246	845	0	0
s	336.246	845	1	0
a	336.285	846	1	0
d	336.308	845	1	1
s	336.308	846	1	0
d	336.49	846	0	0
a	337.279	847	0	0
s	337.279	847	1	0
a	337.327	848	1	0
d	337.454	847	1	1
s	337.454	848	1	0
a	337.457	849	1	0
d	337.768	848	1	1
s	337.768	849	1	0
d	337.769	849	0	0
a	338.863	850	0	0
s	338.863	850	1	0
d	338.872	850	0	0
a	338.904	851	0	0
s	338.904	851	1	0
d	338.974	851	0	0
a	339.118	852	0	0
s	339.118	852	1	0
a	339.204	853	1	0
d	339.23	852	1	1
s	339.23	853	1	0
d	339.352	853	0	0
a	342.124	854	0	0
s	342.124	854	1	0
a	342.134	855	1	0
d	342.345	854	1	1
s	342.345	855	1	0
d	342.78	855	0	0
a	343.034	856	0	0
s	343.034	856	1	0
d	343.051	856	0	0
a	343.755	857	0	0
s	343.755	857	1	0
d	343.8	857	0	0
a	344.45	858	0	0
s	344.45	858	1	0
d	344.504	858	0	0
a	345.293	859	0	0
s	345.293	859	1	0
a	345.502	860	1	0
d	345.534	859	1	1
s	345.534	860	1	0
d	345.857	860	0	0
a	346.228	861	0	0
s	346.228	861	1	0
d	346.24	861	0	0
a	346.838	862	0	0
s	346.838	862	1	0
d	346.925	862	0	0
a	347.09	863	0	0
s	347.09	863	1	0
d	347.138	863	0	0
a	347.151	864	0	0
s	347.151	864	1	0
d	347.163	864	0	0
a	347.191	865	0	0
s	347.191	865	1	0
d	347.258	865	0	0
a	347.344	866	0	0
s	347.344	866	1	0
d	347.394	866	0	0
a	347.525	867	0	0
s	347.525	867	1	0
d	347.688	867	0	0
a	347.849	868	0	0
s	347.849	868	1	0
d	347.875	868	0	0
a	347.919	869	0	0
s	347.919	869	1	0
d	348.017	869	0	0
a	348.251	870	0	0
s	348.251	870	1	0
d	348.253	870	0	0
a	348.486	871	0	0
s	348.486	871	1	0
d	348.539	871	0	0
a	348.681	872	0	0
s	348.681	872	1	0
a	348.834	873	1	0
d	348.844	872	1	1
s	348.844	873	1	0
d	348.966	873	0	0
a	349.425	874	0	0
s	349.425	874	1	0
d	349.486	874	0	0
a	350.143	875	0	0
s	350.143	875	1	0
d	350.259	875	0	0
a	350.358	876	0	0
s	350.358	876	1	0
d	350.366	876	0	0
a	350.553	877	0	0
s	350.553	877	1	0
d	350.709	877	0	0
a	350.859	878	0	0
s	350.859	878	1	0
d	350.862	878	0	0
a	351.408	879	0	0
s	351.408	879	1	0
d	351.51	879	0	0
a	351.634	880	0	0
s	351.634	880	1	0
d	351.724	880	0	0
a	352.031	881	0	0
s	352.031	881	1	0
d	352.055	881	0	0
a	352.192	882	0	0
s	352.192	882	1	0
d	352.216	882	0	0
a	352.224	883	0	0
s	352.224	883	1	0
d	352.253	883	0	0
a	352.513	884	0	0
s	352.513	884	1	0
d	352.62	884	0	0
a	352.675	885	0	0
s	352.675	885	1	0
a	352.757	886	1	0
d	352.864	885	1	1
s	352.864	886	1	0
d	352.998	886	0	0
a	353.161	887	0	0
s	353.161	887	1	0
a	353.396	888	1	0
d	353.569	887	1	1
s	353.569	888	1	0
d	353.698	888	0	0
a	354.242	889	0	0
s	354.242	889	1	0
d	354.277	889	0	0
a	354.339	890	0	0
s	354.339	890	1	0
d	354.435	890	0	0
a	354.63	891	0	0
s	354.63	891	1	0
d	354.653	891	0	0
a	354.746	892	0	0
s	354.746	892	1	0
a	354.917	893	1	0
d	354.924	892	1	1
s	354.924	893	1	0
d	355.052	893	0	0
a	359.267	894	0	0
s	359.267	894	1	0
a	359.347	895	1	0
d	359.363	894	1	1
s	359.363	895	1	0
d	359.459	895	0	0
a	359.621	896	0	0
s	359.621	896	1	0
d	359.705	896	0	0
a	359.85	897	0	0
s	359.85	897	1	0
a	359.874	898	1	0
d	359.962	897	1	1
s	359.962	898	1	0
d	360.048	898	0	0
a	360.803	899	0	0
s	360.803	899	1	0
d	360.819	899	0	0
a	360.879	900	0	0
s	360.879	900	1	0
d	360.951	900	0	0
a	361.057	901	0	0
s	361.057	901	1	0
d	361.129	901	0	0
a	361.138	902	0	0
s	361.138	902	1	0
d	361.207	902	0	0
a	361.254	903	0	0
s	361.254	903	1	0
d	361.439	903	0	0
a	361.605	904	0	0
s	361.605	904	1	0
d	361.62	904	0	0
a	361.694	905	0	0
s	361.694	905	1	0
a	361.761	906	1	0
d	361.836	905	1	1
s	361.836	906	1	0
d	361.928	906	0	0
a	363.182	907	0	0
s	363.182	907	1	0
d	363.208	907	0	0
a	363.383	908	0	0
s	363.383	908	1	0
d	363.387	908	0	0
a	364.093	909	0	0
s	364.093	909	1	0
d	364.109	909	0	0
a	364.571	910	0	0
s	364.571	910	1	0
d	364.693	910	0	0
a	364.842	911	0	0
s	364.842	911	1	0
a	365.119	912	1	0
d	365.31	911	1	1
s	365.31	912	1	0
d	365.407	912	0	0
a	365.902	913	0	0
s	365.902	913	1	0
d	365.934	913	0	0
a	366.105	914	0	0
s	366.105	914	1	0
a	366.185	915	1	0
d	366.401	914	1	1
s	366.401	915	1	0
a	366.421	916	1	0
a	366.421	917	1	1
a	366.44	918	1	2
d	366.504	915	1	3
s	366.504	916	1	2
d	366.603	916	1	2
s	366.603	917	1	1
d	366.69	917	1	1
s	366.69	918	1	0
d	366.863	918	0	0
a	367.514	919	0	0
s	367.514	919	1	0
a	367.548	920	1	0
d	367.631	919	1	1
s	367.631	920	1	0
d	367.644	920	0	0
a	368.184	921	0	0
s	368.184	921	1	0
a	368.303	922	1	0
d	368.433	921	1	1
s	368.433	922	1	0
d	368.439	922	0	0
a	368.502	923	0	0
s	368.502	923	1	0
d	368.514	923	0	0
a	368.919	924	0	0
s	368.919	924	1	0
d	368.974	924	0	0
a	369.772	925	0	0
s	369.772	925	1	0
d	369.801	925	0	0
a	369.87	926	0	0
s	369.87	926	1	0
a	369.88	927	1	0
d	369.9	926	1	1
s	369.9	927	1	0
d	369.953	927	0	0
a	370.113	928	0	0
s	370.113	928	1	0
d	370.323	928	0	0
a	370.492	929	0	0
s	370.492	929	1	0
a	370.527	930	1	0
d	370.531	929	1	1
s	370.531	930	1	0
d	370.646	930	0	0
a	371.149	931	0	0
s	371.149	931	1	0
d	371.191	931	0	0
a	371.83	932	0	0
s	371.83	932	1	0
a	371.942	933	1	0
d	372.232	932	1	1
s	372.232	933	1	0
d	372.308	933	0	0
a	373.253	934	0	0
s	373.253	934	1	0
a	373.424	935	1	0
d	373.473	934	1	1
s	373.473	935	1	0
d	373.504	935	0	0
a	373.64	936	0	0
s	373.64	936	1	0
a	373.651	937	1	0
d	373.699	936	1	1
s	373.699	937	1	0
d	373.786	937	0	0
a	373.816	938	0	0
s	373.816	938	1	0
d	373.832	938	0	0
a	373.896	939	0	0
s	373.896	939	1	0
d	373.912	939	0	0
a	373.993	940	0	0
s	373.993	940	1	0
d	374.122	940	0	0
a	374.251	941	0	0
s	374.251	941	1	0
d	374.393	941	0	0
a	374.581	942	0	0
s	374.581	942	1	0
a	374.674	943	1	0
d	374.804	942	1	1
s	374.804	943	1	0
d	374.805	943	0	0
a	376.885	944	0	0
s	376.885	944	1	0
d	377.003	944	0	0
a	377.128	945	0	0
s	377.128	945	1	0
d	377.159	945	0	0
a	377.29	946	0	0
s	377.29	946	1	0
a	377.439	947	1	0
d	377.788	946	1	1
s	377.788	947	1	0
d	377.801	947	0	0
a	377.902	948	0	0
s	377.902	948	1	0
d	377.918	948	0	0
a	378.235	949	0	0
s	378.235	949	1	0
d	378.257	949	0	0
a	378.864	950	0	0
s	378.864	950	1	0
d	378.935	950	0	0
a	379.839	951	0	0
s	379.839	951	1	0
a	379.906	952	1	0
d	379.944	951	1	1
s	379.944	952	1	0
d	380.014	952	0	0
a	380.436	953	0	0
s	380.436	953	1	0
d	380.47	953	0	0
a	380.489	954	0	0
s	380.489	954	1	0
d	380.627	954	0	0
a	380.834	955	0	0
s	380.834	955	1	0
d	380.871	955	0	0
a	381.001	956	0	0
s	381.001	956	1	0
d	381.096	956	0	0
a	381.169	957	0	0
s	381.169	957	1	0
d	381.195	957	0	0
a	381.428	958	0	0
s	381.428	958	1	0
d	381.437	958	0	0
a	381.44	959	0	0
s	381.44	959	1	0
d	381.549	959	0	0
a	381.7	960	0	0
s	381.7	960	1	0
d	381.715	960	0	0
a	382.122	961	0	0
s	382.122	961	1	0
a	382.398	962	1	0
d	382.418	961	1	1
s	382.418	962	1	0
d	382.523	962	0	0
a	382.824	963	0	0
s	382.824	963	1	0
d	382.961	963	0	0
a	383.054	964	0	0
s	383.054	964	1	0
a	383.177	965	1	0
d	383.237	964	1	1
s	383.237	965	1	0
d	383.412	965	0	0
a	383.84	966	0	0
s	383.84	966	1	0
a	383.9	967	1	0
d	384.01	966	1	1
s	384.01	967	1	0
d	384.078	967	0	0
a	385.189	968	0	0
s	385.189	968	1	0
a	385.19	969	1	0
d	385.54	968	1	1
s	385.54	969	1	0
d	385.554	969	0	0
a	388.035	970	0	0
s	388.035	970	1	0
d	388.084	970	0	0
a	388.227	971	0	0
s	388.227	971	1	0
d	388.309	971	0	0
a	388.376	972	0	0
s	388.376	972	1	0
d	388.505	972	0	0
a	388.965	973	0	0
s	388.965	973	1	0
a	388.974	974	1	0
d	389.256	973	1	1
s	389.256	974	1	0
d	389.27	974	0	0
a	389.411	975	0	0
s	389.411	975	1	0
a	389.528	976	1	0
d	389.589	975	1	1
s	389.589	976	1	0
d	389.591	976	0	0
a	390.647	977	0	0
s	390.647	977	1	0
a	390.674	978	1	0
d	390.771	977	1	1
s	390.771	978	1	0
d	390.787	978	0	0
a	391.047	979	0	0
s	391.047	979	1	0
a	391.075	980	1	0
d	391.208	979	1	1
s	391.208	980	1	0
d	391.552	980	0	0
a	392.478	981	0	0
s	392.478	981	1	0
d	392.523	981	0	0
a	392.634	982	0	0
s	392.634	982	1	0
a	392.671	983	1	0
d	392.72	982	1	1
s	392.72	983	1	0
d	392.789	983	0	0
a	393.409	984	0	0
s	393.409	984	1	0
d	393.459	984	0	0
a	393.517	985	0	0
s	393.517	985	1	0
a	393.609	986	1	0
d	393.702	985	1	1
s	393.702	986	1	0
d	393.876	986	0	0
a	394.154	987	0	0
s	394.154	987	1	0
a	394.413	988	1	0
d	394.519	987	1	1
s	394.519	988	1	0
a	394.615	989	1	0
a	394.637	990	1	1
d	394.659	988	1	2
s	394.659	989	1	1
d	394.686	989	1	1
s	394.686	990	1	0
d	395.016	990	0	0
a	395.661	991	0	0
s	395.661	991	1	0
d	395.94	991	0	0
a	396.227	992	0	0
s	396.227	992	1	0
a	396.234	993	1	0
d	396.292	992	1	1
s	396.292	993	1	0
d	396.296	993	0	0
a	398.236	994	0	0
s	398.236	994	1	0
d	398.28	994	0	0
a	398.339	995	0	0
s	398.339	995	1	0
d	398.346	995	0	0
a	398.568	996	0	0
s	398.568	996	1	0
d	398.598	996	0	0
a	399.261	997	0	0
s	399.261	997	1	0
d	399.273	997	0	0
a	399.426	998	0	0
s	399.426	998	1	0
d	399.619	998	0	0
a	399.668	999	0	0
s	399.668	999	1	0
d	399.774	999	0	0
a	400.024	1000	0	0
s	400.024	1000	1	0
d	400.036	1000	0	0
