trace file for the simulation
format of the file
<event> <time> <item id> <server status> <queue size>

a	3.7031	1	0	0
s	3.7031	1	1	0
d	3.9159	1	0	0
a	4.77646	2	0	0
s	4.77646	2	1	0
d	4.87378	2	0	0
a	4.90281	3	0	0
s	4.90281	3	1	0
d	4.95882	3	0	0
a	5.0044	4	0	0
s	5.0044	4	1	0
d	5.0543	4	0	0
a	5.36328	5	0	0
s	5.36328	5	1	0
d	5.40437	5	0	0
a	5.52263	6	0	0
s	5.52263	6	1	0
d	5.62701	6	0	0
a	6.09544	7	0	0
s	6.09544	7	1	0
a	6.14429	8	1	0
d	6.14526	7	1	1
s	6.14526	8	1	0
d	6.21067	8	0	0
a	6.27863	9	0	0
s	6.27863	9	1	0
d	6.28314	9	0	0
a	6.29407	10	0	0
s	6.29407	10	1	0
d	6.35581	10	0	0
a	6.68399	11	0	0
s	6.68399	11	1	0
a	6.71364	12	1	0
d	6.82867	11	1	1
s	6.82867	12	1	0
d	6.85356	12	0	0
a	7.02687	13	0	0
s	7.02687	13	1	0
d	7.07605	13	0	0
a	7.21395	14	0	0
s	7.21395	14	1	0
a	7.24879	15	1	0
d	7.33526	14	1	1
s	7.33526	15	1	0
d	7.43312	15	0	0
a	8.65057	16	0	0
s	8.65057	16	1	0
d	8.65904	16	0	0
a	8.90813	17	0	0
s	8.90813	17	1	0
a	9.01437	18	1	0
d	9.038	17	1	1
s	9.038	18	1	0
d	9.05572	18	0	0
a	9.44389	19	0	0
s	9.44389	19	1	0
d	9.44911	19	0	0
a	9.50292	20	0	0
s	9.50292	20	1	0
a	9.60541	21	1	0
d	9.72523	20	1	1
s	9.72523	21	1	0
d	9.75602	21	0	0
a	11.3509	22	0	0
s	11.3509	22	1	0
a	11.3612	23	1	0
d	11.5423	22	1	1
s	11.5423	23	1	0
d	11.579	23	0	0
a	11.7522	24	0	0
s	11.7522	24	1	0
d	11.8716	24	0	0
a	11.9226	25	0	0
s	11.9226	25	1	0
a	11.9294	26	1	0
a	12.1794	27	1	1
d	12.188	25	1	2
s	12.188	26	1	1
d	12.3607	26	1	1
s	12.3607	27	1	0
a	12.5101	28	1	0
d	12.5468	27	1	1
s	12.5468	28	1	0
d	12.578	28	0	0
a	14.1689	29	0	0
s	14.1689	29	1	0
d	14.21	29	0	0
a	14.3395	30	0	0
s	14.3395	30	1	0
a	14.3499	31	1	0
d	14.5652	30	1	1
s	14.5652	31	1	0
d	14.6403	31	0	0
a	14.8416	32	0	0
s	14.8416	32	1	0
a	14.8451	33	1	0
d	14.9719	32	1	1
s	14.9719	33	1	0
d	15.0021	33	0	0
a	16.8714	34	0	0
s	16.8714	34	1	0
d	16.9182	34	0	0
a	16.9553	35	0	0
s	16.9553	35	1	0
a	16.9896	36	1	0
d	17.1173	35	1	1
s	17.1173	36	1	0
d	17.3381	36	0	0
a	20.0567	37	0	0
s	20.0567	37	1	0
d	20.2125	37	0	0
a	20.4883	38	0	0
s	20.4883	38	1	0
d	20.9133	38	0	0
a	20.923	39	0	0
s	20.923	39	1	0
a	20.9799	40	1	0
d	21.0018	39	1	1
s	21.0018	40	1	0
d	21.0628	40	0	0
a	21.5409	41	0	0
s	21.5409	41	1	0
d	21.6646	41	0	0
a	21.7066	42	0	0
s	21.7066	42	1	0
a	21.8163	43	1	0
d	21.8526	42	1	1
s	21.8526	43	1	0
d	21.899	43	0	0
a	22.0869	44	0	0
s	22.0869	44	1	0
a	22.1025	45	1	0
d	22.1231	44	1	1
s	22.1231	45	1	0
d	22.2322	45	0	0
a	22.4347	46	0	0
s	22.4347	46	1	0
d	22.4352	46	0	0
a	22.5911	47	0	0
s	22.5911	47	1	0
d	22.5913	47	0	0
a	23.0567	48	0	0
s	23.0567	48	1	0
d	23.1037	48	0	0
a	23.5288	49	0	0
s	23.5288	49	1	0
a	23.543	50	1	0
d	23.6114	49	1	1
s	23.6114	50	1	0
d	23.6225	50	0	0
a	24.8166	51	0	0
s	24.8166	51	1	0
d	24.8929	51	0	0
a	24.9195	52	0	0
s	24.9195	52	1	0
a	24.9509	53	1	0
d	24.9649	52	1	1
s	24.9649	53	1	0
d	25.012	53	0	0
a	26.0138	54	0	0
s	26.0138	54	1	0
d	26.1184	54	0	0
a	26.1546	55	0	0
s	26.1546	55	1	0
a	26.2147	56	1	0
d	26.4067	55	1	1
s	26.4067	56	1	0
d	26.4619	56	0	0
a	26.935	57	0	0
s	26.935	57	1	0
a	27.0477	58	1	0
d	27.0505	57	1	1
s	27.0505	58	1	0
d	27.2254	58	0	0
a	27.2847	59	0	0
s	27.2847	59	1	0
d	27.2987	59	0	0
a	27.3169	60	0	0
s	27.3169	60	1	0
d	27.3464	60	0	0
a	27.6899	61	0	0
s	27.6899	61	1	0
d	27.8017	61	0	0
a	28.1967	62	0	0
s	28.1967	62	1	0
a	28.2857	63	1	0
d	28.4536	62	1	1
s	28.4536	63	1	0
d	28.543	63	0	0
a	29.3072	64	0	0
s	29.3072	64	1	0
d	29.3114	64	0	0
a	29.3343	65	0	0
s	29.3343	65	1	0
d	29.3664	65	0	0
a	29.575	66	0	0
s	29.575	66	1	0
d	29.5808	66	0	0
a	29.9874	67	0	0
s	29.9874	67	1	0
a	30.0358	68	1	0
d	30.2596	67	1	1
s	30.2596	68	1	0
d	30.3021	68	0	0
a	31.5828	69	0	0
s	31.5828	69	1	0
a	31.7244	70	1	0
d	31.7995	69	1	1
s	31.7995	70	1	0
d	31.8694	70	0	0
a	32.2543	71	0	0
s	32.2543	71	1	0
d	32.3472	71	0	0
a	33.2812	72	0	0
s	33.2812	72	1	0
d	33.3158	72	0	0
a	33.7405	73	0	0
s	33.7405	73	1	0
a	33.7699	74	1	0
d	33.7878	73	1	1
s	33.7878	74	1	0
d	33.8169	74	0	0
a	34.3252	75	0	0
s	34.3252	75	1	0
d	34.4986	75	0	0
a	34.5218	76	0	0
s	34.5218	76	1	0
a	34.5317	77	1	0
d	34.5515	76	1	1
s	34.5515	77	1	0
d	34.9096	77	0	0
a	36.7166	78	0	0
s	36.7166	78	1	0
d	36.8691	78	0	0
a	37.2604	79	0	0
s	37.2604	79	1	0
d	37.3075	79	0	0
a	37.4756	80	0	0
s	37.4756	80	1	0
d	37.5897	80	0	0
a	37.6757	81	0	0
s	37.6757	81	1	0
d	37.7171	81	0	0
a	37.7198	82	0	0
s	37.7198	82	1	0
d	37.7412	82	0	0
a	37.8481	83	0	0
s	37.8481	83	1	0
a	37.8932	84	1	0
d	37.8973	83	1	1
s	37.8973	84	1	0
d	38.0906	84	0	0
a	39.946	85	0	0
s	39.946	85	1	0
a	39.9682	86	1	0
d	39.9698	85	1	1
s	39.9698	86	1	0
d	39.9994	86	0	0
a	40.9342	87	0	0
s	40.9342	87	1	0
d	41.2265	87	0	0
a	41.4358	88	0	0
s	41.4358	88	1	0
d	41.521	88	0	0
a	41.9073	89	0	0
s	41.9073	89	1	0
a	41.9303	90	1	0
d	42.0425	89	1	1
s	42.0425	90	1	0
d	42.2345	90	0	0
a	42.7409	91	0	0
s	42.7409	91	1	0
a	42.9588	92	1	0
d	43.0244	91	1	1
s	43.0244	92	1	0
d	43.0299	92	0	0
a	43.7507	93	0	0
s	43.7507	93	1	0
d	43.8426	93	0	0
a	44.0352	94	0	0
s	44.0352	94	1	0
d	44.0887	94	0	0
a	44.3084	95	0	0
s	44.3084	95	1	0
d	44.314	95	0	0
a	44.4747	96	0	0
s	44.4747	96	1	0
d	44.4863	96	0	0
a	45.4622	97	0	0
s	45.4622	97	1	0
d	45.4683	97	0	0
a	45.5638	98	0	0
s	45.5638	98	1	0
d	45.5879	98	0	0
a	45.6739	99	0	0
s	45.6739	99	1	0
d	45.8688	99	0	0
a	45.9747	100	0	0
s	45.9747	100	1	0
d	46.0706	100	0	0
a	47.0658	101	0	0
s	47.0658	101	1	0
d	47.153	101	0	0
a	47.5654	102	0	0
s	47.5654	102	1	0
a	47.5967	103	1	0
d	47.607	102	1	1
s	47.607	103	1	0
d	47.6279	103	0	0
a	50.6491	104	0	0
s	50.6491	104	1	0
a	50.6527	105	1	0
d	50.842	104	1	1
s	50.842	105	1	0
d	50.8785	105	0	0
a	51.3364	106	0	0
s	51.3364	106	1	0
a	51.357	107	1	0
d	51.4015	106	1	1
s	51.4015	107	1	0
d	51.4118	107	0	0
a	56.2049	108	0	0
s	56.2049	108	1	0
a	56.2547	109	1	0
d	56.3681	108	1	1
s	56.3681	109	1	0
d	56.3763	109	0	0
a	57.1219	110	0	0
s	57.1219	110	1	0
d	57.1842	110	0	0
a	57.395	111	0	0
s	57.395	111	1	0
d	57.4874	111	0	0
a	57.6048	112	0	0
s	57.6048	112	1	0
a	57.6506	113	1	0
d	57.9355	112	1	1
s	57.9355	113	1	0
d	58.201	113	0	0
a	58.6513	114	0	0
s	58.6513	114	1	0
d	58.6873	114	0	0
a	58.8149	115	0	0
s	58.8149	115	1	0
d	58.8528	115	0	0
a	58.9999	116	0	0
s	58.9999	116	1	0
d	59.0178	116	0	0
a	59.1047	117	0	0
s	59.1047	117	1	0
a	59.1151	118	1	0
d	59.2658	117	1	1
s	59.2658	118	1	0
d	59.3213	118	0	0
a	60.535	119	0	0
s	60.535	119	1	0
d	60.546	119	0	0
a	60.7215	120	0	0
s	60.7215	120	1	0
a	60.7417	121	1	0
d	60.8138	120	1	1
s	60.8138	121	1	0
d	60.9084	121	0	0
a	61.7213	122	0	0
s	61.7213	122	1	0
d	61.8213	122	0	0
a	61.853	123	0	0
s	61.853	123	1	0
d	61.8627	123	0	0
a	62.1719	124	0	0
s	62.1719	124	1	0
d	62.2377	124	0	0
a	62.2565	125	0	0
s	62.2565	125	1	0
a	62.3314	126	1	0
d	62.339	125	1	1
s	62.339	126	1	0
d	62.5921	126	0	0
a	64.9266	127	0	0
s	64.9266	127	1	0
d	64.9875	127	0	0
a	65.3906	128	0	0
s	65.3906	128	1	0
d	65.4512	128	0	0
a	65.9912	129	0	0
s	65.9912	129	1	0
d	65.9938	129	0	0
a	66.1448	130	0	0
s	66.1448	130	1	0
d	66.1479	130	0	0
a	66.2083	131	0	0
s	66.2083	131	1	0
d	66.2717	131	0	0
a	66.2855	132	0	0
s	66.2855	132	1	0
d	66.3222	132	0	0
a	66.4832	133	0	0
s	66.4832	133	1	0
d	66.5777	133	0	0
a	67.0825	134	0	0
s	67.0825	134	1	0
d	67.1036	134	0	0
a	67.4375	135	0	0
s	67.4375	135	1	0
a	67.6713	136	1	0
d	67.7174	135	1	1
s	67.7174	136	1	0
d	67.8723	136	0	0
a	68.1645	137	0	0
s	68.1645	137	1	0
d	68.2146	137	0	0
a	68.2198	138	0	0
s	68.2198	138	1	0
d	68.3112	138	0	0
a	68.4299	139	0	0
s	68.4299	139	1	0
d	68.4358	139	0	0
a	68.5245	140	0	0
s	68.5245	140	1	0
d	68.5247	140	0	0
a	69.1102	141	0	0
s	69.1102	141	1	0
a	69.1395	142	1	0
d	69.1677	141	1	1
s	69.1677	142	1	0
d	69.286	142	0	0
a	70.9801	143	0	0
s	70.9801	143	1	0
a	71.0438	144	1	0
d	71.0713	143	1	1
s	71.0713	144	1	0
d	71.0846	144	0	0
a	71.3909	145	0	0
s	71.3909	145	1	0
d	71.4435	145	0	0
a	71.4966	146	0	0
s	71.4966	146	1	0
d	71.5169	146	0	0
a	71.5759	147	0	0
s	71.5759	147	1	0
d	71.6827	147	0	0
a	72.4925	148	0	0
s	72.4925	148	1	0
d	72.6244	148	0	0
a	72.7074	149	0	0
s	72.7074	149	1	0
a	72.7594	150	1	0
d	72.8534	149	1	1
s	72.8534	150	1	0
d	72.8674	150	0	0
a	73.1142	151	0	0
s	73.1142	151	1	0
d	73.1254	151	0	0
a	73.4538	152	0	0
s	73.4538	152	1	0
d	73.4642	152	0	0
a	73.5035	153	0	0
s	73.5035	153	1	0
d	73.5071	153	0	0
a	73.8281	154	0	0
s	73.8281	154	1	0
d	73.8384	154	0	0
a	73.8733	155	0	0
s	73.8733	155	1	0
d	73.8781	155	0	0
a	73.9061	156	0	0
s	73.9061	156	1	0
d	73.9178	156	0	0
a	73.999	157	0	0
s	73.999	157	1	0
a	74.0956	158	1	0
d	74.1675	157	1	1
s	74.1675	158	1	0
d	74.3058	158	0	0
a	74.6226	159	0	0
s	74.6226	159	1	0
d	74.6441	159	0	0
a	74.6539	160	0	0
s	74.6539	160	1	0
d	74.8621	160	0	0
a	74.8898	161	0	0
s	74.8898	161	1	0
d	74.9454	161	0	0
a	75.0395	162	0	0
s	75.0395	162	1	0
d	75.0667	162	0	0
a	75.3697	163	0	0
s	75.3697	163	1	0
a	75.3707	164	1	0
d	75.4015	163	1	1
s	75.4015	164	1	0
d	75.4449	164	0	0
a	76.892	165	0	0
s	76.892	165	1	0
d	76.9506	165	0	0
a	77.0902	166	0	0
s	77.0902	166	1	0
d	77.1151	166	0	0
a	77.3819	167	0	0
s	77.3819	167	1	0
d	77.4268	167	0	0
a	77.6744	168	0	0
s	77.6744	168	1	0
a	77.6803	169	1	0
d	77.8331	168	1	1
s	77.8331	169	1	0
d	78.2108	169	0	0
a	79.5493	170	0	0
s	79.5493	170	1	0
d	79.6369	170	0	0
a	80.0294	171	0	0
s	80.0294	171	1	0
d	80.0901	171	0	0
a	80.101	172	0	0
s	80.101	172	1	0
a	80.1848	173	1	0
d	80.2094	172	1	1
s	80.2094	173	1	0
d	80.2719	173	0	0
a	81.238	174	0	0
s	81.238	174	1	0
d	81.2949	174	0	0
a	81.3066	175	0	0
s	81.3066	175	1	0
d	81.3317	175	0	0
a	81.3358	176	0	0
s	81.3358	176	1	0
d	81.352	176	0	0
a	81.5813	177	0	0
s	81.5813	177	1	0
d	81.5959	177	0	0
a	81.6691	178	0	0
s	81.6691	178	1	0
d	81.6983	178	0	0
a	81.7067	179	0	0
s	81.7067	179	1	0
d	81.7334	179	0	0
a	81.7341	180	0	0
s	81.7341	180	1	0
d	81.7437	180	0	0
a	81.7524	181	0	0
s	81.7524	181	1	0
d	81.8174	181	0	0
a	81.9165	182	0	0
s	81.9165	182	1	0
a	82.1242	183	1	0
d	82.1394	182	1	1
s	82.1394	183	1	0
d	82.2244	183	0	0
a	84.2283	184	0	0
s	84.2283	184	1	0
d	84.4229	184	0	0
a	84.8337	185	0	0
s	84.8337	185	1	0
d	84.9398	185	0	0
a	85.6311	186	0	0
s	85.6311	186	1	0
d	85.6333	186	0	0
a	85.718	187	0	0
s	85.718	187	1	0
a	85.7359	188	1	0
d	86.0105	187	1	1
s	86.0105	188	1	0
d	86.1521	188	0	0
a	86.7322	189	0	0
s	86.7322	189	1	0
d	86.7513	189	0	0
a	87.1277	190	0	0
s	87.1277	190	1	0
d	87.1732	190	0	0
a	87.2471	191	0	0
s	87.2471	191	1	0
d	87.2488	191	0	0
a	87.401	192	0	0
s	87.401	192	1	0
d	87.5548	192	0	0
a	87.6413	193	0	0
s	87.6413	193	1	0
d	87.6659	193	0	0
a	87.8556	194	0	0
s	87.8556	194	1	0
d	87.9289	194	0	0
a	87.9551	195	0	0
s	87.9551	195	1	0
a	87.9582	196	1	0
d	88.1829	195	1	1
s	88.1829	196	1	0
d	88.183	196	0	0
a	88.7699	197	0	0
s	88.7699	197	1	0
d	88.8038	197	0	0
a	89.05	198	0	0
s	89.05	198	1	0
d	89.1104	198	0	0
a	89.1916	199	0	0
s	89.1916	199	1	0
d	89.1965	199	0	0
a	89.2718	200	0	0
s	89.2718	200	1	0
d	89.2986	200	0	0
a	89.3663	201	0	0
s	89.3663	201	1	0
a	89.4113	202	1	0
d	89.4471	201	1	1
s	89.4471	202	1	0
d	89.4482	202	0	0
a	89.5815	203	0	0
s	89.5815	203	1	0
a	89.5985	204	1	0
d	89.634	203	1	1
s	89.634	204	1	0
d	89.7139	204	0	0
a	89.7349	205	0	0
s	89.7349	205	1	0
d	89.7467	205	0	0
a	89.7472	206	0	0
s	89.7472	206	1	0
d	89.9171	206	0	0
a	90.0229	207	0	0
s	90.0229	207	1	0
a	90.0858	208	1	0
d	90.1824	207	1	1
s	90.1824	208	1	0
d	90.2268	208	0	0
a	90.9739	209	0	0
s	90.9739	209	1	0
d	91.0546	209	0	0
a	91.5321	210	0	0
s	91.5321	210	1	0
a	91.6339	211	1	0
d	91.7378	210	1	1
s	91.7378	211	1	0
d	91.9134	211	0	0
a	92.7151	212	0	0
s	92.7151	212	1	0
a	92.7926	213	1	0
d	92.8657	212	1	1
s	92.8657	213	1	0
d	92.9356	213	0	0
a	93.3617	214	0	0
s	93.3617	214	1	0
d	93.4697	214	0	0
a	93.5574	215	0	0
s	93.5574	215	1	0
a	93.5953	216	1	0
d	93.7625	215	1	1
s	93.7625	216	1	0
a	93.7686	217	1	0
d	93.8289	216	1	1
s	93.8289	217	1	0
a	93.8305	218	1	0
d	93.8333	217	1	1
s	93.8333	218	1	0
d	93.9346	218	0	0
a	94.0427	219	0	0
s	94.0427	219	1	0
d	94.1215	219	0	0
a	94.4866	220	0	0
s	94.4866	220	1	0
d	94.5139	220	0	0
a	95.1348	221	0	0
s	95.1348	221	1	0
a	95.148	222	1	0
d	95.2223	221	1	1
s	95.2223	222	1	0
d	95.4026	222	0	0
a	97.031	223	0	0
s	97.031	223	1	0
d	97.0568	223	0	0
a	97.3485	224	0	0
s	97.3485	224	1	0
d	97.5254	224	0	0
a	97.5378	225	0	0
s	97.5378	225	1	0
a	97.6464	226	1	0
d	97.7086	225	1	1
s	97.7086	226	1	0
d	97.7126	226	0	0
a	101.194	227	0	0
s	101.194	227	1	0
a	101.211	228	1	0
d	101.432	227	1	1
s	101.432	228	1	0
d	101.503	228	0	0
a	102.887	229	0	0
s	102.887	229	1	0
d	102.911	229	0	0
a	102.958	230	0	0
s	102.958	230	1	0
a	103.02	231	1	0
d	103.33	230	1	1
s	103.33	231	1	0
d	103.423	231	0	0
a	106.597	232	0	0
s	106.597	232	1	0
d	106.633	232	0	0
a	106.643	233	0	0
s	106.643	233	1	0
a	106.646	234	1	0
d	106.726	233	1	1
s	106.726	234	1	0
d	106.848	234	0	0
a	107.271	235	0	0
s	107.271	235	1	0
d	107.465	235	0	0
a	107.66	236	0	0
s	107.66	236	1	0
d	107.668	236	0	0
a	107.895	237	0	0
s	107.895	237	1	0
a	107.936	238	1	0
d	107.993	237	1	1
s	107.993	238	1	0
d	108.014	238	0	0
a	108.843	239	0	0
s	108.843	239	1	0
d	109	239	0	0
a	109.137	240	0	0
s	109.137	240	1	0
d	109.154	240	0	0
a	109.164	241	0	0
s	109.164	241	1	0
d	109.176	241	0	0
a	109.198	242	0	0
s	109.198	242	1	0
d	109.247	242	0	0
a	109.837	243	0	0
s	109.837	243	1	0
d	110.012	243	0	0
a	110.176	244	0	0
s	110.176	244	1	0
d	110.279	244	0	0
a	110.336	245	0	0
s	110.336	245	1	0
a	110.358	246	1	0
d	110.505	245	1	1
s	110.505	246	1	0
d	110.536	246	0	0
a	111.33	247	0	0
s	111.33	247	1	0
d	111.363	247	0	0
a	112.026	248	0	0
s	112.026	248	1	0
d	112.046	248	0	0
a	112.087	249	0	0
s	112.087	249	1	0
d	112.107	249	0	0
a	112.503	250	0	0
s	112.503	250	1	0
d	112.536	250	0	0
a	112.7	251	0	0
s	112.7	251	1	0
a	112.717	252	1	0
d	112.743	251	1	1
s	112.743	252	1	0
d	112.823	252	0	0
a	113.769	253	0	0
s	113.769	253	1	0
d	113.856	253	0	0
a	114.14	254	0	0
s	114.14	254	1	0
d	114.148	254	0	0
a	114.278	255	0	0
s	114.278	255	1	0
a	114.334	256	1	0
d	114.419	255	1	1
s	114.419	256	1	0
d	114.445	256	0	0
a	115.202	257	0	0
s	115.202	257	1	0
d	115.312	257	0	0
a	115.325	258	0	0
s	115.325	258	1	0
d	115.326	258	0	0
a	115.353	259	0	0
s	115.353	259	1	0
d	115.397	259	0	0
a	115.649	260	0	0
s	115.649	260	1	0
d	115.67	260	0	0
a	115.847	261	0	0
s	115.847	261	1	0
d	115.948	261	0	0
a	116.518	262	0	0
s	116.518	262	1	0
d	116.576	262	0	0
a	116.702	263	0	0
s	116.702	263	1	0
d	116.915	263	0	0
a	116.927	264	0	0
s	116.927	264	1	0
d	116.938	264	0	0
a	117.248	265	0	0
s	117.248	265	1	0
d	117.254	265	0	0
a	117.663	266	0	0
s	117.663	266	1	0
d	117.68	266	0	0
a	117.686	267	0	0
s	117.686	267	1	0
d	117.767	267	0	0
a	117.987	268	0	0
s	117.987	268	1	0
d	118.032	268	0	0
a	118.103	269	0	0
s	118.103	269	1	0
d	118.15	269	0	0
a	118.274	270	0	0
s	118.274	270	1	0
a	118.304	271	1	0
d	118.685	270	1	1
s	118.685	271	1	0
d	118.817	271	0	0
a	118.89	272	0	0
s	118.89	272	1	0
a	118.937	273	1	0
d	118.939	272	1	1
s	118.939	273	1	0
d	118.96	273	0	0
a	120.568	274	0	0
s	120.568	274	1	0
d	120.578	274	0	0
a	120.722	275	0	0
s	120.722	275	1	0
d	120.748	275	0	0
a	121.319	276	0	0
s	121.319	276	1	0
a	121.396	277	1	0
d	121.691	276	1	1
s	121.691	277	1	0
a	121.701	278	1	0
d	121.708	277	1	1
s	121.708	278	1	0
d	121.737	278	0	0
a	121.856	279	0	0
s	121.856	279	1	0
a	122.004	280	1	0
d	122.28	279	1	1
s	122.28	280	1	0
a	122.417	281	1	0
d	122.638	280	1	1
s	122.638	281	1	0
d	122.721	281	0	0
a	122.729	282	0	0
s	122.729	282	1	0
a	122.831	283	1	0
d	122.839	282	1	1
s	122.839	283	1	0
d	122.897	283	0	0
a	122.97	284	0	0
s	122.97	284	1	0
a	123.164	285	1	0
a	123.177	286	1	1
d	123.294	284	1	2
s	123.294	285	1	1
a	123.314	287	1	1
d	123.384	285	1	2
s	123.384	286	1	1
d	123.454	286	1	1
s	123.454	287	1	0
d	123.706	287	0	0
a	123.789	288	0	0
s	123.789	288	1	0
d	123.796	288	0	0
a	123.895	289	0	0
s	123.895	289	1	0
d	124.049	289	0	0
a	124.151	290	0	0
s	124.151	290	1	0
a	124.177	291	1	0
d	124.208	290	1	1
s	124.208	291	1	0
d	124.328	291	0	0
a	124.776	292	0	0
s	124.776	292	1	0
a	124.799	293	1	0
d	124.857	292	1	1
s	124.857	293	1	0
d	125.212	293	0	0
a	126.327	294	0	0
s	126.327	294	1	0
a	126.544	295	1	0
d	126.58	294	1	1
s	126.58	295	1	0
d	126.646	295	0	0
a	127.357	296	0	0
s	127.357	296	1	0
d	127.38	296	0	0
a	127.401	297	0	0
s	127.401	297	1	0
a	127.429	298	1	0
d	127.453	297	1	1
s	127.453	298	1	0
d	127.459	298	0	0
a	127.736	299	0	0
s	127.736	299	1	0
a	127.787	300	1	0
a	127.936	301	1	1
d	127.941	299	1	2
s	127.941	300	1	1
d	128.259	300	1	1
s	128.259	301	1	0
d	128.338	301	0	0
a	129.41	302	0	0
s	129.41	302	1	0
d	129.432	302	0	0
a	129.459	303	0	0
s	129.459	303	1	0
d	129.501	303	0	0
a	129.701	304	0	0
s	129.701	304	1	0
d	129.709	304	0	0
a	129.735	305	0	0
s	129.735	305	1	0
a	129.875	306	1	0
d	129.877	305	1	1
s	129.877	306	1	0
d	130.135	306	0	0
a	130.902	307	0	0
s	130.902	307	1	0
d	130.992	307	0	0
a	131.245	308	0	0
s	131.245	308	1	0
a	131.304	309	1	0
d	131.415	308	1	1
s	131.415	309	1	0
d	131.7	309	0	0
a	133.064	310	0	0
s	133.064	310	1	0
d	133.121	310	0	0
a	133.276	311	0	0
s	133.276	311	1	0
d	133.338	311	0	0
a	133.358	312	0	0
s	133.358	312	1	0
d	133.372	312	0	0
a	133.372	313	0	0
s	133.372	313	1	0
d	133.377	313	0	0
a	133.822	314	0	0
s	133.822	314	1	0
a	133.939	315	1	0
d	134.01	314	1	1
s	134.01	315	1	0
d	134.023	315	0	0
a	135.098	316	0	0
s	135.098	316	1	0
d	135.228	316	0	0
a	135.503	317	0	0
s	135.503	317	1	0
a	135.605	318	1	0
d	135.665	317	1	1
s	135.665	318	1	0
d	135.768	318	0	0
a	135.986	319	0	0
s	135.986	319	1	0
a	136.12	320	1	0
d	136.13	319	1	1
s	136.13	320	1	0
d	136.141	320	0	0
a	137.28	321	0	0
s	137.28	321	1	0
d	137.301	321	0	0
a	137.366	322	0	0
s	137.366	322	1	0
a	137.419	323	1	0
d	137.496	322	1	1
s	137.496	323	1	0
d	137.529	323	0	0
a	139.102	324	0	0
s	139.102	324	1	0
d	139.15	324	0	0
a	139.225	325	0	0
s	139.225	325	1	0
d	139.275	325	0	0
a	139.338	326	0	0
s	139.338	326	1	0
d	139.363	326	0	0
a	139.427	327	0	0
s	139.427	327	1	0
d	139.463	327	0	0
a	139.482	328	0	0
s	139.482	328	1	0
d	139.496	328	0	0
a	139.851	329	0	0
s	139.851	329	1	0
a	139.899	330	1	0
d	139.937	329	1	1
s	139.937	330	1	0
d	140.019	330	0	0
a	141.066	331	0	0
s	141.066	331	1	0
a	141.07	332	1	0
d	141.207	331	1	1
s	141.207	332	1	0
a	141.312	333	1	0
a	141.342	334	1	1
d	141.471	332	1	2
s	141.471	333	1	1
d	141.595	333	1	1
s	141.595	334	1	0
d	141.863	334	0	0
a	142.153	335	0	0
s	142.153	335	1	0
d	142.196	335	0	0
a	142.649	336	0	0
s	142.649	336	1	0
d	142.782	336	0	0
a	143.047	337	0	0
s	143.047	337	1	0
a	143.162	338	1	0
d	143.2	337	1	1
s	143.2	338	1	0
d	143.245	338	0	0
a	143.72	339	0	0
s	143.72	339	1	0
d	143.83	339	0	0
a	144.292	340	0	0
s	144.292	340	1	0
a	144.319	341	1	0
d	144.328	340	1	1
s	144.328	341	1	0
d	144.342	341	0	0
a	144.478	342	0	0
s	144.478	342	1	0
d	144.523	342	0	0
a	144.574	343	0	0
s	144.574	343	1	0
d	144.626	343	0	0
a	144.679	344	0	0
s	144.679	344	1	0
a	144.683	345	1	0
d	144.842	344	1	1
s	144.842	345	1	0
a	144.975	346	1	0
d	144.986	345	1	1
s	144.986	346	1	0
d	145.075	346	0	0
a	146.326	347	0	0
s	146.326	347	1	0
a	146.331	348	1	0
d	146.367	347	1	1
s	146.367	348	1	0
d	146.378	348	0	0
a	146.722	349	0	0
s	146.722	349	1	0
d	146.882	349	0	0
a	146.975	350	0	0
s	146.975	350	1	0
d	147.038	350	0	0
a	147.222	351	0	0
s	147.222	351	1	0
d	147.373	351	0	0
a	147.683	352	0	0
s	147.683	352	1	0
a	147.752	353	1	0
d	147.907	352	1	1
s	147.907	353	1	0
d	147.957	353	0	0
a	147.981	354	0	0
s	147.981	354	1	0
a	148.081	355	1	0
d	148.105	354	1	1
s	148.105	355	1	0
d	148.118	355	0	0
a	148.14	356	0	0
s	148.14	356	1	0
d	148.149	356	0	0
a	148.177	357	0	0
s	148.177	357	1	0
d	148.227	357	0	0
a	148.414	358	0	0
s	148.414	358	1	0
a	148.537	359	1	0
d	148.604	358	1	1
s	148.604	359	1	0
d	148.697	359	0	0
a	150.436	360	0	0
s	150.436	360	1	0
a	150.582	361	1	0
d	150.741	360	1	1
s	150.741	361	1	0
d	150.798	361	0	0
a	151.287	362	0	0
s	151.287	362	1	0
a	151.371	363	1	0
d	151.376	362	1	1
s	151.376	363	1	0
d	151.381	363	0	0
a	153.819	364	0	0
s	153.819	364	1	0
a	154.006	365	1	0
d	154.045	364	1	1
s	154.045	365	1	0
d	154.16	365	0	0
a	154.301	366	0	0
s	154.301	366	1	0
d	154.317	366	0	0
a	154.534	367	0	0
s	154.534	367	1	0
d	154.591	367	0	0
a	154.686	368	0	0
s	154.686	368	1	0
d	154.686	368	0	0
a	154.853	369	0	0
s	154.853	369	1	0
d	154.953	369	0	0
a	155.027	370	0	0
s	155.027	370	1	0
d	155.123	370	0	0
a	155.136	371	0	0
s	155.136	371	1	0
d	155.149	371	0	0
a	155.353	372	0	0
s	155.353	372	1	0
a	155.363	373	1	0
d	155.446	372	1	1
s	155.446	373	1	0
d	155.534	373	0	0
a	157.271	374	0	0
s	157.271	374	1	0
d	157.29	374	0	0
a	157.436	375	0	0
s	157.436	375	1	0
d	157.436	375	0	0
a	157.738	376	0	0
s	157.738	376	1	0
a	157.869	377	1	0
d	157.961	376	1	1
s	157.961	377	1	0
d	158.452	377	0	0
a	158.633	378	0	0
s	158.633	378	1	0
a	158.653	379	1	0
d	158.733	378	1	1
s	158.733	379	1	0
d	158.883	379	0	0
a	161.23	380	0	0
s	161.23	380	1	0
d	161.417	380	0	0
a	161.445	381	0	0
s	161.445	381	1	0
d	161.615	381	0	0
a	161.705	382	0	0
s	161.705	382	1	0
d	161.863	382	0	0
a	162.057	383	0	0
s	162.057	383	1	0
d	162.166	383	0	0
a	162.602	384	0	0
s	162.602	384	1	0
a	162.61	385	1	0
d	162.671	384	1	1
s	162.671	385	1	0
d	162.744	385	0	0
a	163.628	386	0	0
s	163.628	386	1	0
a	163.674	387	1	0
d	163.674	386	1	1
s	163.674	387	1	0
d	163.798	387	0	0
a	163.952	388	0	0
s	163.952	388	1	0
d	163.967	388	0	0
a	164.084	389	0	0
s	164.084	389	1	0
d	164.118	389	0	0
a	164.356	390	0	0
s	164.356	390	1	0
d	164.427	390	0	0
a	164.83	391	0	0
s	164.83	391	1	0
d	164.849	391	0	0
a	165.343	392	0	0
s	165.343	392	1	0
d	165.47	392	0	0
a	165.535	393	0	0
s	165.535	393	1	0
d	165.579	393	0	0
a	165.668	394	0	0
s	165.668	394	1	0
d	165.752	394	0	0
a	166.06	395	0	0
s	166.06	395	1	0
d	166.062	395	0	0
a	166.579	396	0	0
s	166.579	396	1	0
a	166.597	397	1	0
d	167.105	396	1	1
s	167.105	397	1	0
a	167.315	398	1	0
d	167.334	397	1	1
s	167.334	398	1	0
d	167.464	398	0	0
a	167.759	399	0	0
s	167.759	399	1	0
d	167.821	399	0	0
a	168.061	400	0	0
s	168.061	400	1	0
d	168.332	400	0	0
a	168.378	401	0	0
s	168.378	401	1	0
d	168.54	401	0	0
a	168.707	402	0	0
s	168.707	402	1	0
a	168.716	403	1	0
d	168.869	402	1	1
s	168.869	403	1	0
d	168.907	403	0	0
a	169.096	404	0	0
s	169.096	404	1	0
d	169.231	404	0	0
a	169.546	405	0	0
s	169.546	405	1	0
a	169.567	406	1	0
d	169.825	405	1	1
s	169.825	406	1	0
d	169.836	406	0	0
a	170.15	407	0	0
s	170.15	407	1	0
a	170.174	408	1	0
d	170.188	407	1	1
s	170.188	408	1	0
d	170.271	408	0	0
a	171.35	409	0	0
s	171.35	409	1	0
d	171.45	409	0	0
a	171.603	410	0	0
s	171.603	410	1	0
d	171.715	410	0	0
a	172.201	411	0	0
s	172.201	411	1	0
d	172.214	411	0	0
a	172.479	412	0	0
s	172.479	412	1	0
d	172.57	412	0	0
a	172.866	413	0	0
s	172.866	413	1	0
d	172.879	413	0	0
a	172.965	414	0	0
s	172.965	414	1	0
d	172.99	414	0	0
a	173.29	415	0	0
s	173.29	415	1	0
a	173.345	416	1	0
d	173.37	415	1	1
s	173.37	416	1	0
d	173.415	416	0	0
a	173.937	417	0	0
s	173.937	417	1	0
a	173.967	418	1	0
d	174.1	417	1	1
s	174.1	418	1	0
d	174.432	418	0	0
a	174.577	419	0	0
s	174.577	419	1	0
d	174.781	419	0	0
a	175.077	420	0	0
s	175.077	420	1	0
d	175.136	420	0	0
a	175.189	421	0	0
s	175.189	421	1	0
d	175.252	421	0	0
a	175.493	422	0	0
s	175.493	422	1	0
a	175.731	423	1	0
d	175.749	422	1	1
s	175.749	423	1	0
d	175.838	423	0	0
a	176.71	424	0	0
s	176.71	424	1	0
d	176.921	424	0	0
a	176.962	425	0	0
s	176.962	425	1	0
d	177.037	425	0	0
a	177.206	426	0	0
s	177.206	426	1	0
d	177.313	426	0	0
a	177.335	427	0	0
s	177.335	427	1	0
d	177.356	427	0	0
a	177.467	428	0	0
s	177.467	428	1	0
a	177.504	429	1	0
d	177.737	428	1	1
s	177.737	429	1	0
d	177.742	429	0	0
a	177.822	430	0	0
s	177.822	430	1	0
d	177.897	430	0	0
a	177.981	431	0	0
s	177.981	431	1	0
d	178.041	431	0	0
a	178.182	432	0	0
s	178.182	432	1	0
d	178.195	432	0	0
a	178.266	433	0	0
s	178.266	433	1	0
a	178.401	434	1	0
d	178.476	433	1	1
s	178.476	434	1	0
d	178.603	434	0	0
a	179.085	435	0	0
s	179.085	435	1	0
d	179.114	435	0	0
a	179.238	436	0	0
s	179.238	436	1	0
d	179.34	436	0	0
a	179.401	437	0	0
s	179.401	437	1	0
d	179.455	437	0	0
a	179.595	438	0	0
s	179.595	438	1	0
d	179.641	438	0	0
a	179.712	439	0	0
s	179.712	439	1	0
a	179.748	440	1	0
d	179.785	439	1	1
s	179.785	440	1	0
d	180.249	440	0	0
a	181.23	441	0	0
s	181.23	441	1	0
a	181.261	442	1	0
d	181.291	441	1	1
s	181.291	442	1	0
d	181.443	442	0	0
a	182.551	443	0	0
s	182.551	443	1	0
d	182.614	443	0	0
a	182.741	444	0	0
s	182.741	444	1	0
a	183.029	445	1	0
d	183.18	444	1	1
s	183.18	445	1	0
a	183.532	446	1	0
d	183.591	445	1	1
s	183.591	446	1	0
d	183.594	446	0	0
a	184.032	447	0	0
s	184.032	447	1	0
a	184.126	448	1	0
d	184.144	447	1	1
s	184.144	448	1	0
d	184.268	448	0	0
a	184.572	449	0	0
s	184.572	449	1	0
d	184.611	449	0	0
a	184.727	450	0	0
s	184.727	450	1	0
d	184.781	450	0	0
a	184.904	451	0	0
s	184.904	451	1	0
d	184.912	451	0	0
a	185.326	452	0	0
s	185.326	452	1	0
d	185.367	452	0	0
a	185.708	453	0	0
s	185.708	453	1	0
d	185.847	453	0	0
a	186.146	454	0	0
s	186.146	454	1	0
a	186.221	455	1	0
d	186.375	454	1	1
s	186.375	455	1	0
d	186.417	455	0	0
a	186.743	456	0	0
s	186.743	456	1	0
a	186.751	457	1	0
d	186.808	456	1	1
s	186.808	457	1	0
d	186.84	457	0	0
a	187.427	458	0	0
s	187.427	458	1	0
a	187.467	459	1	0
d	187.572	458	1	1
s	187.572	459	1	0
d	187.629	459	0	0
a	189.648	460	0	0
s	189.648	460	1	0
d	189.761	460	0	0
a	189.883	461	0	0
s	189.883	461	1	0
d	189.983	461	0	0
a	190.141	462	0	0
s	190.141	462	1	0
d	190.145	462	0	0
a	190.429	463	0	0
s	190.429	463	1	0
a	190.523	464	1	0
d	190.564	463	1	1
s	190.564	464	1	0
d	190.618	464	0	0
a	190.864	465	0	0
s	190.864	465	1	0
a	190.935	466	1	0
d	191.248	465	1	1
s	191.248	466	1	0
d	191.262	466	0	0
a	191.391	467	0	0
s	191.391	467	1	0
a	191.471	468	1	0
d	191.739	467	1	1
s	191.739	468	1	0
d	192.474	468	0	0
a	192.769	469	0	0
s	192.769	469	1	0
d	192.787	469	0	0
a	192.834	470	0	0
s	192.834	470	1	0
d	192.955	470	0	0
a	192.958	471	0	0
s	192.958	471	1	0
d	193.048	471	0	0
a	193.415	472	0	0
s	193.415	472	1	0
d	193.509	472	0	0
a	193.882	473	0	0
s	193.882	473	1	0
d	193.922	473	0	0
a	194.246	474	0	0
s	194.246	474	1	0
d	194.283	474	0	0
a	194.326	475	0	0
s	194.326	475	1	0
a	194.35	476	1	0
d	194.356	475	1	1
s	194.356	476	1	0
d	194.412	476	0	0
a	194.911	477	0	0
s	194.911	477	1	0
d	194.983	477	0	0
a	195.218	478	0	0
s	195.218	478	1	0
d	195.267	478	0	0
a	195.429	479	0	0
s	195.429	479	1	0
a	195.429	480	1	0
d	195.502	479	1	1
s	195.502	480	1	0
d	195.507	480	0	0
a	195.829	481	0	0
s	195.829	481	1	0
d	195.836	481	0	0
a	195.985	482	0	0
s	195.985	482	1	0
d	196.03	482	0	0
a	196.59	483	0	0
s	196.59	483	1	0
d	196.632	483	0	0
a	196.649	484	0	0
s	196.649	484	1	0
a	196.735	485	1	0
d	196.88	484	1	1
s	196.88	485	1	0
d	197.025	485	0	0
a	197.115	486	0	0
s	197.115	486	1	0
a	197.138	487	1	0
d	197.175	486	1	1
s	197.175	487	1	0
d	197.207	487	0	0
a	197.664	488	0	0
s	197.664	488	1	0
d	197.712	488	0	0
a	197.73	489	0	0
s	197.73	489	1	0
d	197.749	489	0	0
a	197.754	490	0	0
s	197.754	490	1	0
a	197.94	491	1	0
d	198.03	490	1	1
s	198.03	491	1	0
d	198.102	491	0	0
a	198.205	492	0	0
s	198.205	492	1	0
d	198.259	492	0	0
a	198.409	493	0	0
s	198.409	493	1	0
d	198.438	493	0	0
a	198.911	494	0	0
s	198.911	494	1	0
a	198.911	495	1	0
d	199.146	494	1	1
s	199.146	495	1	0
d	199.238	495	0	0
a	199.877	496	0	0
s	199.877	496	1	0
d	199.956	496	0	0
a	200.175	497	0	0
s	200.175	497	1	0
a	200.264	498	1	0
d	200.31	497	1	1
s	200.31	498	1	0
d	200.398	498	0	0
a	200.514	499	0	0
s	200.514	499	1	0
a	200.579	500	1	0
d	200.622	499	1	1
s	200.622	500	1	0
d	200.633	500	0	0
a	200.68	501	0	0
s	200.68	501	1	0
d	200.718	501	0	0
a	200.969	502	0	0
s	200.969	502	1	0
a	201.096	503	1	0
d	201.191	502	1	1
s	201.191	503	1	0
d	201.258	503	0	0
a	202.03	504	0	0
s	202.03	504	1	0
d	202.066	504	0	0
a	202.311	505	0	0
s	202.311	505	1	0
d	202.443	505	0	0
a	202.464	506	0	0
s	202.464	506	1	0
d	202.514	506	0	0
a	203.067	507	0	0
s	203.067	507	1	0
d	203.162	507	0	0
a	203.496	508	0	0
s	203.496	508	1	0
d	203.497	508	0	0
a	203.557	509	0	0
s	203.557	509	1	0
d	203.876	509	0	0
a	204.642	510	0	0
s	204.642	510	1	0
a	204.651	511	1	0
d	204.681	510	1	1
s	204.681	511	1	0
d	204.709	511	0	0
a	204.896	512	0	0
s	204.896	512	1	0
a	204.901	513	1	0
d	204.937	512	1	1
s	204.937	513	1	0
d	204.952	513	0	0
a	205.43	514	0	0
s	205.43	514	1	0
a	205.453	515	1	0
d	205.476	514	1	1
s	205.476	515	1	0
d	205.664	515	0	0
a	206.139	516	0	0
s	206.139	516	1	0
a	206.143	517	1	0
d	206.219	516	1	1
s	206.219	517	1	0
d	206.254	517	0	0
a	206.325	518	0	0
s	206.325	518	1	0
d	206.327	518	0	0
a	206.361	519	0	0
s	206.361	519	1	0
d	206.477	519	0	0
a	206.789	520	0	0
s	206.789	520	1	0
a	206.799	521	1	0
d	206.912	520	1	1
s	206.912	521	1	0
d	206.926	521	0	0
a	208.149	522	0	0
s	208.149	522	1	0
d	208.233	522	0	0
a	208.242	523	0	0
s	208.242	523	1	0
d	208.279	523	0	0
a	208.385	524	0	0
s	208.385	524	1	0
d	208.425	524	0	0
a	208.648	525	0	0
s	208.648	525	1	0
d	208.874	525	0	0
a	209.194	526	0	0
s	209.194	526	1	0
a	209.352	527	1	0
d	209.391	526	1	1
s	209.391	527	1	0
d	209.435	527	0	0
a	211.063	528	0	0
s	211.063	528	1	0
a	211.221	529	1	0
d	211.295	528	1	1
s	211.295	529	1	0
d	211.36	529	0	0
a	211.781	530	0	0
s	211.781	530	1	0
d	211.812	530	0	0
a	211.896	531	0	0
s	211.896	531	1	0
a	211.898	532	1	0
d	212.064	531	1	1
s	212.064	532	1	0
d	212.108	532	0	0
a	212.133	533	0	0
s	212.133	533	1	0
d	212.15	533	0	0
a	212.151	534	0	0
s	212.151	534	1	0
d	212.224	534	0	0
a	212.298	535	0	0
s	212.298	535	1	0
d	212.33	535	0	0
a	212.353	536	0	0
s	212.353	536	1	0
a	212.412	537	1	0
d	212.449	536	1	1
s	212.449	537	1	0
d	212.55	537	0	0
a	212.766	538	0	0
s	212.766	538	1	0
d	212.849	538	0	0
a	213.065	539	0	0
s	213.065	539	1	0
a	213.159	540	1	0
d	213.197	539	1	1
s	213.197	540	1	0
d	213.309	540	0	0
a	213.485	541	0	0
s	213.485	541	1	0
d	213.514	541	0	0
a	213.6	542	0	0
s	213.6	542	1	0
a	213.673	543	1	0
d	213.706	542	1	1
s	213.706	543	1	0
d	213.718	543	0	0
a	214.121	544	0	0
s	214.121	544	1	0
d	214.141	544	0	0
a	214.293	545	0	0
s	214.293	545	1	0
a	214.296	546	1	0
d	214.339	545	1	1
s	214.339	546	1	0
d	214.408	546	0	0
a	214.709	547	0	0
s	214.709	547	1	0
a	214.739	548	1	0
d	214.853	547	1	1
s	214.853	548	1	0
d	214.854	548	0	0
a	215.388	549	0	0
s	215.388	549	1	0
a	215.442	550	1	0
d	215.516	549	1	1
s	215.516	550	1	0
d	215.64	550	0	0
a	217.112	551	0	0
s	217.112	551	1	0
d	217.132	551	0	0
a	217.566	552	0	0
s	217.566	552	1	0
d	217.621	552	0	0
a	217.862	553	0	0
s	217.862	553	1	0
d	217.96	553	0	0
a	218.193	554	0	0
s	218.193	554	1	0
a	218.214	555	1	0
d	218.217	554	1	1
s	218.217	555	1	0
d	218.508	555	0	0
a	219.85	556	0	0
s	219.85	556	1	0
d	219.968	556	0	0
a	220.236	557	0	0
s	220.236	557	1	0
d	220.3	557	0	0
a	220.46	558	0	0
s	220.46	558	1	0
d	220.49	558	0	0
a	220.562	559	0	0
s	220.562	559	1	0
a	220.578	560	1	0
d	220.617	559	1	1
s	220.617	560	1	0
d	220.651	560	0	0
a	222.142	561	0	0
s	222.142	561	1	0
d	222.217	561	0	0
a	222.543	562	0	0
s	222.543	562	1	0
d	222.609	562	0	0
a	222.878	563	0	0
s	222.878	563	1	0
d	222.938	563	0	0
a	223.073	564	0	0
s	223.073	564	1	0
d	223.14	564	0	0
a	223.151	565	0	0
s	223.151	565	1	0
d	223.183	565	0	0
a	223.22	566	0	0
s	223.22	566	1	0
d	223.268	566	0	0
a	223.638	567	0	0
s	223.638	567	1	0
d	223.643	567	0	0
a	223.701	568	0	0
s	223.701	568	1	0
d	223.989	568	0	0
a	223.997	569	0	0
s	223.997	569	1	0
d	224.067	569	0	0
a	224.399	570	0	0
s	224.399	570	1	0
d	224.402	570	0	0
a	224.556	571	0	0
s	224.556	571	1	0
d	224.58	571	0	0
a	224.654	572	0	0
s	224.654	572	1	0
d	224.68	572	0	0
a	224.752	573	0	0
s	224.752	573	1	0
d	224.77	573	0	0
a	225.001	574	0	0
s	225.001	574	1	0
d	225.001	574	0	0
a	225.032	575	0	0
s	225.032	575	1	0
d	225.14	575	0	0
a	225.401	576	0	0
s	225.401	576	1	0
a	225.409	577	1	0
d	225.624	576	1	1
s	225.624	577	1	0
d	225.892	577	0	0
a	226.137	578	0	0
s	226.137	578	1	0
d	226.15	578	0	0
a	226.252	579	0	0
s	226.252	579	1	0
d	226.262	579	0	0
a	226.568	580	0	0
s	226.568	580	1	0
d	226.715	580	0	0
a	226.912	581	0	0
s	226.912	581	1	0
d	226.994	581	0	0
a	227.14	582	0	0
s	227.14	582	1	0
a	227.176	583	1	0
d	227.293	582	1	1
s	227.293	583	1	0
d	227.374	583	0	0
a	228.985	584	0	0
s	228.985	584	1	0
d	228.994	584	0	0
a	229.092	585	0	0
s	229.092	585	1	0
a	229.253	586	1	0
d	229.276	585	1	1
s	229.276	586	1	0
d	229.296	586	0	0
a	229.963	587	0	0
s	229.963	587	1	0
d	230.015	587	0	0
a	230.064	588	0	0
s	230.064	588	1	0
d	230.118	588	0	0
a	230.316	589	0	0
s	230.316	589	1	0
a	230.342	590	1	0
d	230.411	589	1	1
s	230.411	590	1	0
d	230.414	590	0	0
a	231.154	591	0	0
s	231.154	591	1	0
a	231.384	592	1	0
d	231.777	591	1	1
s	231.777	592	1	0
d	232.056	592	0	0
a	232.727	593	0	0
s	232.727	593	1	0
a	232.737	594	1	0
d	232.749	593	1	1
s	232.749	594	1	0
d	232.912	594	0	0
a	233.35	595	0	0
s	233.35	595	1	0
d	233.401	595	0	0
a	233.427	596	0	0
s	233.427	596	1	0
a	233.437	597	1	0
d	233.471	596	1	1
s	233.471	597	1	0
d	233.601	597	0	0
a	234.365	598	0	0
s	234.365	598	1	0
d	234.423	598	0	0
a	234.459	599	0	0
s	234.459	599	1	0
d	234.459	599	0	0
a	234.562	600	0	0
s	234.562	600	1	0
d	234.629	600	0	0
a	234.691	601	0	0
s	234.691	601	1	0
a	234.728	602	1	0
d	235	601	1	1
s	235	602	1	0
d	235.523	602	0	0
a	238.246	603	0	0
s	238.246	603	1	0
d	238.302	603	0	0
a	238.305	604	0	0
s	238.305	604	1	0
d	238.409	604	0	0
a	238.469	605	0	0
s	238.469	605	1	0
a	238.507	606	1	0
d	238.686	605	1	1
s	238.686	606	1	0
d	238.8	606	0	0
a	238.931	607	0	0
s	238.931	607	1	0
d	239.044	607	0	0
a	239.221	608	0	0
s	239.221	608	1	0
d	239.268	608	0	0
a	239.306	609	0	0
s	239.306	609	1	0
d	239.348	609	0	0
a	239.361	610	0	0
s	239.361	610	1	0
d	239.43	610	0	0
a	239.495	611	0	0
s	239.495	611	1	0
a	239.668	612	1	0
d	239.669	611	1	1
s	239.669	612	1	0
d	239.67	612	0	0
a	241.611	613	0	0
s	241.611	613	1	0
d	241.626	613	0	0
a	241.785	614	0	0
s	241.785	614	1	0
a	241.786	615	1	0
d	241.814	614	1	1
s	241.814	615	1	0
d	242.164	615	0	0
a	245.094	616	0	0
s	245.094	616	1	0
d	245.094	616	0	0
a	245.265	617	0	0
s	245.265	617	1	0
d	245.271	617	0	0
a	245.365	618	0	0
s	245.365	618	1	0
d	245.436	618	0	0
a	245.725	619	0	0
s	245.725	619	1	0
d	245.757	619	0	0
a	246.328	620	0	0
s	246.328	620	1	0
d	246.441	620	0	0
a	246.466	621	0	0
s	246.466	621	1	0
d	246.617	621	0	0
a	247.3	622	0	0
s	247.3	622	1	0
a	247.424	623	1	0
d	247.485	622	1	1
s	247.485	623	1	0
d	247.501	623	0	0
a	248.555	624	0	0
s	248.555	624	1	0
a	248.609	625	1	0
d	249.269	624	1	1
s	249.269	625	1	0
d	249.35	625	0	0
a	249.996	626	0	0
s	249.996	626	1	0
a	250.027	627	1	0
d	250.102	626	1	1
s	250.102	627	1	0
d	250.123	627	0	0
a	250.74	628	0	0
s	250.74	628	1	0
a	250.83	629	1	0
d	250.899	628	1	1
s	250.899	629	1	0
d	251.009	629	0	0
a	251.154	630	0	0
s	251.154	630	1	0
a	251.163	631	1	0
d	251.197	630	1	1
s	251.197	631	1	0
d	251.243	631	0	0
a	252.223	632	0	0
s	252.223	632	1	0
d	252.251	632	0	0
a	252.276	633	0	0
s	252.276	633	1	0
d	252.294	633	0	0
a	252.349	634	0	0
s	252.349	634	1	0
d	252.439	634	0	0
a	252.489	635	0	0
s	252.489	635	1	0
d	252.533	635	0	0
a	252.985	636	0	0
s	252.985	636	1	0
d	253.111	636	0	0
a	253.326	637	0	0
s	253.326	637	1	0
a	253.421	638	1	0
d	253.472	637	1	1
s	253.472	638	1	0
d	253.474	638	0	0
a	254.237	639	0	0
s	254.237	639	1	0
d	254.293	639	0	0
a	254.413	640	0	0
s	254.413	640	1	0
a	254.597	641	1	0
d	254.607	640	1	1
s	254.607	641	1	0
d	254.727	641	0	0
a	255.698	642	0	0
s	255.698	642	1	0
a	255.714	643	1	0
d	255.752	642	1	1
s	255.752	643	1	0
a	255.823	644	1	0
d	256.118	643	1	1
s	256.118	644	1	0
d	256.345	644	0	0
a	257.382	645	0	0
s	257.382	645	1	0
a	257.422	646	1	0
d	257.489	645	1	1
s	257.489	646	1	0
d	257.5	646	0	0
a	258.663	647	0	0
s	258.663	647	1	0
d	258.721	647	0	0
a	258.76	648	0	0
s	258.76	648	1	0
a	258.795	649	1	0
d	258.806	648	1	1
s	258.806	649	1	0
d	258.85	649	0	0
a	259.149	650	0	0
s	259.149	650	1	0
d	259.191	650	0	0
a	259.466	651	0	0
s	259.466	651	1	0
d	259.489	651	0	0
a	259.499	652	0	0
s	259.499	652	1	0
a	259.525	653	1	0
d	259.641	652	1	1
s	259.641	653	1	0
d	259.698	653	0	0
a	262.166	654	0	0
s	262.166	654	1	0
a	262.185	655	1	0
d	262.728	654	1	1
s	262.728	655	1	0
d	262.868	655	0	0
a	263.957	656	0	0
s	263.957	656	1	0
d	263.974	656	0	0
a	264.726	657	0	0
s	264.726	657	1	0
d	264.815	657	0	0
a	265.099	658	0	0
s	265.099	658	1	0
d	265.129	658	0	0
a	265.302	659	0	0
s	265.302	659	1	0
d	265.399	659	0	0
a	265.67	660	0	0
s	265.67	660	1	0
d	265.772	660	0	0
a	265.81	661	0	0
s	265.81	661	1	0
d	265.926	661	0	0
a	266.007	662	0	0
s	266.007	662	1	0
d	266.066	662	0	0
a	266.078	663	0	0
s	266.078	663	1	0
d	266.156	663	0	0
a	266.276	664	0	0
s	266.276	664	1	0
a	266.277	665	1	0
d	266.433	664	1	1
s	266.433	665	1	0
d	266.534	665	0	0
a	269.859	666	0	0
s	269.859	666	1	0
d	269.919	666	0	0
a	269.938	667	0	0
s	269.938	667	1	0
d	269.94	667	0	0
a	270.086	668	0	0
s	270.086	668	1	0
d	270.094	668	0	0
a	270.16	669	0	0
s	270.16	669	1	0
d	270.203	669	0	0
a	270.221	670	0	0
s	270.221	670	1	0
d	270.231	670	0	0
a	270.339	671	0	0
s	270.339	671	1	0
d	270.432	671	0	0
a	270.532	672	0	0
s	270.532	672	1	0
d	270.555	672	0	0
a	270.86	673	0	0
s	270.86	673	1	0
d	270.988	673	0	0
a	271.379	674	0	0
s	271.379	674	1	0
d	271.475	674	0	0
a	271.601	675	0	0
s	271.601	675	1	0
d	271.684	675	0	0
a	272.133	676	0	0
s	272.133	676	1	0
d	272.212	676	0	0
a	272.272	677	0	0
s	272.272	677	1	0
a	272.32	678	1	0
d	272.528	677	1	1
s	272.528	678	1	0
d	272.57	678	0	0
a	272.97	679	0	0
s	272.97	679	1	0
d	273.08	679	0	0
a	273.48	680	0	0
s	273.48	680	1	0
a	273.614	681	1	0
d	273.628	680	1	1
s	273.628	681	1	0
d	273.683	681	0	0
a	273.977	682	0	0
s	273.977	682	1	0
a	273.995	683	1	0
d	274.034	682	1	1
s	274.034	683	1	0
d	274.084	683	0	0
a	274.369	684	0	0
s	274.369	684	1	0
a	274.48	685	1	0
d	274.487	684	1	1
s	274.487	685	1	0
d	274.526	685	0	0
a	276.253	686	0	0
s	276.253	686	1	0
d	276.3	686	0	0
a	277.035	687	0	0
s	277.035	687	1	0
d	277.045	687	0	0
a	277.089	688	0	0
s	277.089	688	1	0
d	277.104	688	0	0
a	277.291	689	0	0
s	277.291	689	1	0
d	277.361	689	0	0
a	277.403	690	0	0
s	277.403	690	1	0
a	277.448	691	1	0
d	277.492	690	1	1
s	277.492	691	1	0
d	277.633	691	0	0
a	278.484	692	0	0
s	278.484	692	1	0
d	278.563	692	0	0
a	278.572	693	0	0
s	278.572	693	1	0
d	278.725	693	0	0
a	278.843	694	0	0
s	278.843	694	1	0
d	278.843	694	0	0
a	279.019	695	0	0
s	279.019	695	1	0
d	279.168	695	0	0
a	279.35	696	0	0
s	279.35	696	1	0
d	279.367	696	0	0
a	279.503	697	0	0
s	279.503	697	1	0
d	279.545	697	0	0
a	280.327	698	0	0
s	280.327	698	1	0
d	280.438	698	0	0
a	280.685	699	0	0
s	280.685	699	1	0
a	280.685	700	1	0
d	280.686	699	1	1
s	280.686	700	1	0
d	280.702	700	0	0
a	280.964	701	0	0
s	280.964	701	1	0
d	281.001	701	0	0
a	281.141	702	0	0
s	281.141	702	1	0
d	281.175	702	0	0
a	281.216	703	0	0
s	281.216	703	1	0
a	281.245	704	1	0
d	281.34	703	1	1
s	281.34	704	1	0
d	281.354	704	0	0
a	282.271	705	0	0
s	282.271	705	1	0
d	282.314	705	0	0
a	283.112	706	0	0
s	283.112	706	1	0
a	283.233	707	1	0
d	283.269	706	1	1
s	283.269	707	1	0
d	283.294	707	0	0
a	284.19	708	0	0
s	284.19	708	1	0
a	284.196	709	1	0
d	284.215	708	1	1
s	284.215	709	1	0
d	284.881	709	0	0
a	286.721	710	0	0
s	286.721	710	1	0
d	286.726	710	0	0
a	286.894	711	0	0
s	286.894	711	1	0
d	286.907	711	0	0
a	287.006	712	0	0
s	287.006	712	1	0
a	287.014	713	1	0
d	287.041	712	1	1
s	287.041	713	1	0
d	287.109	713	0	0
a	288.321	714	0	0
s	288.321	714	1	0
d	288.413	714	0	0
a	288.518	715	0	0
s	288.518	715	1	0
a	288.569	716	1	0
d	288.665	715	1	1
s	288.665	716	1	0
d	288.775	716	0	0
a	289.814	717	0	0
s	289.814	717	1	0
a	289.835	718	1	0
d	289.891	717	1	1
s	289.891	718	1	0
d	289.923	718	0	0
a	291.79	719	0	0
s	291.79	719	1	0
d	291.811	719	0	0
a	291.93	720	0	0
s	291.93	720	1	0
d	291.992	720	0	0
a	292.359	721	0	0
s	292.359	721	1	0
d	292.378	721	0	0
a	292.684	722	0	0
s	292.684	722	1	0
a	292.692	723	1	0
d	292.75	722	1	1
s	292.75	723	1	0
d	292.814	723	0	0
a	295.315	724	0	0
s	295.315	724	1	0
d	295.34	724	0	0
a	295.676	725	0	0
s	295.676	725	1	0
d	295.69	725	0	0
a	296.043	726	0	0
s	296.043	726	1	0
a	296.07	727	1	0
d	296.108	726	1	1
s	296.108	727	1	0
d	296.245	727	0	0
a	297.436	728	0	0
s	297.436	728	1	0
a	297.481	729	1	0
d	297.713	728	1	1
s	297.713	729	1	0
d	297.731	729	0	0
a	298.901	730	0	0
s	298.901	730	1	0
d	298.938	730	0	0
a	298.976	731	0	0
s	298.976	731	1	0
a	299.036	732	1	0
d	299.063	731	1	1
s	299.063	732	1	0
a	299.084	733	1	0
d	299.153	732	1	1
s	299.153	733	1	0
d	299.195	733	0	0
a	299.302	734	0	0
s	299.302	734	1	0
a	299.404	735	1	0
d	299.501	734	1	1
s	299.501	735	1	0
d	299.52	735	0	0
a	299.919	736	0	0
s	299.919	736	1	0
d	299.935	736	0	0
a	300.004	737	0	0
s	300.004	737	1	0
d	300.04	737	0	0
a	300.334	738	0	0
s	300.334	738	1	0
d	300.376	738	0	0
a	300.467	739	0	0
s	300.467	739	1	0
a	300.557	740	1	0
d	300.572	739	1	1
s	300.572	740	1	0
d	300.578	740	0	0
a	302.65	741	0	0
s	302.65	741	1	0
a	302.691	742	1	0
d	302.751	741	1	1
s	302.751	742	1	0
d	302.776	742	0	0
a	303.634	743	0	0
s	303.634	743	1	0
d	303.791	743	0	0
a	303.836	744	0	0
s	303.836	744	1	0
a	304.121	745	1	0
d	304.121	744	1	1
s	304.121	745	1	0
d	304.202	745	0	0
a	305.699	746	0	0
s	305.699	746	1	0
a	305.821	747	1	0
d	305.953	746	1	1
s	305.953	747	1	0
d	306.012	747	0	0
a	307.068	748	0	0
s	307.068	748	1	0
d	307.111	748	0	0
a	307.165	749	0	0
s	307.165	749	1	0
d	307.182	749	0	0
a	307.96	750	0	0
s	307.96	750	1	0
a	307.963	751	1	0
d	308.002	750	1	1
s	308.002	751	1	0
d	308.175	751	0	0
a	308.432	752	0	0
s	308.432	752	1	0
d	308.446	752	0	0
a	308.768	753	0	0
s	308.768	753	1	0
d	308.786	753	0	0
a	309.098	754	0	0
s	309.098	754	1	0
d	309.176	754	0	0
a	309.265	755	0	0
s	309.265	755	1	0
a	309.305	756	1	0
d	309.361	755	1	1
s	309.361	756	1	0
d	309.493	756	0	0
a	310.182	757	0	0
s	310.182	757	1	0
a	310.221	758	1	0
d	310.264	757	1	1
s	310.264	758	1	0
d	310.285	758	0	0
a	310.396	759	0	0
s	310.396	759	1	0
d	310.538	759	0	0
a	310.806	760	0	0
s	310.806	760	1	0
a	310.835	761	1	0
d	310.886	760	1	1
s	310.886	761	1	0
d	310.964	761	0	0
a	311.862	762	0	0
s	311.862	762	1	0
a	311.947	763	1	0
d	312.023	762	1	1
s	312.023	763	1	0
d	312.133	763	0	0
a	313.374	764	0	0
s	313.374	764	1	0
d	313.444	764	0	0
a	313.579	765	0	0
s	313.579	765	1	0
d	313.677	765	0	0
a	314.038	766	0	0
s	314.038	766	1	0
d	314.081	766	0	0
a	314.129	767	0	0
s	314.129	767	1	0
d	314.15	767	0	0
a	314.358	768	0	0
s	314.358	768	1	0
d	314.363	768	0	0
a	314.584	769	0	0
s	314.584	769	1	0
d	314.613	769	0	0
a	314.837	770	0	0
s	314.837	770	1	0
d	314.985	770	0	0
a	315.087	771	0	0
s	315.087	771	1	0
d	315.168	771	0	0
a	315.263	772	0	0
s	315.263	772	1	0
a	315.382	773	1	0
d	315.393	772	1	1
s	315.393	773	1	0
d	315.405	773	0	0
a	316.841	774	0	0
s	316.841	774	1	0
d	316.841	774	0	0
a	317.007	775	0	0
s	317.007	775	1	0
d	317.017	775	0	0
a	317.104	776	0	0
s	317.104	776	1	0
a	317.142	777	1	0
d	317.284	776	1	1
s	317.284	777	1	0
d	317.374	777	0	0
a	318.728	778	0	0
s	318.728	778	1	0
d	318.783	778	0	0
a	318.884	779	0	0
s	318.884	779	1	0
d	318.969	779	0	0
a	319.09	780	0	0
s	319.09	780	1	0
d	319.14	780	0	0
a	319.192	781	0	0
s	319.192	781	1	0
d	319.278	781	0	0
a	320.054	782	0	0
s	320.054	782	1	0
a	320.156	783	1	0
d	320.281	782	1	1
s	320.281	783	1	0
d	320.5	783	0	0
a	320.959	784	0	0
s	320.959	784	1	0
d	320.972	784	0	0
a	321.227	785	0	0
s	321.227	785	1	0
d	321.254	785	0	0
a	321.34	786	0	0
s	321.34	786	1	0
a	321.63	787	1	0
d	321.73	786	1	1
s	321.73	787	1	0
d	321.765	787	0	0
a	322.744	788	0	0
s	322.744	788	1	0
d	322.852	788	0	0
a	322.888	789	0	0
s	322.888	789	1	0
d	322.917	789	0	0
a	322.94	790	0	0
s	322.94	790	1	0
a	323.012	791	1	0
d	323.139	790	1	1
s	323.139	791	1	0
d	323.284	791	0	0
a	323.74	792	0	0
s	323.74	792	1	0
a	323.859	793	1	0
d	323.869	792	1	1
s	323.869	793	1	0
d	323.972	793	0	0
a	324.021	794	0	0
s	324.021	794	1	0
d	324.023	794	0	0
a	324.102	795	0	0
s	324.102	795	1	0
a	324.208	796	1	0
d	324.47	795	1	1
s	324.47	796	1	0
d	324.529	796	0	0
a	324.703	797	0	0
s	324.703	797	1	0
d	324.712	797	0	0
a	324.923	798	0	0
s	324.923	798	1	0
d	324.955	798	0	0
a	325.119	799	0	0
s	325.119	799	1	0
d	325.232	799	0	0
a	325.241	800	0	0
s	325.241	800	1	0
d	325.242	800	0	0
a	325.262	801	0	0
s	325.262	801	1	0
d	325.414	801	0	0
a	325.535	802	0	0
s	325.535	802	1	0
a	325.565	803	1	0
d	325.656	802	1	1
s	325.656	803	1	0
d	325.668	803	0	0
a	326.13	804	0	0
s	326.13	804	1	0
a	326.141	805	1	0
d	326.273	804	1	1
s	326.273	805	1	0
d	326.307	805	0	0
a	327.446	806	0	0
s	327.446	806	1	0
d	327.528	806	0	0
a	327.78	807	0	0
s	327.78	807	1	0
a	327.78	808	1	0
d	327.788	807	1	1
s	327.788	808	1	0
d	327.972	808	0	0
a	328.019	809	0	0
s	328.019	809	1	0
d	328.24	809	0	0
a	328.28	810	0	0
s	328.28	810	1	0
a	328.36	811	1	0
d	328.414	810	1	1
s	328.414	811	1	0
d	328.414	811	0	0
a	329.51	812	0	0
s	329.51	812	1	0
a	329.656	813	1	0
d	329.675	812	1	1
s	329.675	813	1	0
d	329.719	813	0	0
a	330.174	814	0	0
s	330.174	814	1	0
d	330.181	814	0	0
a	330.944	815	0	0
s	330.944	815	1	0
d	330.958	815	0	0
a	330.975	816	0	0
s	330.975	816	1	0
d	331.013	816	0	0
a	331.032	817	0	0
s	331.032	817	1	0
d	331.089	817	0	0
a	331.148	818	0	0
s	331.148	818	1	0
a	331.236	819	1	0
d	331.284	818	1	1
s	331.284	819	1	0
d	331.377	819	0	0
a	331.426	820	0	0
s	331.426	820	1	0
d	331.446	820	0	0
a	331.451	821	0	0
s	331.451	821	1	0
d	331.801	821	0	0
a	331.878	822	0	0
s	331.878	822	1	0
d	332.081	822	0	0
a	332.331	823	0	0
s	332.331	823	1	0
a	332.336	824	1	0
d	332.556	823	1	1
s	332.556	824	1	0
d	332.751	824	0	0
a	332.754	825	0	0
s	332.754	825	1	0
d	332.821	825	0	0
a	332.875	826	0	0
s	332.875	826	1	0
d	332.9	826	0	0
a	333.066	827	0	0
s	333.066	827	1	0
a	333.112	828	1	0
d	333.207	827	1	1
s	333.207	828	1	0
d	333.325	828	0	0
a	333.361	829	0	0
s	333.361	829	1	0
d	333.458	829	0	0
a	333.743	830	0	0
s	333.743	830	1	0
a	333.744	831	1	0
d	333.933	830	1	1
s	333.933	831	1	0
d	334.078	831	0	0
a	335.592	832	0	0
s	335.592	832	1	0
d	335.596	832	0	0
a	335.678	833	0	0
s	335.678	833	1	0
a	335.82	834	1	0
d	336.046	833	1	1
s	336.046	834	1	0
d	336.162	834	0	0
a	336.424	835	0	0
s	336.424	835	1	0
d	336.463	835	0	0
a	336.629	836	0	0
s	336.629	836	1	0
d	336.954	836	0	0
a	337.063	837	0	0
s	337.063	837	1	0
a	337.161	838	1	0
d	337.341	837	1	1
s	337.341	838	1	0
a	337.529	839	1	0
d	337.574	838	1	1
s	337.574	839	1	0
d	337.589	839	0	0
a	337.841	840	0	0
s	337.841	840	1	0
d	337.85	840	0	0
a	338.502	841	0	0
s	338.502	841	1	0
a	338.557	842	1	0
d	338.731	841	1	1
s	338.731	842	1	0
d	339.023	842	0	0
a	339.236	843	0	0
s	339.236	843	1	0
d	339.28	843	0	0
a	339.361	844	0	0
s	339.361	844	1	0
d	339.42	844	0	0
a	339.58	845	0	0
s	339.58	845	1	0
d	339.694	845	0	0
a	339.762	846	0	0
s	339.762	846	1	0
d	339.828	846	0	0
a	340.112	847	0	0
s	340.112	847	1	0
d	340.209	847	0	0
a	340.487	848	0	0
s	340.487	848	1	0
d	340.573	848	0	0
a	341.099	849	0	0
s	341.099	849	1	0
d	341.119	849	0	0
a	341.372	850	0	0
s	341.372	850	1	0
d	341.567	850	0	0
a	342.03	851	0	0
s	342.03	851	1	0
d	342.06	851	0	0
a	342.077	852	0	0
s	342.077	852	1	0
a	342.082	853	1	0
d	342.118	852	1	1
s	342.118	853	1	0
d	342.137	853	0	0
a	342.178	854	0	0
s	342.178	854	1	0
d	342.277	854	0	0
a	342.701	855	0	0
s	342.701	855	1	0
d	342.736	855	0	0
a	342.799	856	0	0
s	342.799	856	1	0
a	342.804	857	1	0
d	342.815	856	1	1
s	342.815	857	1	0
d	342.826	857	0	0
a	345.542	858	0	0
s	345.542	858	1	0
d	345.555	858	0	0
a	345.857	859	0	0
s	345.857	859	1	0
a	346.07	860	1	0
d	346.137	859	1	1
s	346.137	860	1	0
d	346.272	860	0	0
a	349.247	861	0	0
s	349.247	861	1	0
a	349.364	862	1	0
d	349.435	861	1	1
s	349.435	862	1	0
d	349.491	862	0	0
a	352.815	863	0	0
s	352.815	863	1	0
d	352.866	863	0	0
a	353.069	864	0	0
s	353.069	864	1	0
a	353.098	865	1	0
d	353.133	864	1	1
s	353.133	865	1	0
d	353.299	865	0	0
a	353.562	866	0	0
s	353.562	866	1	0
d	353.614	866	0	0
a	353.768	867	0	0
s	353.768	867	1	0
d	353.811	867	0	0
a	353.961	868	0	0
s	353.961	868	1	0
d	354.073	868	0	0
a	354.139	869	0	0
s	354.139	869	1	0
d	354.145	869	0	0
a	354.167	870	0	0
s	354.167	870	1	0
a	354.205	871	1	0
d	354.232	870	1	1
s	354.232	871	1	0
d	354.333	871	0	0
a	355.141	872	0	0
s	355.141	872	1	0
d	355.142	872	0	0
a	355.727	873	0	0
s	355.727	873	1	0
d	355.735	873	0	0
a	355.828	874	0	0
s	355.828	874	1	0
d	355.841	874	0	0
a	356.693	875	0	0
s	356.693	875	1	0
d	356.76	875	0	0
a	356.848	876	0	0
s	356.848	876	1	0
d	356.908	876	0	0
a	357.165	877	0	0
s	357.165	877	1	0
d	357.191	877	0	0
a	357.78	878	0	0
s	357.78	878	1	0
d	357.782	878	0	0
a	357.984	879	0	0
s	357.984	879	1	0
d	358.002	879	0	0
a	358.094	880	0	0
s	358.094	880	1	0
d	358.198	880	0	0
a	358.781	881	0	0
s	358.781	881	1	0
d	358.874	881	0	0
a	358.967	882	0	0
s	358.967	882	1	0
d	358.987	882	0	0
a	359.025	883	0	0
s	359.025	883	1	0
a	359.099	884	1	0
d	359.125	883	1	1
s	359.125	884	1	0
d	359.134	884	0	0
a	359.386	885	0	0
s	359.386	885	1	0
a	359.568	886	1	0
d	359.711	885	1	1
s	359.711	886	1	0
d	359.905	886	0	0
a	360.292	887	0	0
s	360.292	887	1	0
d	360.326	887	0	0
a	360.589	888	0	0
s	360.589	888	1	0
a	360.669	889	1	0
d	360.722	888	1	1
s	360.722	889	1	0
d	360.802	889	0	0
a	361.874	890	0	0
s	361.874	890	1	0
d	361.937	890	0	0
a	362.108	891	0	0
s	362.108	891	1	0
d	362.122	891	0	0
a	362.151	892	0	0
s	362.151	892	1	0
d	362.188	892	0	0
a	362.203	893	0	0
s	362.203	893	1	0
a	362.236	894	1	0
d	362.281	893	1	1
s	362.281	894	1	0
d	362.282	894	0	0
a	365.346	895	0	0
s	365.346	895	1	0
d	365.353	895	0	0
a	365.367	896	0	0
s	365.367	896	1	0
d	365.367	896	0	0
a	365.479	897	0	0
s	365.479	897	1	0
d	365.572	897	0	0
a	365.631	898	0	0
s	365.631	898	1	0
d	365.702	898	0	0
a	365.76	899	0	0
s	365.76	899	1	0
a	365.896	900	1	0
d	365.948	899	1	1
s	365.948	900	1	0
d	366.077	900	0	0
a	366.192	901	0	0
s	366.192	901	1	0
a	366.225	902	1	0
a	366.419	903	1	1
d	366.444	901	1	2
s	366.444	902	1	1
d	366.455	902	1	1
s	366.455	903	1	0
a	366.467	904	1	0
d	366.506	903	1	1
s	366.506	904	1	0
d	366.584	904	0	0
a	366.758	905	0	0
s	366.758	905	1	0
d	366.837	905	0	0
a	367.354	906	0	0
s	367.354	906	1	0
a	367.401	907	1	0
d	367.467	906	1	1
s	367.467	907	1	0
a	367.652	908	1	0
d	367.714	907	1	1
s	367.714	908	1	0
d	367.738	908	0	0
a	368.455	909	0	0
s	368.455	909	1	0
a	368.469	910	1	0
d	368.474	909	1	1
s	368.474	910	1	0
d	368.636	910	0	0
a	369.926	911	0	0
s	369.926	911	1	0
a	370.027	912	1	0
d	370.028	911	1	1
s	370.028	912	1	0
d	370.113	912	0	0
a	370.55	913	0	0
s	370.55	913	1	0
a	370.579	914	1	0
d	370.71	913	1	1
s	370.71	914	1	0
d	371.06	914	0	0
a	372.201	915	0	0
s	372.201	915	1	0
d	372.21	915	0	0
a	372.256	916	0	0
s	372.256	916	1	0
d	372.32	916	0	0
a	372.42	917	0	0
s	372.42	917	1	0
d	372.43	917	0	0
a	372.433	918	0	0
s	372.433	918	1	0
d	372.442	918	0	0
a	372.79	919	0	0
s	372.79	919	1	0
d	372.948	919	0	0
a	373.164	920	0	0
s	373.164	920	1	0
a	373.192	921	1	0
d	373.285	920	1	1
s	373.285	921	1	0
d	373.335	921	0	0
a	373.445	922	0	0
s	373.445	922	1	0
a	373.49	923	1	0
d	373.544	922	1	1
s	373.544	923	1	0
d	373.612	923	0	0
a	373.721	924	0	0
s	373.721	924	1	0
a	373.775	925	1	0
d	373.795	924	1	1
s	373.795	925	1	0
d	373.868	925	0	0
a	375.312	926	0	0
s	375.312	926	1	0
d	375.352	926	0	0
a	375.672	927	0	0
s	375.672	927	1	0
d	375.844	927	0	0
a	376.237	928	0	0
s	376.237	928	1	0
d	376.242	928	0	0
a	376.458	929	0	0
s	376.458	929	1	0
d	376.494	929	0	0
a	376.564	930	0	0
s	376.564	930	1	0
d	376.586	930	0	0
a	376.726	931	0	0
s	376.726	931	1	0
a	376.755	932	1	0
d	376.842	931	1	1
s	376.842	932	1	0
d	376.866	932	0	0
a	377.641	933	0	0
s	377.641	933	1	0
a	377.655	934	1	0
a	377.806	935	1	1
d	378.023	933	1	2
s	378.023	934	1	1
d	378.135	934	1	1
s	378.135	935	1	0
d	378.282	935	0	0
a	379.987	936	0	0
s	379.987	936	1	0
a	380.209	937	1	0
d	380.238	936	1	1
s	380.238	937	1	0
d	380.366	937	0	0
a	382.428	938	0	0
s	382.428	938	1	0
d	382.48	938	0	0
a	382.704	939	0	0
s	382.704	939	1	0
a	382.812	940	1	0
d	382.93	939	1	1
s	382.93	940	1	0
d	383.127	940	0	0
a	383.224	941	0	0
s	383.224	941	1	0
a	383.227	942	1	0
a	383.373	943	1	1
d	383.38	941	1	2
s	383.38	942	1	1
d	383.53	942	1	1
s	383.53	943	1	0
d	383.53	943	0	0
a	384.135	944	0	0
s	384.135	944	1	0
d	384.15	944	0	0
a	384.252	945	0	0
s	384.252	945	1	0
d	384.259	945	0	0
a	384.333	946	0	0
s	384.333	946	1	0
d	384.393	946	0	0
a	384.836	947	0	0
s	384.836	947	1	0
a	384.937	948	1	0
d	385.007	947	1	1
s	385.007	948	1	0
d	385.07	948	0	0
a	385.275	949	0	0
s	385.275	949	1	0
d	385.306	949	0	0
a	385.352	950	0	0
s	385.352	950	1	0
a	385.37	951	1	0
d	385.381	950	1	1
s	385.381	951	1	0
d	385.438	951	0	0
a	385.518	952	0	0
s	385.518	952	1	0
d	385.574	952	0	0
a	385.697	953	0	0
s	385.697	953	1	0
d	385.766	953	0	0
a	386.026	954	0	0
s	386.026	954	1	0
d	386.026	954	0	0
a	386.11	955	0	0
s	386.11	955	1	0
d	386.133	955	0	0
a	386.228	956	0	0
s	386.228	956	1	0
d	386.271	956	0	0
a	386.854	957	0	0
s	386.854	957	1	0
d	386.868	957	0	0
a	386.925	958	0	0
s	386.925	958	1	0
d	386.939	958	0	0
a	387.31	959	0	0
s	387.31	959	1	0
a	387.38	960	1	0
d	387.515	959	1	1
s	387.515	960	1	0
d	387.593	960	0	0
a	389.203	961	0	0
s	389.203	961	1	0
a	389.259	962	1	0
d	389.371	961	1	1
s	389.371	962	1	0
d	389.548	962	0	0
a	389.619	963	0	0
s	389.619	963	1	0
d	389.653	963	0	0
a	390.022	964	0	0
s	390.022	964	1	0
d	390.041	964	0	0
a	390.499	965	0	0
s	390.499	965	1	0
a	390.581	966	1	0
d	390.732	965	1	1
s	390.732	966	1	0
d	390.749	966	0	0
a	391.133	967	0	0
s	391.133	967	1	0
d	391.18	967	0	0
a	391.284	968	0	0
s	391.284	968	1	0
a	391.384	969	1	0
d	391.69	968	1	1
s	391.69	969	1	0
d	391.78	969	0	0
a	392.788	970	0	0
s	392.788	970	1	0
d	392.806	970	0	0
a	393.107	971	0	0
s	393.107	971	1	0
d	393.127	971	0	0
a	393.14	972	0	0
s	393.14	972	1	0
a	393.148	973	1	0
d	393.192	972	1	1
s	393.192	973	1	0
d	393.193	973	0	0
a	394.072	974	0	0
s	394.072	974	1	0
a	394.083	975	1	0
d	394.132	974	1	1
s	394.132	975	1	0
d	394.185	975	0	0
a	394.463	976	0	0
s	394.463	976	1	0
a	394.612	977	1	0
d	394.618	976	1	1
s	394.618	977	1	0
d	394.694	977	0	0
a	394.84	978	0	0
s	394.84	978	1	0
d	395.119	978	0	0
a	395.247	979	0	0
s	395.247	979	1	0
d	395.25	979	0	0
a	395.425	980	0	0
s	395.425	980	1	0
d	395.495	980	0	0
a	395.5	981	0	0
s	395.5	981	1	0
a	395.565	982	1	0
d	395.666	981	1	1
s	395.666	982	1	0
d	395.746	982	0	0
a	396.903	983	0	0
s	396.903	983	1	0
d	397.048	983	0	0
a	397.156	984	0	0
s	397.156	984	1	0
d	397.158	984	0	0
a	397.279	985	0	0
s	397.279	985	1	0
d	397.289	985	0	0
a	397.617	986	0	0
s	397.617	986	1	0
d	397.89	986	0	0
a	397.957	987	0	0
s	397.957	987	1	0
a	397.962	988	1	0
d	398.048	987	1	1
s	398.048	988	1	0
d	398.06	988	0	0
