trace file for the simulation
format of the file
<event> <time> <item id> <server status> <queue size>

a	0.742626	1	0	0
s	0.742626	1	1	0
d	0.799973	1	0	0
a	0.92524	2	0	0
s	0.92524	2	1	0
d	0.94647	2	0	0
a	0.984813	3	0	0
s	0.984813	3	1	0
d	1.05824	3	0	0
a	1.10137	4	0	0
s	1.10137	4	1	0
d	1.11236	4	0	0
a	1.12304	5	0	0
s	1.12304	5	1	0
d	1.15226	5	0	0
a	1.31727	6	0	0
s	1.31727	6	1	0
d	1.33248	6	0	0
a	1.35525	7	0	0
s	1.35525	7	1	0
d	1.4219	7	0	0
a	1.48756	8	0	0
s	1.48756	8	1	0
a	1.7534	9	1	0
d	1.90764	8	1	1
s	1.90764	9	1	0
d	1.9088	9	0	0
a	2.93422	10	0	0
s	2.93422	10	1	0
d	2.99023	10	0	0
a	2.99066	11	0	0
s	2.99066	11	1	0
d	3.04056	11	0	0
a	3.19003	12	0	0
s	3.19003	12	1	0
d	3.23113	12	0	0
a	3.27857	13	0	0
s	3.27857	13	1	0
d	3.38295	13	0	0
a	3.59679	14	0	0
s	3.59679	14	1	0
a	3.62393	15	1	0
d	3.64661	14	1	1
s	3.64661	15	1	0
a	3.69856	16	1	0
a	3.70358	17	1	1
d	3.71202	15	1	2
s	3.71202	16	1	1
d	3.77377	16	1	1
s	3.77377	17	1	0
d	3.91845	17	0	0
a	3.92878	18	0	0
s	3.92878	18	1	0
a	3.95644	19	1	0
d	4.08503	18	1	1
s	4.08503	19	1	0
d	4.10246	19	0	0
a	4.59268	20	0	0
s	4.59268	20	1	0
a	4.63599	21	1	0
d	4.83061	20	1	1
s	4.83061	21	1	0
a	5.19899	22	1	0
a	5.21869	23	1	1
d	5.30403	21	1	2
s	5.30403	22	1	1
d	5.37986	22	1	1
s	5.37986	23	1	0
d	5.45796	23	0	0
a	5.62581	24	0	0
s	5.62581	24	1	0
d	5.6566	24	0	0
a	5.68092	25	0	0
s	5.68092	25	1	0
d	5.73672	25	0	0
a	5.79403	26	0	0
s	5.79403	26	1	0
a	5.88907	27	1	0
d	5.94315	26	1	1
s	5.94315	27	1	0
d	6.04941	27	0	0
a	6.14388	28	0	0
s	6.14388	28	1	0
a	6.18355	29	1	0
d	6.41949	28	1	1
s	6.41949	29	1	0
d	6.42947	29	0	0
a	6.61513	30	0	0
s	6.61513	30	1	0
a	6.61891	31	1	0
a	6.75776	32	1	1
d	6.88053	30	1	2
s	6.88053	31	1	1
d	6.90072	31	1	1
s	6.90072	32	1	0
a	6.9415	33	1	0
d	6.97511	32	1	1
s	6.97511	33	1	0
d	7.04365	33	0	0
a	7.14826	34	0	0
s	7.14826	34	1	0
d	7.2385	34	0	0
a	7.28987	35	0	0
s	7.28987	35	1	0
a	7.33236	36	1	0
d	7.34631	35	1	1
s	7.34631	36	1	0
d	7.37889	36	0	0
a	7.98856	37	0	0
s	7.98856	37	1	0
d	8.02966	37	0	0
a	8.08332	38	0	0
s	8.08332	38	1	0
a	8.0891	39	1	0
d	8.30901	38	1	1
s	8.30901	39	1	0
d	8.32562	39	0	0
a	8.55706	40	0	0
s	8.55706	40	1	0
a	8.59064	41	1	0
d	8.6782	40	1	1
s	8.6782	41	1	0
d	8.6957	41	0	0
a	8.78641	42	0	0
s	8.78641	42	1	0
a	8.79934	43	1	0
d	8.85554	42	1	1
s	8.85554	43	1	0
d	8.91131	43	0	0
a	9.19876	44	0	0
s	9.19876	44	1	0
a	9.26903	45	1	0
d	9.49733	44	1	1
s	9.49733	45	1	0
d	9.53924	45	0	0
a	9.75476	46	0	0
s	9.75476	46	1	0
d	9.78445	46	0	0
a	9.88345	47	0	0
s	9.88345	47	1	0
d	9.88952	47	0	0
a	10.0225	48	0	0
s	10.0225	48	1	0
d	10.1315	48	0	0
a	10.2408	49	0	0
s	10.2408	49	1	0
a	10.2608	50	1	0
d	10.2718	49	1	1
s	10.2718	50	1	0
d	10.3229	50	0	0
a	11.2078	51	0	0
s	11.2078	51	1	0
d	11.3636	51	0	0
a	11.4475	52	0	0
s	11.4475	52	1	0
a	11.689	53	1	0
d	11.8726	52	1	1
s	11.8726	53	1	0
d	11.9555	53	0	0
a	12.2856	54	0	0
s	12.2856	54	1	0
a	12.3466	55	1	0
d	12.4316	54	1	1
s	12.4316	55	1	0
d	12.5001	55	0	0
a	13.9886	56	0	0
s	13.9886	56	1	0
d	14.1124	56	0	0
a	14.1532	57	0	0
s	14.1532	57	1	0
d	14.1795	57	0	0
a	14.2521	58	0	0
s	14.2521	58	1	0
a	14.3038	59	1	0
d	14.4121	58	1	1
s	14.4121	59	1	0
d	14.4635	59	0	0
a	14.4828	60	0	0
s	14.4828	60	1	0
a	14.5192	61	1	0
d	14.5299	60	1	1
s	14.5299	61	1	0
d	14.699	61	0	0
a	14.9466	62	0	0
s	14.9466	62	1	0
d	15.0002	62	0	0
a	15.0628	63	0	0
s	15.0628	63	1	0
a	15.0961	64	1	0
a	15.293	65	1	1
a	15.3033	66	1	2
d	15.3149	63	1	3
s	15.3149	64	1	2
d	15.3467	64	1	2
s	15.3467	65	1	1
a	15.4022	67	1	1
d	15.6608	65	1	2
s	15.6608	66	1	1
d	15.6749	66	1	1
s	15.6749	67	1	0
d	15.691	67	0	0
a	15.9674	68	0	0
s	15.9674	68	1	0
a	16.0168	69	1	0
a	16.1955	70	1	1
d	16.2243	68	1	2
s	16.2243	69	1	1
d	16.3008	69	1	1
s	16.3008	70	1	0
d	16.4888	70	0	0
a	16.4922	71	0	0
s	16.4922	71	1	0
d	16.4964	71	0	0
a	16.5073	72	0	0
s	16.5073	72	1	0
d	16.5394	72	0	0
a	16.641	73	0	0
s	16.641	73	1	0
d	16.6468	73	0	0
a	16.8701	74	0	0
s	16.8701	74	1	0
a	16.897	75	1	0
d	17.1423	74	1	1
s	17.1423	75	1	0
d	17.1848	75	0	0
a	17.7565	76	0	0
s	17.7565	76	1	0
d	17.7976	76	0	0
a	17.9972	77	0	0
s	17.9972	77	1	0
a	18.075	78	1	0
d	18.0942	77	1	1
s	18.0942	78	1	0
d	18.1617	78	0	0
a	18.2123	79	0	0
s	18.2123	79	1	0
d	18.3052	79	0	0
a	18.7828	80	0	0
s	18.7828	80	1	0
d	18.8174	80	0	0
a	19.038	81	0	0
s	19.038	81	1	0
a	19.0543	82	1	0
d	19.0853	81	1	1
s	19.0853	82	1	0
d	19.1144	82	0	0
a	19.3628	83	0	0
s	19.3628	83	1	0
a	19.472	84	1	0
d	19.5362	83	1	1
s	19.5362	84	1	0
a	19.565	85	1	0
a	19.6883	86	1	1
d	19.8944	84	1	2
s	19.8944	85	1	1
d	19.911	85	1	1
s	19.911	86	1	0
d	19.9626	86	0	0
a	20.5244	87	0	0
s	20.5244	87	1	0
d	20.6769	87	0	0
a	20.8265	88	0	0
s	20.8265	88	1	0
d	20.8736	88	0	0
a	20.946	89	0	0
s	20.946	89	1	0
a	21.0572	90	1	0
d	21.0602	89	1	1
s	21.0602	90	1	0
d	21.0822	90	0	0
a	21.2112	91	0	0
s	21.2112	91	1	0
a	21.2625	92	1	0
d	21.4044	91	1	1
s	21.4044	92	1	0
d	21.6036	92	0	0
a	21.9114	93	0	0
s	21.9114	93	1	0
a	22.0411	94	1	0
d	22.0603	93	1	1
s	22.0603	94	1	0
d	22.0816	94	0	0
a	22.4519	95	0	0
s	22.4519	95	1	0
d	22.463	95	0	0
a	22.4782	96	0	0
s	22.4782	96	1	0
d	22.5078	96	0	0
a	22.5321	97	0	0
s	22.5321	97	1	0
d	22.5476	97	0	0
a	22.6962	98	0	0
s	22.6962	98	1	0
d	22.7108	98	0	0
a	22.8597	99	0	0
s	22.8597	99	1	0
a	22.9277	100	1	0
d	22.9986	99	1	1
s	22.9986	100	1	0
d	23.0631	100	0	0
a	23.3027	101	0	0
s	23.3027	101	1	0
a	23.3155	102	1	0
d	23.4379	101	1	1
s	23.4379	102	1	0
d	23.6299	102	0	0
a	23.7658	103	0	0
s	23.7658	103	1	0
a	23.8868	104	1	0
a	24.0249	105	1	1
d	24.0493	103	1	2
s	24.0493	104	1	1
d	24.0665	104	1	1
s	24.0665	105	1	0
a	24.0945	106	1	0
d	24.1031	105	1	1
s	24.1031	106	1	0
a	24.2446	107	1	0
d	24.6472	106	1	1
s	24.6472	107	1	0
a	25.0495	108	1	0
d	25.141	107	1	1
s	25.141	108	1	0
a	25.1926	109	1	0
a	25.21	110	1	1
d	25.3908	108	1	2
s	25.3908	109	1	1
d	25.4117	109	1	1
s	25.4117	110	1	0
d	25.453	110	0	0
a	25.555	111	0	0
s	25.555	111	1	0
d	25.5927	111	0	0
a	25.7713	112	0	0
s	25.7713	112	1	0
a	25.8066	113	1	0
d	25.8085	112	1	1
s	25.8085	113	1	0
d	26.1556	113	0	0
a	26.4775	114	0	0
s	26.4775	114	1	0
a	26.4795	115	1	0
d	26.6705	114	1	1
s	26.6705	115	1	0
a	26.6933	116	1	0
a	26.8516	117	1	1
d	26.8563	115	1	2
s	26.8563	116	1	1
d	27.0803	116	1	1
s	27.0803	117	1	0
d	27.2565	117	0	0
a	29.1231	118	0	0
s	29.1231	118	1	0
a	29.1508	119	1	0
d	29.2863	118	1	1
s	29.2863	119	1	0
a	29.4678	120	1	0
d	29.4755	119	1	1
s	29.4755	120	1	0
a	29.5286	121	1	0
d	29.5378	120	1	1
s	29.5378	121	1	0
d	29.6427	121	0	0
a	29.8375	122	0	0
s	29.8375	122	1	0
a	29.9423	123	1	0
a	30.0008	124	1	1
d	30.103	122	1	2
s	30.103	123	1	1
d	30.2889	123	1	1
s	30.2889	124	1	0
a	30.3258	125	1	0
d	30.3707	124	1	1
s	30.3707	125	1	0
d	30.4231	125	0	0
a	30.4286	126	0	0
s	30.4286	126	1	0
a	30.4343	127	1	0
d	30.5897	126	1	1
s	30.5897	127	1	0
d	30.6451	127	0	0
a	30.7279	128	0	0
s	30.7279	128	1	0
d	30.8532	128	0	0
a	30.8774	129	0	0
s	30.8774	129	1	0
a	30.8897	130	1	0
d	30.9672	129	1	1
s	30.9672	130	1	0
a	30.9752	131	1	0
d	31.0604	130	1	1
s	31.0604	131	1	0
a	31.0777	132	1	0
d	31.1551	131	1	1
s	31.1551	132	1	0
d	31.1845	132	0	0
a	31.6123	133	0	0
s	31.6123	133	1	0
d	31.6216	133	0	0
a	31.7234	134	0	0
s	31.7234	134	1	0
d	31.7893	134	0	0
a	31.9693	135	0	0
s	31.9693	135	1	0
d	31.979	135	0	0
a	32.1464	136	0	0
s	32.1464	136	1	0
a	32.1935	137	1	0
d	32.2122	136	1	1
s	32.2122	137	1	0
d	32.2497	137	0	0
a	33.8261	138	0	0
s	33.8261	138	1	0
a	33.8732	139	1	0
d	33.8746	138	1	1
s	33.8746	139	1	0
d	34.1066	139	0	0
a	34.4788	140	0	0
s	34.4788	140	1	0
d	34.5733	140	0	0
a	34.8117	141	0	0
s	34.8117	141	1	0
d	34.8328	141	0	0
a	35.0089	142	0	0
s	35.0089	142	1	0
a	35.1388	143	1	0
d	35.2889	142	1	1
s	35.2889	143	1	0
d	35.3613	143	0	0
a	35.8133	144	0	0
s	35.8133	144	1	0
a	35.8689	145	1	0
d	35.881	144	1	1
s	35.881	145	1	0
a	35.9253	146	1	0
d	35.9724	145	1	1
s	35.9724	146	1	0
d	35.9727	146	0	0
a	35.9778	147	0	0
s	35.9778	147	1	0
a	36.0417	148	1	0
d	36.2707	147	1	1
s	36.2707	148	1	0
d	36.633	148	0	0
a	36.8645	149	0	0
s	36.8645	149	1	0
d	36.871	149	0	0
a	36.9657	150	0	0
s	36.9657	150	1	0
d	36.9976	150	0	0
a	37.0204	151	0	0
s	37.0204	151	1	0
a	37.0352	152	1	0
d	37.0417	151	1	1
s	37.0417	152	1	0
d	37.0936	152	0	0
a	37.2067	153	0	0
s	37.2067	153	1	0
d	37.2594	153	0	0
a	37.2654	154	0	0
s	37.2654	154	1	0
a	37.288	155	1	0
d	37.3218	154	1	1
s	37.3218	155	1	0
a	37.3321	156	1	0
d	37.4286	155	1	1
s	37.4286	156	1	0
d	37.5361	156	0	0
a	37.8413	157	0	0
s	37.8413	157	1	0
a	37.8702	158	1	0
d	37.9874	157	1	1
s	37.9874	158	1	0
d	38.0194	158	0	0
a	38.4198	159	0	0
s	38.4198	159	1	0
d	38.4302	159	0	0
a	38.4474	160	0	0
s	38.4474	160	1	0
d	38.451	160	0	0
a	38.6277	161	0	0
s	38.6277	161	1	0
d	38.6381	161	0	0
a	38.6529	162	0	0
s	38.6529	162	1	0
d	38.6577	162	0	0
a	38.6711	163	0	0
s	38.6711	163	1	0
d	38.6827	163	0	0
a	38.7227	164	0	0
s	38.7227	164	1	0
a	38.7763	165	1	0
d	38.8912	164	1	1
s	38.8912	165	1	0
d	39.0295	165	0	0
a	39.1467	166	0	0
s	39.1467	166	1	0
d	39.2199	166	0	0
a	39.4253	167	0	0
s	39.4253	167	1	0
a	39.4426	168	1	0
d	39.4468	167	1	1
s	39.4468	168	1	0
d	39.5647	168	0	0
a	40.4053	169	0	0
s	40.4053	169	1	0
d	40.4421	169	0	0
a	40.5995	170	0	0
s	40.5995	170	1	0
a	40.7429	171	1	0
d	40.8624	170	1	1
s	40.8624	171	1	0
a	40.929	172	1	0
d	41.0083	171	1	1
s	41.0083	172	1	0
d	41.0112	172	0	0
a	41.0915	173	0	0
s	41.0915	173	1	0
d	41.2182	173	0	0
a	41.5112	174	0	0
s	41.5112	174	1	0
d	41.5374	174	0	0
a	41.7206	175	0	0
s	41.7206	175	1	0
d	42.0265	175	0	0
a	42.241	176	0	0
s	42.241	176	1	0
a	42.2899	177	1	0
d	42.3464	176	1	1
s	42.3464	177	1	0
d	42.4345	177	0	0
a	42.8358	178	0	0
s	42.8358	178	1	0
d	42.849	178	0	0
a	42.9052	179	0	0
s	42.9052	179	1	0
d	42.9614	179	0	0
a	43.2295	180	0	0
s	43.2295	180	1	0
d	43.3059	180	0	0
a	43.3792	181	0	0
s	43.3792	181	1	0
a	43.3955	182	1	0
d	43.4643	181	1	1
s	43.4643	182	1	0
a	43.5415	183	1	0
a	43.6569	184	1	1
a	43.6778	185	1	2
d	43.708	182	1	3
s	43.708	183	1	2
d	43.7901	183	1	2
s	43.7901	184	1	1
d	43.8096	184	1	1
s	43.8096	185	1	0
d	43.8945	185	0	0
a	44.0921	186	0	0
s	44.0921	186	1	0
a	44.1206	187	1	0
d	44.134	186	1	1
s	44.134	187	1	0
d	44.375	187	0	0
a	44.5324	188	0	0
s	44.5324	188	1	0
a	44.5562	189	1	0
d	44.5704	188	1	1
s	44.5704	189	1	0
a	44.764	190	1	0
d	44.765	189	1	1
s	44.765	190	1	0
a	44.8843	191	1	0
a	44.9325	192	1	1
d	45.1637	190	1	2
s	45.1637	191	1	1
d	45.2087	191	1	1
s	45.2087	192	1	0
d	45.2927	192	0	0
a	45.519	193	0	0
s	45.519	193	1	0
a	45.5464	194	1	0
d	45.5615	193	1	1
s	45.5615	194	1	0
d	45.5806	194	0	0
a	45.9663	195	0	0
s	45.9663	195	1	0
d	46.0119	195	0	0
a	46.0327	196	0	0
s	46.0327	196	1	0
d	46.0344	196	0	0
a	46.1182	197	0	0
s	46.1182	197	1	0
a	46.2517	198	1	0
d	46.272	197	1	1
s	46.272	198	1	0
d	46.3791	198	0	0
a	46.5874	199	0	0
s	46.5874	199	1	0
d	46.6154	199	0	0
a	46.7975	200	0	0
s	46.7975	200	1	0
a	46.8353	201	1	0
d	46.8759	200	1	1
s	46.8759	201	1	0
d	46.9235	201	0	0
a	47.1267	202	0	0
s	47.1267	202	1	0
d	47.1606	202	0	0
a	47.2823	203	0	0
s	47.2823	203	1	0
d	47.3427	203	0	0
a	47.361	204	0	0
s	47.361	204	1	0
d	47.3659	204	0	0
a	47.4055	205	0	0
s	47.4055	205	1	0
d	47.4323	205	0	0
a	47.458	206	0	0
s	47.458	206	1	0
a	47.483	207	1	0
d	47.5388	206	1	1
s	47.5388	207	1	0
d	47.5851	207	0	0
a	48.1105	208	0	0
s	48.1105	208	1	0
a	48.1454	209	1	0
d	48.2699	208	1	1
s	48.2699	209	1	0
d	48.3144	209	0	0
a	48.6388	210	0	0
s	48.6388	210	1	0
d	48.7195	210	0	0
a	48.9489	211	0	0
s	48.9489	211	1	0
a	49.0055	212	1	0
d	49.1546	211	1	1
s	49.1546	212	1	0
d	49.3302	212	0	0
a	49.6061	213	0	0
s	49.6061	213	1	0
a	49.6492	214	1	0
d	49.7568	213	1	1
s	49.7568	214	1	0
d	49.8266	214	0	0
a	49.9653	215	0	0
s	49.9653	215	1	0
d	50.0734	215	0	0
a	50.074	216	0	0
s	50.074	216	1	0
a	50.0951	217	1	0
a	50.1914	218	1	1
a	50.2392	219	1	2
d	50.2792	216	1	3
s	50.2792	217	1	2
d	50.3101	217	1	2
s	50.3101	218	1	1
a	50.3179	220	1	1
d	50.3406	218	1	2
s	50.3406	219	1	1
a	50.4028	221	1	1
d	50.4419	219	1	2
s	50.4419	220	1	1
d	50.4519	220	1	1
s	50.4519	221	1	0
d	50.4716	221	0	0
a	50.6458	222	0	0
s	50.6458	222	1	0
d	50.6598	222	0	0
a	50.6761	223	0	0
s	50.6761	223	1	0
a	50.7734	224	1	0
d	51.0002	223	1	1
s	51.0002	224	1	0
d	51.1805	224	0	0
a	51.6532	225	0	0
s	51.6532	225	1	0
a	51.6767	226	1	0
d	51.7741	225	1	1
s	51.7741	226	1	0
d	51.7743	226	0	0
a	52.2561	227	0	0
s	52.2561	227	1	0
a	52.2606	228	1	0
d	52.4193	227	1	1
s	52.4193	228	1	0
d	52.5156	228	0	0
a	54.1278	229	0	0
s	54.1278	229	1	0
a	54.1369	230	1	0
d	54.3656	229	1	1
s	54.3656	230	1	0
d	54.4368	230	0	0
a	54.5261	231	0	0
s	54.5261	231	1	0
d	54.5355	231	0	0
a	54.552	232	0	0
s	54.552	232	1	0
a	54.6178	233	1	0
d	54.7131	232	1	1
s	54.7131	233	1	0
d	54.7781	233	0	0
a	55.0874	234	0	0
s	55.0874	234	1	0
d	55.0964	234	0	0
a	55.1022	235	0	0
s	55.1022	235	1	0
d	55.1249	235	0	0
a	55.234	236	0	0
s	55.234	236	1	0
a	55.3151	237	1	0
d	55.3269	236	1	1
s	55.3269	237	1	0
d	55.3697	237	0	0
a	55.6424	238	0	0
s	55.6424	238	1	0
d	55.6687	238	0	0
a	55.6734	239	0	0
s	55.6734	239	1	0
d	55.8249	239	0	0
a	55.8807	240	0	0
s	55.8807	240	1	0
a	55.9251	241	1	0
d	56.1663	240	1	1
s	56.1663	241	1	0
d	56.2725	241	0	0
a	56.4225	242	0	0
s	56.4225	242	1	0
d	56.4678	242	0	0
a	56.558	243	0	0
s	56.558	243	1	0
a	56.5729	244	1	0
d	56.632	243	1	1
s	56.632	244	1	0
d	56.8613	244	0	0
a	57.5647	245	0	0
s	57.5647	245	1	0
a	57.5767	246	1	0
d	57.7075	245	1	1
s	57.7075	246	1	0
d	57.8386	246	0	0
a	57.9196	247	0	0
s	57.9196	247	1	0
d	57.9691	247	0	0
a	58.2748	248	0	0
s	58.2748	248	1	0
d	58.4499	248	0	0
a	58.463	249	0	0
s	58.463	249	1	0
a	58.5519	250	1	0
d	58.5663	249	1	1
s	58.5663	250	1	0
d	58.5775	250	0	0
a	58.8822	251	0	0
s	58.8822	251	1	0
d	58.8964	251	0	0
a	58.9016	252	0	0
s	58.9016	252	1	0
a	59.0107	253	1	0
d	59.0935	252	1	1
s	59.0935	253	1	0
d	59.0962	253	0	0
a	59.3158	254	0	0
s	59.3158	254	1	0
a	59.3381	255	1	0
d	59.3464	254	1	1
s	59.3464	255	1	0
d	59.3795	255	0	0
a	59.5695	256	0	0
s	59.5695	256	1	0
a	59.6174	257	1	0
d	59.6675	256	1	1
s	59.6675	257	1	0
a	59.9119	258	1	0
a	60.0087	259	1	1
d	60.1559	257	1	2
s	60.1559	258	1	1
d	60.1841	258	1	1
s	60.1841	259	1	0
a	60.2519	260	1	0
a	60.2808	261	1	1
d	60.528	259	1	2
s	60.528	260	1	1
d	60.5288	260	1	1
s	60.5288	261	1	0
d	60.5428	261	0	0
a	61.4717	262	0	0
s	61.4717	262	1	0
a	61.4786	263	1	0
d	61.6319	262	1	1
s	61.6319	263	1	0
d	61.6431	263	0	0
a	61.7096	264	0	0
s	61.7096	264	1	0
d	61.7904	264	0	0
a	61.8767	265	0	0
s	61.8767	265	1	0
d	61.9222	265	0	0
a	61.9411	266	0	0
s	61.9411	266	1	0
d	61.9883	266	0	0
a	62.0366	267	0	0
s	62.0366	267	1	0
a	62.0528	268	1	0
d	62.4471	267	1	1
s	62.4471	268	1	0
d	62.4513	268	0	0
a	62.5946	269	0	0
s	62.5946	269	1	0
d	62.6248	269	0	0
a	62.8165	270	0	0
s	62.8165	270	1	0
d	62.8825	270	0	0
a	63.2507	271	0	0
s	63.2507	271	1	0
a	63.2829	272	1	0
d	63.7471	271	1	1
s	63.7471	272	1	0
d	63.7931	272	0	0
a	63.8682	273	0	0
s	63.8682	273	1	0
a	63.9069	274	1	0
d	63.9375	273	1	1
s	63.9375	274	1	0
d	63.957	274	0	0
a	64.054	275	0	0
s	64.054	275	1	0
d	64.0976	275	0	0
a	64.1113	276	0	0
s	64.1113	276	1	0
a	64.1301	277	1	0
a	64.2164	278	1	1
d	64.2446	276	1	2
s	64.2446	277	1	1
d	64.668	277	1	1
s	64.668	278	1	0
d	64.7196	278	0	0
a	65.7728	279	0	0
s	65.7728	279	1	0
a	65.8373	280	1	0
d	65.8424	279	1	1
s	65.8424	280	1	0
d	65.9396	280	0	0
a	66.2218	281	0	0
s	66.2218	281	1	0
d	66.2254	281	0	0
a	66.2769	282	0	0
s	66.2769	282	1	0
d	66.3307	282	0	0
a	66.5626	283	0	0
s	66.5626	283	1	0
a	66.6399	284	1	0
d	66.6813	283	1	1
s	66.6813	284	1	0
d	66.6946	284	0	0
a	66.9556	285	0	0
s	66.9556	285	1	0
d	67.0087	285	0	0
a	67.1258	286	0	0
s	67.1258	286	1	0
a	67.1407	287	1	0
d	67.1837	286	1	1
s	67.1837	287	1	0
d	67.3036	287	0	0
a	67.4734	288	0	0
s	67.4734	288	1	0
a	67.4863	289	1	0
d	67.554	288	1	1
s	67.554	289	1	0
d	67.6019	289	0	0
a	68.0135	290	0	0
s	68.0135	290	1	0
a	68.1761	291	1	0
d	68.2288	290	1	1
s	68.2288	291	1	0
d	68.3374	291	0	0
a	68.6034	292	0	0
s	68.6034	292	1	0
d	68.6746	292	0	0
a	68.7018	293	0	0
s	68.7018	293	1	0
d	68.7096	293	0	0
a	68.7584	294	0	0
s	68.7584	294	1	0
a	68.8409	295	1	0
d	68.8814	294	1	1
s	68.8814	295	1	0
d	68.8864	295	0	0
a	68.9879	296	0	0
s	68.9879	296	1	0
d	69.01	296	0	0
a	69.046	297	0	0
s	69.046	297	1	0
a	69.053	298	1	0
d	69.1605	297	1	1
s	69.1605	298	1	0
d	69.1664	298	0	0
a	70.018	299	0	0
s	70.018	299	1	0
d	70.2174	299	0	0
a	70.4886	300	0	0
s	70.4886	300	1	0
d	70.5087	300	0	0
a	70.5138	301	0	0
s	70.5138	301	1	0
d	70.5387	301	0	0
a	70.5602	302	0	0
s	70.5602	302	1	0
a	70.5876	303	1	0
d	70.6811	302	1	1
s	70.6811	303	1	0
d	70.7506	303	0	0
a	71.4272	304	0	0
s	71.4272	304	1	0
d	71.4607	304	0	0
a	71.5264	305	0	0
s	71.5264	305	1	0
a	71.6609	306	1	0
d	71.6976	305	1	1
s	71.6976	306	1	0
d	71.7271	306	0	0
a	72.9215	307	0	0
s	72.9215	307	1	0
a	72.9839	308	1	0
d	73.0605	307	1	1
s	73.0605	308	1	0
a	73.1015	309	1	0
d	73.1221	308	1	1
s	73.1221	309	1	0
a	73.3316	310	1	0
d	73.3473	309	1	1
s	73.3473	310	1	0
d	73.3584	310	0	0
a	73.3932	311	0	0
s	73.3932	311	1	0
a	73.4599	312	1	0
d	73.4878	311	1	1
s	73.4878	312	1	0
a	73.5041	313	1	0
d	73.5675	312	1	1
s	73.5675	313	1	0
d	73.5727	313	0	0
a	73.645	314	0	0
s	73.645	314	1	0
d	73.6767	314	0	0
a	73.7027	315	0	0
s	73.7027	315	1	0
d	73.8328	315	0	0
a	73.9277	316	0	0
s	73.9277	316	1	0
a	73.9844	317	1	0
d	74.0897	316	1	1
s	74.0897	317	1	0
d	74.1634	317	0	0
a	74.2778	318	0	0
s	74.2778	318	1	0
a	74.3519	319	1	0
d	74.4216	318	1	1
s	74.4216	319	1	0
d	74.4324	319	0	0
a	75.1224	320	0	0
s	75.1224	320	1	0
a	75.1463	321	1	0
d	75.1526	320	1	1
s	75.1526	321	1	0
d	75.1902	321	0	0
a	75.5283	322	0	0
s	75.5283	322	1	0
d	75.5434	322	0	0
a	75.6476	323	0	0
s	75.6476	323	1	0
a	75.7282	324	1	0
d	75.9591	323	1	1
s	75.9591	324	1	0
d	75.9768	324	0	0
a	76.3855	325	0	0
s	76.3855	325	1	0
a	76.4122	326	1	0
d	76.4714	325	1	1
s	76.4714	326	1	0
d	76.5539	326	0	0
a	77.0606	327	0	0
s	77.0606	327	1	0
a	77.217	328	1	0
d	77.329	327	1	1
s	77.329	328	1	0
d	77.4291	328	0	0
a	78.5885	329	0	0
s	78.5885	329	1	0
d	78.6317	329	0	0
a	78.8642	330	0	0
s	78.8642	330	1	0
d	78.9978	330	0	0
a	79.0855	331	0	0
s	79.0855	331	1	0
a	79.1494	332	1	0
d	79.238	331	1	1
s	79.238	332	1	0
d	79.2838	332	0	0
a	79.4595	333	0	0
s	79.4595	333	1	0
d	79.5692	333	0	0
a	79.777	334	0	0
s	79.777	334	1	0
a	79.792	335	1	0
d	79.8135	334	1	1
s	79.8135	335	1	0
d	79.8276	335	0	0
a	79.8805	336	0	0
s	79.8805	336	1	0
d	79.9259	336	0	0
a	79.9338	337	0	0
s	79.9338	337	1	0
d	79.9857	337	0	0
a	79.9918	338	0	0
s	79.9918	338	1	0
a	79.9942	339	1	0
d	80.1557	338	1	1
s	80.1557	339	1	0
a	80.1568	340	1	0
d	80.2988	339	1	1
s	80.2988	340	1	0
a	80.334	341	1	0
d	80.3887	340	1	1
s	80.3887	341	1	0
d	80.3993	341	0	0
a	80.4785	342	0	0
s	80.4785	342	1	0
d	80.5103	342	0	0
a	80.6538	343	0	0
s	80.6538	343	1	0
a	80.7097	344	1	0
d	80.9477	343	1	1
s	80.9477	344	1	0
d	80.9524	344	0	0
a	81.039	345	0	0
s	81.039	345	1	0
d	81.0798	345	0	0
a	81.217	346	0	0
s	81.217	346	1	0
a	81.3319	347	1	0
d	81.3434	346	1	1
s	81.3434	347	1	0
d	81.4669	347	0	0
a	81.7153	348	0	0
s	81.7153	348	1	0
a	81.7375	349	1	0
d	81.7551	348	1	1
s	81.7551	349	1	0
d	81.8262	349	0	0
a	82.3103	350	0	0
s	82.3103	350	1	0
d	82.317	350	0	0
a	82.4476	351	0	0
s	82.4476	351	1	0
a	82.4801	352	1	0
d	82.4977	351	1	1
s	82.4977	352	1	0
d	82.5479	352	0	0
a	82.7535	353	0	0
s	82.7535	353	1	0
d	82.7907	353	0	0
a	82.8568	354	0	0
s	82.8568	354	1	0
d	82.8575	354	0	0
a	83.1105	355	0	0
s	83.1105	355	1	0
d	83.1993	355	0	0
a	83.51	356	0	0
s	83.51	356	1	0
d	83.5475	356	0	0
a	83.6602	357	0	0
s	83.6602	357	1	0
a	83.8241	358	1	0
d	83.838	357	1	1
s	83.838	358	1	0
d	83.8528	358	0	0
a	85.0074	359	0	0
s	85.0074	359	1	0
d	85.0969	359	0	0
a	85.1083	360	0	0
s	85.1083	360	1	0
a	85.1548	361	1	0
d	85.1966	360	1	1
s	85.1966	361	1	0
d	85.8073	361	0	0
a	86.0202	362	0	0
s	86.0202	362	1	0
d	86.0414	362	0	0
a	86.6122	363	0	0
s	86.6122	363	1	0
a	86.7156	364	1	0
d	86.8373	363	1	1
s	86.8373	364	1	0
d	86.9523	364	0	0
a	87.0055	365	0	0
s	87.0055	365	1	0
d	87.0626	365	0	0
a	87.0896	366	0	0
s	87.0896	366	1	0
d	87.0901	366	0	0
a	87.1825	367	0	0
s	87.1825	367	1	0
a	87.2792	368	1	0
d	87.2824	367	1	1
s	87.2824	368	1	0
d	87.3368	368	0	0
a	87.5866	369	0	0
s	87.5866	369	1	0
a	87.6419	370	1	0
d	87.6737	369	1	1
s	87.6737	370	1	0
d	87.8627	370	0	0
a	88.3234	371	0	0
s	88.3234	371	1	0
a	88.3775	372	1	0
d	88.5768	371	1	1
s	88.5768	372	1	0
d	88.7039	372	0	0
a	89.0736	373	0	0
s	89.0736	373	1	0
a	89.1348	374	1	0
d	89.5648	373	1	1
s	89.5648	374	1	0
d	89.715	374	0	0
a	89.7774	375	0	0
s	89.7774	375	1	0
a	89.7965	376	1	0
d	89.8042	375	1	1
s	89.8042	376	1	0
d	89.8892	376	0	0
a	90.2823	377	0	0
s	90.2823	377	1	0
d	90.3568	377	0	0
a	90.5446	378	0	0
s	90.5446	378	1	0
d	90.6325	378	0	0
a	90.7301	379	0	0
s	90.7301	379	1	0
a	90.7402	380	1	0
d	90.8371	379	1	1
s	90.8371	380	1	0
d	90.9541	380	0	0
a	91.2123	381	0	0
s	91.2123	381	1	0
d	91.3703	381	0	0
a	91.4076	382	0	0
s	91.4076	382	1	0
d	91.5169	382	0	0
a	91.7106	383	0	0
s	91.7106	383	1	0
a	91.7147	384	1	0
d	91.7795	383	1	1
s	91.7795	384	1	0
d	91.8525	384	0	0
a	92.2802	385	0	0
s	92.2802	385	1	0
a	92.3057	386	1	0
d	92.3265	385	1	1
s	92.3265	386	1	0
d	92.4608	386	0	0
a	92.8539	387	0	0
s	92.8539	387	1	0
d	92.8587	387	0	0
a	92.8707	388	0	0
s	92.8707	388	1	0
a	92.9092	389	1	0
d	92.9366	388	1	1
s	92.9366	389	1	0
d	92.9448	389	0	0
a	93.7645	390	0	0
s	93.7645	390	1	0
d	93.8485	390	0	0
a	93.9824	391	0	0
s	93.9824	391	1	0
d	93.9849	391	0	0
a	94.2708	392	0	0
s	94.2708	392	1	0
a	94.2807	393	1	0
a	94.775	394	1	1
a	94.7965	395	1	2
d	94.7969	392	1	3
s	94.7969	393	1	2
d	94.8663	393	1	2
s	94.8663	394	1	1
d	95.0567	394	1	1
s	95.0567	395	1	0
d	95.2154	395	0	0
a	95.5567	396	0	0
s	95.5567	396	1	0
d	95.587	396	0	0
a	95.6926	397	0	0
s	95.6926	397	1	0
a	95.7017	398	1	0
d	95.7166	397	1	1
s	95.7166	398	1	0
d	95.9416	398	0	0
a	96.0833	399	0	0
s	96.0833	399	1	0
d	96.0947	399	0	0
a	96.197	400	0	0
s	96.197	400	1	0
d	96.2934	400	0	0
a	96.3197	401	0	0
s	96.3197	401	1	0
a	96.333	402	1	0
d	96.3576	401	1	1
s	96.3576	402	1	0
d	96.4413	402	0	0
a	96.6827	403	0	0
s	96.6827	403	1	0
d	96.7119	403	0	0
a	96.7627	404	0	0
s	96.7627	404	1	0
d	96.7816	404	0	0
a	96.8273	405	0	0
s	96.8273	405	1	0
a	96.9449	406	1	0
d	96.955	405	1	1
s	96.955	406	1	0
d	96.9643	406	0	0
a	98.6134	407	0	0
s	98.6134	407	1	0
d	98.6351	407	0	0
a	98.8074	408	0	0
s	98.8074	408	1	0
a	98.8116	409	1	0
d	98.9205	408	1	1
s	98.9205	409	1	0
d	98.9502	409	0	0
a	99.4311	410	0	0
s	99.4311	410	1	0
d	99.4904	410	0	0
a	99.4938	411	0	0
s	99.4938	411	1	0
d	99.5567	411	0	0
a	99.6626	412	0	0
s	99.6626	412	1	0
a	99.7947	413	1	0
d	99.9187	412	1	1
s	99.9187	413	1	0
d	100.008	413	0	0
a	100.275	414	0	0
s	100.275	414	1	0
d	100.342	414	0	0
a	100.421	415	0	0
s	100.421	415	1	0
d	100.429	415	0	0
a	100.655	416	0	0
s	100.655	416	1	0
a	100.693	417	1	0
d	100.78	416	1	1
s	100.78	417	1	0
d	100.845	417	0	0
a	100.918	418	0	0
s	100.918	418	1	0
a	100.939	419	1	0
a	101.122	420	1	1
d	101.188	418	1	2
s	101.188	419	1	1
a	101.205	421	1	1
a	101.214	422	1	2
d	101.268	419	1	3
s	101.268	420	1	2
d	101.28	420	1	2
s	101.28	421	1	1
d	101.322	421	1	1
s	101.322	422	1	0
d	101.39	422	0	0
a	101.514	423	0	0
s	101.514	423	1	0
a	101.581	424	1	0
d	101.641	423	1	1
s	101.641	424	1	0
d	101.657	424	0	0
a	101.927	425	0	0
s	101.927	425	1	0
d	101.973	425	0	0
a	101.992	426	0	0
s	101.992	426	1	0
a	102.012	427	1	0
d	102.065	426	1	1
s	102.065	427	1	0
d	102.529	427	0	0
a	102.836	428	0	0
s	102.836	428	1	0
a	102.853	429	1	0
d	102.896	428	1	1
s	102.896	429	1	0
d	102.904	429	0	0
a	103.262	430	0	0
s	103.262	430	1	0
a	103.267	431	1	0
d	103.719	430	1	1
s	103.719	431	1	0
d	103.863	431	0	0
a	104.395	432	0	0
s	104.395	432	1	0
a	104.495	433	1	0
d	104.544	432	1	1
s	104.544	433	1	0
d	104.636	433	0	0
a	105.081	434	0	0
s	105.081	434	1	0
a	105.093	435	1	0
d	105.144	434	1	1
s	105.144	435	1	0
d	105.256	435	0	0
a	106.112	436	0	0
s	106.112	436	1	0
d	106.184	436	0	0
a	106.2	437	0	0
s	106.2	437	1	0
d	106.243	437	0	0
a	106.297	438	0	0
s	106.297	438	1	0
a	106.318	439	1	0
d	106.528	438	1	1
s	106.528	439	1	0
d	106.56	439	0	0
a	107.037	440	0	0
s	107.037	440	1	0
d	107.138	440	0	0
a	107.198	441	0	0
s	107.198	441	1	0
d	107.218	441	0	0
a	107.225	442	0	0
s	107.225	442	1	0
a	107.288	443	1	0
d	107.354	442	1	1
s	107.354	443	1	0
d	107.563	443	0	0
a	108.185	444	0	0
s	108.185	444	1	0
a	108.308	445	1	0
d	108.473	444	1	1
s	108.473	445	1	0
a	108.56	446	1	0
d	108.601	445	1	1
s	108.601	446	1	0
a	108.72	447	1	0
d	108.736	446	1	1
s	108.736	447	1	0
d	108.79	447	0	0
a	108.909	448	0	0
s	108.909	448	1	0
a	108.949	449	1	0
a	109.216	450	1	1
d	109.293	448	1	2
s	109.293	449	1	1
d	109.352	449	1	1
s	109.352	450	1	0
d	109.457	450	0	0
a	110.112	451	0	0
s	110.112	451	1	0
a	110.144	452	1	0
d	110.172	451	1	1
s	110.172	452	1	0
d	110.195	452	0	0
a	110.304	453	0	0
s	110.304	453	1	0
d	110.337	453	0	0
a	110.439	454	0	0
s	110.439	454	1	0
d	110.501	454	0	0
a	110.54	455	0	0
s	110.54	455	1	0
d	110.634	455	0	0
a	110.799	456	0	0
s	110.799	456	1	0
d	110.84	456	0	0
a	111.002	457	0	0
s	111.002	457	1	0
d	111.039	457	0	0
a	111.046	458	0	0
s	111.046	458	1	0
a	111.059	459	1	0
d	111.076	458	1	1
s	111.076	459	1	0
d	111.133	459	0	0
a	111.371	460	0	0
s	111.371	460	1	0
d	111.443	460	0	0
a	111.542	461	0	0
s	111.542	461	1	0
d	111.591	461	0	0
a	111.659	462	0	0
s	111.659	462	1	0
a	111.659	463	1	0
d	111.732	462	1	1
s	111.732	463	1	0
d	111.737	463	0	0
a	111.881	464	0	0
s	111.881	464	1	0
a	111.889	465	1	0
a	111.976	466	1	1
d	112.074	464	1	2
s	112.074	465	1	1
d	112.116	465	1	1
s	112.116	466	1	0
d	112.146	466	0	0
a	112.539	467	0	0
s	112.539	467	1	0
a	112.573	468	1	0
d	112.684	467	1	1
s	112.684	468	1	0
d	112.732	468	0	0
a	112.962	469	0	0
s	112.962	469	1	0
a	112.999	470	1	0
d	113.011	469	1	1
s	113.011	470	1	0
d	113.023	470	0	0
a	113.179	471	0	0
s	113.179	471	1	0
d	113.251	471	0	0
a	113.267	472	0	0
s	113.267	472	1	0
d	113.294	472	0	0
a	113.328	473	0	0
s	113.328	473	1	0
d	113.382	473	0	0
a	113.441	474	0	0
s	113.441	474	1	0
d	113.47	474	0	0
a	113.72	475	0	0
s	113.72	475	1	0
a	113.72	476	1	0
d	113.955	475	1	1
s	113.955	476	1	0
d	114.047	476	0	0
a	114.257	477	0	0
s	114.257	477	1	0
a	114.345	478	1	0
d	114.388	477	1	1
s	114.388	478	1	0
d	114.432	478	0	0
a	114.644	479	0	0
s	114.644	479	1	0
a	114.681	480	1	0
a	114.737	481	1	1
d	114.752	479	1	2
s	114.752	480	1	1
d	114.763	480	1	1
s	114.763	481	1	0
d	114.908	481	0	0
a	115.036	482	0	0
s	115.036	482	1	0
d	115.069	482	0	0
a	115.099	483	0	0
s	115.099	483	1	0
a	115.173	484	1	0
d	115.518	483	1	1
s	115.518	484	1	0
d	115.594	484	0	0
a	115.631	485	0	0
s	115.631	485	1	0
a	115.737	486	1	0
d	115.933	485	1	1
s	115.933	486	1	0
d	115.971	486	0	0
a	116.126	487	0	0
s	116.126	487	1	0
d	116.131	487	0	0
a	116.165	488	0	0
s	116.165	488	1	0
d	116.193	488	0	0
a	116.382	489	0	0
s	116.382	489	1	0
d	116.421	489	0	0
a	116.437	490	0	0
s	116.437	490	1	0
d	116.439	490	0	0
a	116.731	491	0	0
s	116.731	491	1	0
d	116.74	491	0	0
a	116.747	492	0	0
s	116.747	492	1	0
a	116.76	493	1	0
d	116.794	492	1	1
s	116.794	493	1	0
d	116.982	493	0	0
a	117.141	494	0	0
s	117.141	494	1	0
a	117.143	495	1	0
d	117.221	494	1	1
s	117.221	495	1	0
d	117.242	495	0	0
a	117.528	496	0	0
s	117.528	496	1	0
d	117.644	496	0	0
a	117.766	497	0	0
s	117.766	497	1	0
a	117.772	498	1	0
d	117.889	497	1	1
s	117.889	498	1	0
d	117.904	498	0	0
a	118.336	499	0	0
s	118.336	499	1	0
d	118.366	499	0	0
a	118.37	500	0	0
s	118.37	500	1	0
a	118.372	501	1	0
d	118.429	500	1	1
s	118.429	501	1	0
d	118.514	501	0	0
a	119.354	502	0	0
s	119.354	502	1	0
d	119.37	502	0	0
a	119.501	503	0	0
s	119.501	503	1	0
d	119.522	503	0	0
a	119.554	504	0	0
s	119.554	504	1	0
d	119.562	504	0	0
a	119.807	505	0	0
s	119.807	505	1	0
a	119.885	506	1	0
d	119.944	505	1	1
s	119.944	506	1	0
d	120.043	506	0	0
a	120.431	507	0	0
s	120.431	507	1	0
a	120.504	508	1	0
d	120.669	507	1	1
s	120.669	508	1	0
a	120.87	509	1	0
d	120.965	508	1	1
s	120.965	509	1	0
d	120.975	509	0	0
a	121.02	510	0	0
s	121.02	510	1	0
d	121.092	510	0	0
a	121.101	511	0	0
s	121.101	511	1	0
a	121.132	512	1	0
d	121.133	511	1	1
s	121.133	512	1	0
d	121.163	512	0	0
a	121.736	513	0	0
s	121.736	513	1	0
d	121.764	513	0	0
a	121.829	514	0	0
s	121.829	514	1	0
d	121.978	514	0	0
a	122.106	515	0	0
s	122.106	515	1	0
a	122.158	516	1	0
d	122.239	515	1	1
s	122.239	516	1	0
d	122.311	516	0	0
a	122.448	517	0	0
s	122.448	517	1	0
d	122.539	517	0	0
a	122.592	518	0	0
s	122.592	518	1	0
d	122.644	518	0	0
a	122.647	519	0	0
s	122.647	519	1	0
a	122.672	520	1	0
d	122.753	519	1	1
s	122.753	520	1	0
a	122.832	521	1	0
a	122.909	522	1	1
d	123.004	520	1	2
s	123.004	521	1	1
d	123.128	521	1	1
s	123.128	522	1	0
d	123.129	522	0	0
a	123.381	523	0	0
s	123.381	523	1	0
d	123.391	523	0	0
a	123.523	524	0	0
s	123.523	524	1	0
d	123.55	524	0	0
a	123.595	525	0	0
s	123.595	525	1	0
d	123.6	525	0	0
a	123.605	526	0	0
s	123.605	526	1	0
d	123.649	526	0	0
a	123.942	527	0	0
s	123.942	527	1	0
d	124.075	527	0	0
a	124.08	528	0	0
s	124.08	528	1	0
d	124.103	528	0	0
a	124.231	529	0	0
s	124.231	529	1	0
a	124.347	530	1	0
d	124.356	529	1	1
s	124.356	530	1	0
d	124.376	530	0	0
a	124.646	531	0	0
s	124.646	531	1	0
a	124.654	532	1	0
d	124.786	531	1	1
s	124.786	532	1	0
d	124.884	532	0	0
a	125.085	533	0	0
s	125.085	533	1	0
d	125.203	533	0	0
a	125.409	534	0	0
s	125.409	534	1	0
d	125.438	534	0	0
a	125.446	535	0	0
s	125.446	535	1	0
d	125.504	535	0	0
a	125.513	536	0	0
s	125.513	536	1	0
d	125.612	536	0	0
a	125.759	537	0	0
s	125.759	537	1	0
a	125.787	538	1	0
d	126.026	537	1	1
s	126.026	538	1	0
d	126.14	538	0	0
a	126.638	539	0	0
s	126.638	539	1	0
d	126.692	539	0	0
a	126.931	540	0	0
s	126.931	540	1	0
d	127.053	540	0	0
a	127.4	541	0	0
s	127.4	541	1	0
a	127.4	542	1	0
d	127.426	541	1	1
s	127.426	542	1	0
d	127.545	542	0	0
a	128.057	543	0	0
s	128.057	543	1	0
d	128.106	543	0	0
a	128.29	544	0	0
s	128.29	544	1	0
d	128.294	544	0	0
a	128.325	545	0	0
s	128.325	545	1	0
a	128.489	546	1	0
d	128.612	545	1	1
s	128.612	546	1	0
d	128.636	546	0	0
a	128.711	547	0	0
s	128.711	547	1	0
d	128.736	547	0	0
a	128.765	548	0	0
s	128.765	548	1	0
d	128.783	548	0	0
a	128.903	549	0	0
s	128.903	549	1	0
d	129.012	549	0	0
a	129.109	550	0	0
s	129.109	550	1	0
a	129.113	551	1	0
d	129.332	550	1	1
s	129.332	551	1	0
a	129.553	552	1	0
d	129.6	551	1	1
s	129.6	552	1	0
d	129.609	552	0	0
a	129.819	553	0	0
s	129.819	553	1	0
d	129.901	553	0	0
a	129.945	554	0	0
s	129.945	554	1	0
a	129.965	555	1	0
d	130.098	554	1	1
s	130.098	555	1	0
a	130.127	556	1	0
a	130.26	557	1	1
d	130.402	555	1	2
s	130.402	556	1	1
d	130.443	556	1	1
s	130.443	557	1	0
d	130.456	557	0	0
a	130.653	558	0	0
s	130.653	558	1	0
d	130.706	558	0	0
a	130.857	559	0	0
s	130.857	559	1	0
a	130.879	560	1	0
d	130.895	559	1	1
s	130.895	560	1	0
a	131.033	561	1	0
a	131.091	562	1	1
d	131.138	560	1	2
s	131.138	561	1	1
d	131.193	561	1	1
s	131.193	562	1	0
d	131.216	562	0	0
a	131.287	563	0	0
s	131.287	563	1	0
d	131.3	563	0	0
a	131.523	564	0	0
s	131.523	564	1	0
a	131.62	565	1	0
d	131.808	564	1	1
s	131.808	565	1	0
d	131.923	565	0	0
a	132.537	566	0	0
s	132.537	566	1	0
a	132.55	567	1	0
a	132.652	568	1	1
d	132.816	566	1	2
s	132.816	567	1	1
a	132.963	569	1	1
d	132.979	567	1	2
s	132.979	568	1	1
d	133.005	568	1	1
s	133.005	569	1	0
a	133.058	570	1	0
d	133.072	569	1	1
s	133.072	570	1	0
a	133.08	571	1	0
d	133.104	570	1	1
s	133.104	571	1	0
a	133.121	572	1	0
d	133.152	571	1	1
s	133.152	572	1	0
d	133.153	572	0	0
a	133.224	573	0	0
s	133.224	573	1	0
d	133.287	573	0	0
a	133.376	574	0	0
s	133.376	574	1	0
a	133.419	575	1	0
d	133.427	574	1	1
s	133.427	575	1	0
d	133.433	575	0	0
a	134.065	576	0	0
s	134.065	576	1	0
a	134.118	577	1	0
a	134.118	578	1	1
d	134.124	576	1	2
s	134.124	577	1	1
d	134.19	577	1	1
s	134.19	578	1	0
d	134.208	578	0	0
a	134.247	579	0	0
s	134.247	579	1	0
d	134.258	579	0	0
a	134.313	580	0	0
s	134.313	580	1	0
d	134.449	580	0	0
a	134.894	581	0	0
s	134.894	581	1	0
a	135.12	582	1	0
d	135.125	581	1	1
s	135.125	582	1	0
d	135.221	582	0	0
a	136.574	583	0	0
s	136.574	583	1	0
a	136.606	584	1	0
d	136.629	583	1	1
s	136.629	584	1	0
d	136.711	584	0	0
a	136.846	585	0	0
s	136.846	585	1	0
a	136.853	586	1	0
a	136.911	587	1	1
d	136.96	585	1	2
s	136.96	586	1	1
d	137.013	586	1	1
s	137.013	587	1	0
a	137.152	588	1	0
d	137.159	587	1	1
s	137.159	588	1	0
d	137.186	588	0	0
a	137.453	589	0	0
s	137.453	589	1	0
d	137.465	589	0	0
a	137.877	590	0	0
s	137.877	590	1	0
d	138.138	590	0	0
a	138.141	591	0	0
s	138.141	591	1	0
d	138.235	591	0	0
a	138.269	592	0	0
s	138.269	592	1	0
d	138.276	592	0	0
a	138.289	593	0	0
s	138.289	593	1	0
d	138.345	593	0	0
a	138.367	594	0	0
s	138.367	594	1	0
a	138.377	595	1	0
d	138.46	594	1	1
s	138.46	595	1	0
a	138.497	596	1	0
a	138.498	597	1	1
d	138.548	595	1	2
s	138.548	596	1	1
a	138.746	598	1	1
d	138.898	596	1	2
s	138.898	597	1	1
d	138.904	597	1	1
s	138.904	598	1	0
d	138.928	598	0	0
a	139.009	599	0	0
s	139.009	599	1	0
d	139.035	599	0	0
a	139.041	600	0	0
s	139.041	600	1	0
d	139.09	600	0	0
a	139.388	601	0	0
s	139.388	601	1	0
a	139.428	602	1	0
d	139.447	601	1	1
s	139.447	602	1	0
d	139.572	602	0	0
a	139.859	603	0	0
s	139.859	603	1	0
d	139.864	603	0	0
a	139.867	604	0	0
s	139.867	604	1	0
d	139.882	604	0	0
a	139.93	605	0	0
s	139.93	605	1	0
d	139.967	605	0	0
a	140.061	606	0	0
s	140.061	606	1	0
d	140.062	606	0	0
a	140.156	607	0	0
s	140.156	607	1	0
d	140.162	607	0	0
a	140.212	608	0	0
s	140.212	608	1	0
d	140.283	608	0	0
a	140.412	609	0	0
s	140.412	609	1	0
d	140.444	609	0	0
a	140.747	610	0	0
s	140.747	610	1	0
a	140.823	611	1	0
d	140.86	610	1	1
s	140.86	611	1	0
a	141.194	612	1	0
d	141.277	611	1	1
s	141.277	612	1	0
d	141.492	612	0	0
a	142.867	613	0	0
s	142.867	613	1	0
a	142.877	614	1	0
d	143.124	613	1	1
s	143.124	614	1	0
d	143.263	614	0	0
a	143.291	615	0	0
s	143.291	615	1	0
a	143.308	616	1	0
a	143.376	617	1	1
d	143.397	615	1	2
s	143.397	616	1	1
a	143.4	618	1	1
d	143.619	616	1	2
s	143.619	617	1	1
d	143.625	617	1	1
s	143.625	618	1	0
a	143.637	619	1	0
d	143.707	618	1	1
s	143.707	619	1	0
d	143.752	619	0	0
a	143.815	620	0	0
s	143.815	620	1	0
a	143.937	621	1	0
d	143.977	620	1	1
s	143.977	621	1	0
d	143.982	621	0	0
a	144.228	622	0	0
s	144.228	622	1	0
a	144.331	623	1	0
d	144.484	622	1	1
s	144.484	623	1	0
a	144.641	624	1	0
d	144.733	623	1	1
s	144.733	624	1	0
d	144.78	624	0	0
a	144.928	625	0	0
s	144.928	625	1	0
d	144.93	625	0	0
a	144.999	626	0	0
s	144.999	626	1	0
a	145.061	627	1	0
a	145.159	628	1	1
d	145.288	626	1	2
s	145.288	627	1	1
d	145.407	627	1	1
s	145.407	628	1	0
a	145.618	629	1	0
d	145.702	628	1	1
s	145.702	629	1	0
d	145.733	629	0	0
a	146.111	630	0	0
s	146.111	630	1	0
d	146.363	630	0	0
a	146.363	631	0	0
s	146.363	631	1	0
a	146.42	632	1	0
d	146.428	631	1	1
s	146.428	632	1	0
a	146.611	633	1	0
d	146.816	632	1	1
s	146.816	633	1	0
d	146.869	633	0	0
a	146.999	634	0	0
s	146.999	634	1	0
a	147.053	635	1	0
d	147.167	634	1	1
s	147.167	635	1	0
d	147.295	635	0	0
a	147.508	636	0	0
s	147.508	636	1	0
a	147.557	637	1	0
d	147.568	636	1	1
s	147.568	637	1	0
d	147.573	637	0	0
a	148.301	638	0	0
s	148.301	638	1	0
a	148.365	639	1	0
d	148.373	638	1	1
s	148.373	639	1	0
a	148.623	640	1	0
d	148.76	639	1	1
s	148.76	640	1	0
d	148.913	640	0	0
a	149.216	641	0	0
s	149.216	641	1	0
a	149.244	642	1	0
d	149.346	641	1	1
s	149.346	642	1	0
d	149.502	642	0	0
a	149.578	643	0	0
s	149.578	643	1	0
a	149.645	644	1	0
d	149.718	643	1	1
s	149.718	644	1	0
d	149.912	644	0	0
a	150.052	645	0	0
s	150.052	645	1	0
a	150.139	646	1	0
d	150.148	645	1	1
s	150.148	646	1	0
d	150.533	646	0	0
a	150.888	647	0	0
s	150.888	647	1	0
a	150.928	648	1	0
d	150.947	647	1	1
s	150.947	648	1	0
d	151.047	648	0	0
a	151.222	649	0	0
s	151.222	649	1	0
d	151.301	649	0	0
a	151.395	650	0	0
s	151.395	650	1	0
a	151.407	651	1	0
d	151.414	650	1	1
s	151.414	651	1	0
d	151.498	651	0	0
a	152.951	652	0	0
s	152.951	652	1	0
d	152.998	652	0	0
a	153.018	653	0	0
s	153.018	653	1	0
d	153.02	653	0	0
a	153.1	654	0	0
s	153.1	654	1	0
d	153.108	654	0	0
a	153.142	655	0	0
s	153.142	655	1	0
a	153.175	656	1	0
d	153.184	655	1	1
s	153.184	656	1	0
d	153.244	656	0	0
a	154.543	657	0	0
s	154.543	657	1	0
a	154.59	658	1	0
d	154.739	657	1	1
s	154.739	658	1	0
d	154.755	658	0	0
a	155.386	659	0	0
s	155.386	659	1	0
a	155.396	660	1	0
d	155.456	659	1	1
s	155.456	660	1	0
a	155.57	661	1	0
d	155.61	660	1	1
s	155.61	661	1	0
d	155.656	661	0	0
a	155.903	662	0	0
s	155.903	662	1	0
a	155.947	663	1	0
d	155.967	662	1	1
s	155.967	663	1	0
d	156.299	663	0	0
a	156.717	664	0	0
s	156.717	664	1	0
a	156.907	665	1	0
d	156.914	664	1	1
s	156.914	665	1	0
a	157.263	666	1	0
d	157.305	665	1	1
s	157.305	666	1	0
d	157.446	666	0	0
a	157.839	667	0	0
s	157.839	667	1	0
a	157.888	668	1	0
d	157.918	667	1	1
s	157.918	668	1	0
d	158.053	668	0	0
a	158.058	669	0	0
s	158.058	669	1	0
d	158.058	669	0	0
a	158.156	670	0	0
s	158.156	670	1	0
d	158.305	670	0	0
a	158.34	671	0	0
s	158.34	671	1	0
d	158.357	671	0	0
a	158.425	672	0	0
s	158.425	672	1	0
d	158.467	672	0	0
a	158.882	673	0	0
s	158.882	673	1	0
d	158.994	673	0	0
a	159.081	674	0	0
s	159.081	674	1	0
a	159.082	675	1	0
d	159.082	674	1	1
s	159.082	675	1	0
d	159.098	675	0	0
a	159.237	676	0	0
s	159.237	676	1	0
d	159.274	676	0	0
a	159.335	677	0	0
s	159.335	677	1	0
a	159.372	678	1	0
d	159.387	677	1	1
s	159.387	678	1	0
a	159.414	679	1	0
d	159.511	678	1	1
s	159.511	679	1	0
d	159.524	679	0	0
a	159.58	680	0	0
s	159.58	680	1	0
a	159.7	681	1	0
d	159.759	680	1	1
s	159.759	681	1	0
a	159.81	682	1	0
d	159.841	681	1	1
s	159.841	682	1	0
d	159.999	682	0	0
a	160.277	683	0	0
s	160.277	683	1	0
d	160.286	683	0	0
a	160.3	684	0	0
s	160.3	684	1	0
a	160.327	685	1	0
d	160.448	684	1	1
s	160.448	685	1	0
d	160.587	685	0	0
a	160.597	686	0	0
s	160.597	686	1	0
a	160.626	687	1	0
d	160.923	686	1	1
s	160.923	687	1	0
a	161.012	688	1	0
d	161.013	687	1	1
s	161.013	688	1	0
a	161.04	689	1	0
a	161.048	690	1	1
a	161.161	691	1	2
a	161.229	692	1	3
d	161.247	688	1	4
s	161.247	689	1	3
d	161.29	689	1	3
s	161.29	690	1	2
d	161.314	690	1	2
s	161.314	691	1	1
d	161.358	691	1	1
s	161.358	692	1	0
d	161.388	692	0	0
a	161.405	693	0	0
s	161.405	693	1	0
d	161.474	693	0	0
a	161.507	694	0	0
s	161.507	694	1	0
d	161.538	694	0	0
a	161.583	695	0	0
s	161.583	695	1	0
a	161.597	696	1	0
d	161.633	695	1	1
s	161.633	696	1	0
d	161.656	696	0	0
a	161.68	697	0	0
s	161.68	697	1	0
d	161.694	697	0	0
a	161.743	698	0	0
s	161.743	698	1	0
a	161.747	699	1	0
d	161.778	698	1	1
s	161.778	699	1	0
d	162.098	699	0	0
a	162.19	700	0	0
s	162.19	700	1	0
d	162.282	700	0	0
a	162.299	701	0	0
s	162.299	701	1	0
a	162.327	702	1	0
d	162.446	701	1	1
s	162.446	702	1	0
d	162.556	702	0	0
a	163.019	703	0	0
s	163.019	703	1	0
a	163.105	704	1	0
a	163.116	705	1	1
d	163.125	703	1	2
s	163.125	704	1	1
d	163.206	704	1	1
s	163.206	705	1	0
a	163.247	706	1	0
d	163.254	705	1	1
s	163.254	706	1	0
d	163.439	706	0	0
a	164.234	707	0	0
s	164.234	707	1	0
d	164.255	707	0	0
a	164.312	708	0	0
s	164.312	708	1	0
d	164.374	708	0	0
a	164.551	709	0	0
s	164.551	709	1	0
d	164.569	709	0	0
a	164.731	710	0	0
s	164.731	710	1	0
a	164.735	711	1	0
d	164.797	710	1	1
s	164.797	711	1	0
d	164.861	711	0	0
a	164.953	712	0	0
s	164.953	712	1	0
a	165.009	713	1	0
d	165.218	712	1	1
s	165.218	713	1	0
d	165.389	713	0	0
a	165.728	714	0	0
s	165.728	714	1	0
d	165.885	714	0	0
a	166.045	715	0	0
s	166.045	715	1	0
d	166.071	715	0	0
a	166.246	716	0	0
s	166.246	716	1	0
d	166.26	716	0	0
a	166.45	717	0	0
s	166.45	717	1	0
a	166.464	718	1	0
d	166.514	717	1	1
s	166.514	718	1	0
d	166.651	718	0	0
a	166.891	719	0	0
s	166.891	719	1	0
a	166.891	720	1	0
d	166.896	719	1	1
s	166.896	720	1	0
d	166.913	720	0	0
a	167.319	721	0	0
s	167.319	721	1	0
a	167.319	722	1	0
d	167.337	721	1	1
s	167.337	722	1	0
a	167.669	723	1	0
a	167.922	724	1	1
d	167.98	722	1	2
s	167.98	723	1	1
a	168.162	725	1	1
d	168.179	723	1	2
s	168.179	724	1	1
a	168.227	726	1	1
d	168.35	724	1	2
s	168.35	725	1	1
d	168.416	725	1	1
s	168.416	726	1	0
d	168.461	726	0	0
a	168.491	727	0	0
s	168.491	727	1	0
a	168.524	728	1	0
d	168.57	727	1	1
s	168.57	728	1	0
d	168.67	728	0	0
a	169.489	729	0	0
s	169.489	729	1	0
a	169.501	730	1	0
d	169.528	729	1	1
s	169.528	730	1	0
d	169.597	730	0	0
a	169.653	731	0	0
s	169.653	731	1	0
a	169.681	732	1	0
d	169.92	731	1	1
s	169.92	732	1	0
d	170.049	732	0	0
a	170.157	733	0	0
s	170.157	733	1	0
a	170.316	734	1	0
d	170.442	733	1	1
s	170.442	734	1	0
d	170.524	734	0	0
a	171.192	735	0	0
s	171.192	735	1	0
a	171.26	736	1	0
d	171.446	735	1	1
s	171.446	736	1	0
d	171.631	736	0	0
a	171.701	737	0	0
s	171.701	737	1	0
d	171.824	737	0	0
a	171.979	738	0	0
s	171.979	738	1	0
d	172.012	738	0	0
a	172.027	739	0	0
s	172.027	739	1	0
a	172.046	740	1	0
d	172.075	739	1	1
s	172.075	740	1	0
d	172.101	740	0	0
a	172.685	741	0	0
s	172.685	741	1	0
a	172.689	742	1	0
d	172.698	741	1	1
s	172.698	742	1	0
d	172.837	742	0	0
a	173.336	743	0	0
s	173.336	743	1	0
d	173.416	743	0	0
a	173.507	744	0	0
s	173.507	744	1	0
d	173.562	744	0	0
a	173.684	745	0	0
s	173.684	745	1	0
a	173.709	746	1	0
d	173.735	745	1	1
s	173.735	746	1	0
d	173.755	746	0	0
a	174.261	747	0	0
s	174.261	747	1	0
d	174.466	747	0	0
a	174.636	748	0	0
s	174.636	748	1	0
a	174.652	749	1	0
d	174.716	748	1	1
s	174.716	749	1	0
d	174.794	749	0	0
a	175.223	750	0	0
s	175.223	750	1	0
d	175.237	750	0	0
a	175.401	751	0	0
s	175.401	751	1	0
a	175.523	752	1	0
d	175.635	751	1	1
s	175.635	752	1	0
a	175.73	753	1	0
a	175.797	754	1	1
d	175.858	752	1	2
s	175.858	753	1	1
a	175.924	755	1	1
d	175.961	753	1	2
s	175.961	754	1	1
a	176.033	756	1	1
a	176.084	757	1	2
d	176.19	754	1	3
s	176.19	755	1	2
d	176.219	755	1	2
s	176.219	756	1	1
d	176.344	756	1	1
s	176.344	757	1	0
d	176.432	757	0	0
a	176.525	758	0	0
s	176.525	758	1	0
a	176.539	759	1	0
d	176.666	758	1	1
s	176.666	759	1	0
d	176.781	759	0	0
a	176.918	760	0	0
s	176.918	760	1	0
a	176.925	761	1	0
d	176.945	760	1	1
s	176.945	761	1	0
d	176.945	761	0	0
a	176.96	762	0	0
s	176.96	762	1	0
a	176.971	763	1	0
d	177.043	762	1	1
s	177.043	763	1	0
d	177.062	763	0	0
a	177.305	764	0	0
s	177.305	764	1	0
d	177.339	764	0	0
a	177.365	765	0	0
s	177.365	765	1	0
a	177.371	766	1	0
d	177.973	765	1	1
s	177.973	766	1	0
d	178.024	766	0	0
a	178.649	767	0	0
s	178.649	767	1	0
a	178.663	768	1	0
a	178.812	769	1	1
d	178.99	767	1	2
s	178.99	768	1	1
d	179.007	768	1	1
s	179.007	769	1	0
d	179.023	769	0	0
a	179.288	770	0	0
s	179.288	770	1	0
d	179.322	770	0	0
a	179.615	771	0	0
s	179.615	771	1	0
a	179.627	772	1	0
d	179.859	771	1	1
s	179.859	772	1	0
d	179.922	772	0	0
a	180.44	773	0	0
s	180.44	773	1	0
d	180.457	773	0	0
a	180.584	774	0	0
s	180.584	774	1	0
d	180.63	774	0	0
a	180.698	775	0	0
s	180.698	775	1	0
a	180.702	776	1	0
d	180.746	775	1	1
s	180.746	776	1	0
a	180.807	777	1	0
d	181.114	776	1	1
s	181.114	777	1	0
d	181.173	777	0	0
a	181.555	778	0	0
s	181.555	778	1	0
d	181.586	778	0	0
a	181.663	779	0	0
s	181.663	779	1	0
a	181.731	780	1	0
d	181.776	779	1	1
s	181.776	780	1	0
d	181.913	780	0	0
a	182.151	781	0	0
s	182.151	781	1	0
a	182.165	782	1	0
d	182.298	781	1	1
s	182.298	782	1	0
d	182.326	782	0	0
a	182.787	783	0	0
s	182.787	783	1	0
a	182.831	784	1	0
d	182.903	783	1	1
s	182.903	784	1	0
d	183.087	784	0	0
a	183.231	785	0	0
s	183.231	785	1	0
a	183.239	786	1	0
d	183.285	785	1	1
s	183.285	786	1	0
d	183.3	786	0	0
a	183.586	787	0	0
s	183.586	787	1	0
a	183.63	788	1	0
d	183.719	787	1	1
s	183.719	788	1	0
d	183.719	788	0	0
a	183.867	789	0	0
s	183.867	789	1	0
d	183.922	789	0	0
a	184.003	790	0	0
s	184.003	790	1	0
a	184.004	791	1	0
d	184.016	790	1	1
s	184.016	791	1	0
d	184.031	791	0	0
a	184.579	792	0	0
s	184.579	792	1	0
d	184.621	792	0	0
a	184.628	793	0	0
s	184.628	793	1	0
a	184.643	794	1	0
d	184.649	793	1	1
s	184.649	794	1	0
d	184.664	794	0	0
a	185.073	795	0	0
s	185.073	795	1	0
d	185.089	795	0	0
a	185.116	796	0	0
s	185.116	796	1	0
d	185.173	796	0	0
a	185.18	797	0	0
s	185.18	797	1	0
a	185.229	798	1	0
d	185.317	797	1	1
s	185.317	798	1	0
a	185.361	799	1	0
d	185.387	798	1	1
s	185.387	799	1	0
a	185.398	800	1	0
d	185.407	799	1	1
s	185.407	800	1	0
d	185.62	800	0	0
a	186.148	801	0	0
s	186.148	801	1	0
d	186.177	801	0	0
a	186.22	802	0	0
s	186.22	802	1	0
a	186.415	803	1	0
d	186.415	802	1	1
s	186.415	803	1	0
d	186.482	803	0	0
a	186.754	804	0	0
s	186.754	804	1	0
a	186.784	805	1	0
a	186.915	806	1	1
d	186.949	804	1	2
s	186.949	805	1	1
d	187.14	805	1	1
s	187.14	806	1	0
d	187.141	806	0	0
a	187.475	807	0	0
s	187.475	807	1	0
d	187.535	807	0	0
a	187.6	808	0	0
s	187.6	808	1	0
d	187.612	808	0	0
a	187.622	809	0	0
s	187.622	809	1	0
d	187.653	809	0	0
a	187.677	810	0	0
s	187.677	810	1	0
d	187.788	810	0	0
a	187.948	811	0	0
s	187.948	811	1	0
a	187.972	812	1	0
d	187.984	811	1	1
s	187.984	812	1	0
d	188.017	812	0	0
a	188.571	813	0	0
s	188.571	813	1	0
a	188.64	814	1	0
d	188.688	813	1	1
s	188.688	814	1	0
d	188.87	814	0	0
a	189.382	815	0	0
s	189.382	815	1	0
d	189.441	815	0	0
a	189.576	816	0	0
s	189.576	816	1	0
d	189.6	816	0	0
a	189.648	817	0	0
s	189.648	817	1	0
d	189.881	817	0	0
a	189.997	818	0	0
s	189.997	818	1	0
d	190.033	818	0	0
a	190.171	819	0	0
s	190.171	819	1	0
a	190.172	820	1	0
d	190.185	819	1	1
s	190.185	820	1	0
d	190.213	820	0	0
a	190.606	821	0	0
s	190.606	821	1	0
d	190.616	821	0	0
a	190.629	822	0	0
s	190.629	822	1	0
d	190.699	822	0	0
a	190.748	823	0	0
s	190.748	823	1	0
a	190.796	824	1	0
d	190.859	823	1	1
s	190.859	824	1	0
d	190.922	824	0	0
a	190.927	825	0	0
s	190.927	825	1	0
d	191.037	825	0	0
a	191.054	826	0	0
s	191.054	826	1	0
d	191.12	826	0	0
a	191.249	827	0	0
s	191.249	827	1	0
d	191.345	827	0	0
a	191.457	828	0	0
s	191.457	828	1	0
d	191.543	828	0	0
a	191.797	829	0	0
s	191.797	829	1	0
d	191.817	829	0	0
a	191.949	830	0	0
s	191.949	830	1	0
d	192.144	830	0	0
a	192.314	831	0	0
s	192.314	831	1	0
a	192.34	832	1	0
d	192.344	831	1	1
s	192.344	832	1	0
d	192.347	832	0	0
a	192.652	833	0	0
s	192.652	833	1	0
d	192.675	833	0	0
a	192.763	834	0	0
s	192.763	834	1	0
d	193.024	834	0	0
a	193.246	835	0	0
s	193.246	835	1	0
d	193.281	835	0	0
a	193.301	836	0	0
s	193.301	836	1	0
a	193.303	837	1	0
d	193.316	836	1	1
s	193.316	837	1	0
d	193.327	837	0	0
a	194.824	838	0	0
s	194.824	838	1	0
a	194.838	839	1	0
a	195.013	840	1	1
d	195.148	838	1	2
s	195.148	839	1	1
d	195.283	839	1	1
s	195.283	840	1	0
a	195.369	841	1	0
a	195.404	842	1	1
d	195.409	840	1	2
s	195.409	841	1	1
d	195.428	841	1	1
s	195.428	842	1	0
a	195.49	843	1	0
d	195.505	842	1	1
s	195.505	843	1	0
a	195.546	844	1	0
d	195.595	843	1	1
s	195.595	844	1	0
d	195.622	844	0	0
a	195.725	845	0	0
s	195.725	845	1	0
d	195.824	845	0	0
a	195.91	846	0	0
s	195.91	846	1	0
d	195.912	846	0	0
a	196.04	847	0	0
s	196.04	847	1	0
d	196.094	847	0	0
a	196.149	848	0	0
s	196.149	848	1	0
a	196.234	849	1	0
d	196.312	848	1	1
s	196.312	849	1	0
d	196.434	849	0	0
a	196.562	850	0	0
s	196.562	850	1	0
d	196.624	850	0	0
a	196.961	851	0	0
s	196.961	851	1	0
d	197.078	851	0	0
a	197.081	852	0	0
s	197.081	852	1	0
d	197.088	852	0	0
a	197.189	853	0	0
s	197.189	853	1	0
d	197.344	853	0	0
a	197.359	854	0	0
s	197.359	854	1	0
d	197.362	854	0	0
a	197.664	855	0	0
s	197.664	855	1	0
d	197.766	855	0	0
a	197.79	856	0	0
s	197.79	856	1	0
d	197.879	856	0	0
a	198.01	857	0	0
s	198.01	857	1	0
d	198.034	857	0	0
a	198.099	858	0	0
s	198.099	858	1	0
a	198.117	859	1	0
d	198.123	858	1	1
s	198.123	859	1	0
d	198.267	859	0	0
a	198.449	860	0	0
s	198.449	860	1	0
d	198.478	860	0	0
a	198.505	861	0	0
s	198.505	861	1	0
d	198.631	861	0	0
a	198.653	862	0	0
s	198.653	862	1	0
a	198.669	863	1	0
d	198.718	862	1	1
s	198.718	863	1	0
d	198.835	863	0	0
a	199.33	864	0	0
s	199.33	864	1	0
d	199.372	864	0	0
a	199.437	865	0	0
s	199.437	865	1	0
a	199.535	866	1	0
d	199.548	865	1	1
s	199.548	866	1	0
d	199.567	866	0	0
a	200.226	867	0	0
s	200.226	867	1	0
d	200.227	867	0	0
a	200.552	868	0	0
s	200.552	868	1	0
d	200.559	868	0	0
a	200.608	869	0	0
s	200.608	869	1	0
d	200.62	869	0	0
a	201.088	870	0	0
s	201.088	870	1	0
d	201.156	870	0	0
a	201.174	871	0	0
s	201.174	871	1	0
d	201.235	871	0	0
a	201.351	872	0	0
s	201.351	872	1	0
d	201.376	872	0	0
a	201.692	873	0	0
s	201.692	873	1	0
d	201.694	873	0	0
a	201.806	874	0	0
s	201.806	874	1	0
d	201.824	874	0	0
a	201.866	875	0	0
s	201.866	875	1	0
d	201.971	875	0	0
a	202.248	876	0	0
s	202.248	876	1	0
d	202.342	876	0	0
a	202.352	877	0	0
s	202.352	877	1	0
d	202.372	877	0	0
a	202.384	878	0	0
s	202.384	878	1	0
a	202.425	879	1	0
d	202.484	878	1	1
s	202.484	879	1	0
d	202.493	879	0	0
a	202.585	880	0	0
s	202.585	880	1	0
d	202.681	880	0	0
a	202.945	881	0	0
s	202.945	881	1	0
d	202.971	881	0	0
a	203.039	882	0	0
s	203.039	882	1	0
d	203.153	882	0	0
a	203.254	883	0	0
s	203.254	883	1	0
a	203.267	884	1	0
d	203.366	883	1	1
s	203.366	884	1	0
d	203.453	884	0	0
a	203.784	885	0	0
s	203.784	885	1	0
a	203.802	886	1	0
d	203.864	885	1	1
s	203.864	886	1	0
d	203.953	886	0	0
a	204.003	887	0	0
s	204.003	887	1	0
d	204.187	887	0	0
a	204.198	888	0	0
s	204.198	888	1	0
d	204.213	888	0	0
a	204.247	889	0	0
s	204.247	889	1	0
a	204.285	890	1	0
d	204.39	889	1	1
s	204.39	890	1	0
a	204.433	891	1	0
a	204.456	892	1	1
d	204.507	890	1	2
s	204.507	891	1	1
d	204.508	891	1	1
s	204.508	892	1	0
d	204.534	892	0	0
a	206.12	893	0	0
s	206.12	893	1	0
a	206.127	894	1	0
a	206.139	895	1	1
d	206.217	893	1	2
s	206.217	894	1	1
d	206.293	894	1	1
s	206.293	895	1	0
a	206.304	896	1	0
d	206.364	895	1	1
s	206.364	896	1	0
a	206.376	897	1	0
a	206.38	898	1	1
a	206.416	899	1	2
d	206.432	896	1	3
s	206.432	897	1	2
d	206.561	897	1	2
s	206.561	898	1	1
d	206.564	898	1	1
s	206.564	899	1	0
a	206.592	900	1	0
a	206.699	901	1	1
a	206.814	902	1	2
d	206.816	899	1	3
s	206.816	900	1	2
d	206.828	900	1	2
s	206.828	901	1	1
d	206.878	901	1	1
s	206.878	902	1	0
d	206.957	902	0	0
a	207.036	903	0	0
s	207.036	903	1	0
d	207.115	903	0	0
a	207.367	904	0	0
s	207.367	904	1	0
a	207.393	905	1	0
d	207.48	904	1	1
s	207.48	905	1	0
d	207.497	905	0	0
a	207.643	906	0	0
s	207.643	906	1	0
d	207.656	906	0	0
a	207.939	907	0	0
s	207.939	907	1	0
a	208.005	908	1	0
d	208.188	907	1	1
s	208.188	908	1	0
d	208.243	908	0	0
a	208.408	909	0	0
s	208.408	909	1	0
a	208.442	910	1	0
a	208.448	911	1	1
d	208.457	909	1	2
s	208.457	910	1	1
d	208.51	910	1	1
s	208.51	911	1	0
d	208.56	911	0	0
a	208.587	912	0	0
s	208.587	912	1	0
d	208.63	912	0	0
a	208.682	913	0	0
s	208.682	913	1	0
d	208.892	913	0	0
a	208.892	914	0	0
s	208.892	914	1	0
d	208.904	914	0	0
a	209.02	915	0	0
s	209.02	915	1	0
a	209.037	916	1	0
d	209.181	915	1	1
s	209.181	916	1	0
d	209.531	916	0	0
a	209.938	917	0	0
s	209.938	917	1	0
d	209.947	917	0	0
a	209.969	918	0	0
s	209.969	918	1	0
a	210.039	919	1	0
d	210.044	918	1	1
s	210.044	919	1	0
d	210.054	919	0	0
a	210.13	920	0	0
s	210.13	920	1	0
d	210.137	920	0	0
a	210.14	921	0	0
s	210.14	921	1	0
d	210.298	921	0	0
a	210.348	922	0	0
s	210.348	922	1	0
a	210.363	923	1	0
d	210.469	922	1	1
s	210.469	923	1	0
a	210.504	924	1	0
d	210.519	923	1	1
s	210.519	924	1	0
d	210.541	924	0	0
a	210.614	925	0	0
s	210.614	925	1	0
d	210.644	925	0	0
a	210.697	926	0	0
s	210.697	926	1	0
a	210.703	927	1	0
d	210.756	926	1	1
s	210.756	927	1	0
d	210.783	927	0	0
a	210.847	928	0	0
s	210.847	928	1	0
d	210.863	928	0	0
a	210.892	929	0	0
s	210.892	929	1	0
d	210.908	929	0	0
a	210.946	930	0	0
s	210.946	930	1	0
d	211.074	930	0	0
a	211.089	931	0	0
s	211.089	931	1	0
d	211.231	931	0	0
a	211.272	932	0	0
s	211.272	932	1	0
a	211.324	933	1	0
d	211.495	932	1	1
s	211.495	933	1	0
d	211.495	933	0	0
a	212.552	934	0	0
s	212.552	934	1	0
d	212.576	934	0	0
a	212.684	935	0	0
s	212.684	935	1	0
d	212.715	935	0	0
a	212.774	936	0	0
s	212.774	936	1	0
a	212.857	937	1	0
a	213.075	938	1	1
a	213.128	939	1	2
d	213.272	936	1	3
s	213.272	937	1	2
d	213.384	937	1	2
s	213.384	938	1	1
d	213.456	938	1	1
s	213.456	939	1	0
a	213.495	940	1	0
a	213.611	941	1	1
a	213.648	942	1	2
d	213.943	939	1	3
s	213.943	940	1	2
d	214.071	940	1	2
s	214.071	941	1	1
d	214.108	941	1	1
s	214.108	942	1	0
d	214.192	942	0	0
a	214.324	943	0	0
s	214.324	943	1	0
a	214.331	944	1	0
d	214.333	943	1	1
s	214.333	944	1	0
d	214.463	944	0	0
a	214.856	945	0	0
s	214.856	945	1	0
a	214.915	946	1	0
d	214.962	945	1	1
s	214.962	946	1	0
a	215.068	947	1	0
d	215.187	946	1	1
s	215.187	947	1	0
d	215.384	947	0	0
a	215.405	948	0	0
s	215.405	948	1	0
d	215.429	948	0	0
a	215.579	949	0	0
s	215.579	949	1	0
d	215.58	949	0	0
a	215.66	950	0	0
s	215.66	950	1	0
d	215.835	950	0	0
a	215.92	951	0	0
s	215.92	951	1	0
a	215.92	952	1	0
d	216.069	951	1	1
s	216.069	952	1	0
d	216.099	952	0	0
a	216.201	953	0	0
s	216.201	953	1	0
a	216.208	954	1	0
a	216.253	955	1	1
d	216.26	953	1	2
s	216.26	954	1	1
d	216.43	954	1	1
s	216.43	955	1	0
d	216.481	955	0	0
a	216.993	956	0	0
s	216.993	956	1	0
a	217.027	957	1	0
d	217.035	956	1	1
s	217.035	957	1	0
d	217.064	957	0	0
a	217.307	958	0	0
s	217.307	958	1	0
d	217.307	958	0	0
a	217.354	959	0	0
s	217.354	959	1	0
d	217.377	959	0	0
a	217.419	960	0	0
s	217.419	960	1	0
d	217.462	960	0	0
a	217.767	961	0	0
s	217.767	961	1	0
d	217.781	961	0	0
a	217.807	962	0	0
s	217.807	962	1	0
d	217.821	962	0	0
a	218.02	963	0	0
s	218.02	963	1	0
a	218.059	964	1	0
d	218.226	963	1	1
s	218.226	964	1	0
d	218.304	964	0	0
a	219.072	965	0	0
s	219.072	965	1	0
a	219.103	966	1	0
a	219.119	967	1	1
d	219.24	965	1	2
s	219.24	966	1	1
d	219.298	966	1	1
s	219.298	967	1	0
d	219.343	967	0	0
a	219.401	968	0	0
s	219.401	968	1	0
d	219.436	968	0	0
a	219.625	969	0	0
s	219.625	969	1	0
a	219.671	970	1	0
d	219.859	969	1	1
s	219.859	970	1	0
d	219.876	970	0	0
a	219.978	971	0	0
s	219.978	971	1	0
d	220.025	971	0	0
a	220.062	972	0	0
s	220.062	972	1	0
d	220.406	972	0	0
a	220.513	973	0	0
s	220.513	973	1	0
a	220.613	974	1	0
d	221.06	973	1	1
s	221.06	974	1	0
d	221.064	974	0	0
a	221.135	975	0	0
s	221.135	975	1	0
d	221.188	975	0	0
a	221.341	976	0	0
s	221.341	976	1	0
a	221.534	977	1	0
d	221.572	976	1	1
s	221.572	977	1	0
d	221.577	977	0	0
a	221.831	978	0	0
s	221.831	978	1	0
a	221.914	979	1	0
d	221.986	978	1	1
s	221.986	979	1	0
d	221.988	979	0	0
a	222.069	980	0	0
s	222.069	980	1	0
d	222.145	980	0	0
a	222.182	981	0	0
s	222.182	981	1	0
d	222.208	981	0	0
a	222.549	982	0	0
s	222.549	982	1	0
a	222.774	983	1	0
d	222.827	982	1	1
s	222.827	983	1	0
d	222.865	983	0	0
a	223.041	984	0	0
s	223.041	984	1	0
d	223.089	984	0	0
a	223.35	985	0	0
s	223.35	985	1	0
a	223.44	986	1	0
d	223.633	985	1	1
s	223.633	986	1	0
d	223.637	986	0	0
a	224.027	987	0	0
s	224.027	987	1	0
a	224.037	988	1	0
d	224.089	987	1	1
s	224.089	988	1	0
d	224.258	988	0	0
a	224.495	989	0	0
s	224.495	989	1	0
d	224.539	989	0	0
a	224.552	990	0	0
s	224.552	990	1	0
d	224.56	990	0	0
a	224.68	991	0	0
s	224.68	991	1	0
d	224.709	991	0	0
a	225.065	992	0	0
s	225.065	992	1	0
d	225.077	992	0	0
a	225.157	993	0	0
s	225.157	993	1	0
a	225.291	994	1	0
d	225.349	993	1	1
s	225.349	994	1	0
d	225.527	994	0	0
a	225.752	995	0	0
s	225.752	995	1	0
d	225.828	995	0	0
a	225.848	996	0	0
s	225.848	996	1	0
a	225.918	997	1	0
d	225.934	996	1	1
s	225.934	997	1	0
d	226.052	997	0	0
