trace file for the simulation
format of the file
<event> <time> <item id> <server status> <queue size>

a	1.86555	1	0	0
s	1.86555	1	1	0
d	2.05707	1	0	0
a	2.06515	2	0	0
s	2.06515	2	1	0
d	2.14597	2	0	0
a	2.30159	3	0	0
s	2.30159	3	1	0
a	2.82609	4	1	0
d	2.83827	3	1	1
s	2.83827	4	1	0
d	2.90145	4	0	0
a	3.64837	5	0	0
s	3.64837	5	1	0
a	3.66308	6	1	0
a	3.71216	7	1	1
d	3.76812	5	1	2
s	3.76812	6	1	1
d	3.84532	6	1	1
s	3.84532	7	1	0
d	3.86015	7	0	0
a	3.97533	8	0	0
s	3.97533	8	1	0
a	3.97537	9	1	0
d	3.97565	8	1	1
s	3.97565	9	1	0
a	4.03002	10	1	0
d	4.06919	9	1	1
s	4.06919	10	1	0
a	4.17707	11	1	0
d	4.1905	10	1	1
s	4.1905	11	1	0
d	4.28836	11	0	0
a	4.95584	12	0	0
s	4.95584	12	1	0
d	4.96431	12	0	0
a	5.09893	13	0	0
s	5.09893	13	1	0
a	5.15795	14	1	0
d	5.2288	13	1	1
s	5.2288	14	1	0
a	5.25419	15	1	0
d	5.30117	14	1	1
s	5.30117	15	1	0
d	5.33078	15	0	0
a	5.43008	16	0	0
s	5.43008	16	1	0
d	5.4353	16	0	0
a	5.46288	17	0	0
s	5.46288	17	1	0
a	5.51982	18	1	0
d	5.68519	17	1	1
s	5.68519	18	1	0
d	5.87387	18	0	0
a	5.91347	19	0	0
s	5.91347	19	1	0
a	5.91459	20	1	0
a	5.94633	21	1	1
d	5.97942	19	1	2
s	5.97942	20	1	1
d	6.02138	20	1	1
s	6.02138	21	1	0
d	6.09233	21	0	0
a	6.25951	22	0	0
s	6.25951	22	1	0
a	6.26526	23	1	0
d	6.45091	22	1	1
s	6.45091	23	1	0
a	6.48248	24	1	0
d	6.4876	23	1	1
s	6.4876	24	1	0
d	6.5728	24	0	0
a	6.66125	25	0	0
s	6.66125	25	1	0
a	6.6758	26	1	0
a	6.69763	27	1	1
d	6.84883	25	1	2
s	6.84883	26	1	1
d	7.02149	26	1	1
s	7.02149	27	1	0
d	7.05269	27	0	0
a	7.36346	28	0	0
s	7.36346	28	1	0
d	7.43785	28	0	0
a	7.59629	29	0	0
s	7.59629	29	1	0
a	7.61637	30	1	0
d	7.69631	29	1	1
s	7.69631	30	1	0
d	7.76228	30	0	0
a	8.0982	31	0	0
s	8.0982	31	1	0
d	8.15807	31	0	0
a	8.21613	32	0	0
s	8.21613	32	1	0
d	8.29127	32	0	0
a	8.32512	33	0	0
s	8.32512	33	1	0
a	8.41235	34	1	0
d	8.44005	33	1	1
s	8.44005	34	1	0
d	8.44177	34	0	0
a	8.65364	35	0	0
s	8.65364	35	1	0
a	8.68394	36	1	0
d	8.81661	35	1	1
s	8.81661	36	1	0
d	8.81715	36	0	0
a	9.4512	37	0	0
s	9.4512	37	1	0
d	9.46828	37	0	0
a	9.50312	38	0	0
s	9.50312	38	1	0
a	9.52221	39	1	0
d	9.66515	38	1	1
s	9.66515	39	1	0
d	9.88594	39	0	0
a	10.2992	40	0	0
s	10.2992	40	1	0
d	10.3284	40	0	0
a	10.452	41	0	0
s	10.452	41	1	0
d	10.6455	41	0	0
a	11.1662	42	0	0
s	11.1662	42	1	0
a	11.1901	43	1	0
d	11.4458	42	1	1
s	11.4458	43	1	0
d	11.505	43	0	0
a	11.7767	44	0	0
s	11.7767	44	1	0
d	11.8051	44	0	0
a	11.8185	45	0	0
s	11.8185	45	1	0
d	11.8795	45	0	0
a	12.108	46	0	0
s	12.108	46	1	0
a	12.1482	47	1	0
d	12.268	46	1	1
s	12.268	47	1	0
d	12.3508	47	0	0
a	12.4166	48	0	0
s	12.4166	48	1	0
d	12.463	48	0	0
a	12.6201	49	0	0
s	12.6201	49	1	0
d	12.6238	49	0	0
a	12.6604	50	0	0
s	12.6604	50	1	0
d	12.6682	50	0	0
a	12.8449	51	0	0
s	12.8449	51	1	0
d	12.954	51	0	0
a	13.0365	52	0	0
s	13.0365	52	1	0
d	13.037	52	0	0
a	13.1234	53	0	0
s	13.1234	53	1	0
d	13.1236	53	0	0
a	13.3821	54	0	0
s	13.3821	54	1	0
d	13.429	54	0	0
a	13.6443	55	0	0
s	13.6443	55	1	0
a	13.6522	56	1	0
d	13.7269	55	1	1
s	13.7269	56	1	0
d	13.7381	56	0	0
a	14.3598	57	0	0
s	14.3598	57	1	0
d	14.4393	57	0	0
a	14.4445	58	0	0
s	14.4445	58	1	0
a	14.462	59	1	0
d	14.49	58	1	1
s	14.49	59	1	0
d	14.547	59	0	0
a	14.6281	60	0	0
s	14.6281	60	1	0
d	14.6585	60	0	0
a	14.6935	61	0	0
s	14.6935	61	1	0
d	14.7035	61	0	0
a	14.8508	62	0	0
s	14.8508	62	1	0
a	14.9067	63	1	0
d	15.0174	62	1	1
s	15.0174	63	1	0
d	15.0879	63	0	0
a	15.1507	64	0	0
s	15.1507	64	1	0
a	15.1917	65	1	0
d	15.1984	64	1	1
s	15.1984	65	1	0
a	15.2159	66	1	0
a	15.2772	67	1	1
a	15.3573	68	1	2
d	15.3887	65	1	3
s	15.3887	66	1	2
d	15.3911	66	1	2
s	15.3911	67	1	1
a	15.4648	69	1	1
d	15.5066	67	1	2
s	15.5066	68	1	1
a	15.5965	70	1	1
d	15.6816	68	1	2
s	15.6816	69	1	1
d	15.7111	69	1	1
s	15.7111	70	1	0
a	15.8432	71	1	0
d	15.8976	70	1	1
s	15.8976	71	1	0
a	16.0389	72	1	0
a	16.1063	73	1	1
d	16.151	71	1	2
s	16.151	72	1	1
d	16.2404	72	1	1
s	16.2404	73	1	0
d	16.3095	73	0	0
a	16.3297	74	0	0
s	16.3297	74	1	0
a	16.3635	75	1	0
d	16.4427	74	1	1
s	16.4427	75	1	0
d	16.4618	75	0	0
a	16.9687	76	0	0
s	16.9687	76	1	0
a	16.9737	77	1	0
d	17.0182	76	1	1
s	17.0182	77	1	0
d	17.0315	77	0	0
a	17.2656	78	0	0
s	17.2656	78	1	0
d	17.3789	78	0	0
a	17.5163	79	0	0
s	17.5163	79	1	0
d	17.5846	79	0	0
a	17.681	80	0	0
s	17.681	80	1	0
a	17.6903	81	1	0
d	17.8047	80	1	1
s	17.8047	81	1	0
d	17.8755	81	0	0
a	18.1007	82	0	0
s	18.1007	82	1	0
a	18.1422	83	1	0
d	18.1968	82	1	1
s	18.1968	83	1	0
d	18.2469	83	0	0
a	19.1332	84	0	0
s	19.1332	84	1	0
d	19.2032	84	0	0
a	19.2407	85	0	0
s	19.2407	85	1	0
d	19.2649	85	0	0
a	19.3066	86	0	0
s	19.3066	86	1	0
a	19.3116	87	1	0
d	19.4096	86	1	1
s	19.4096	87	1	0
a	19.505	88	1	0
a	19.5105	89	1	1
d	19.6123	87	1	2
s	19.6123	88	1	1
a	19.738	90	1	1
d	19.9007	88	1	2
s	19.9007	89	1	1
d	19.9153	89	1	1
s	19.9153	90	1	0
d	19.948	90	0	0
a	19.9633	91	0	0
s	19.9633	91	1	0
d	19.9791	91	0	0
a	20.4324	92	0	0
s	20.4324	92	1	0
a	20.4708	93	1	0
d	20.6391	92	1	1
s	20.6391	93	1	0
d	20.817	93	0	0
a	21.1032	94	0	0
s	21.1032	94	1	0
d	21.1247	94	0	0
a	21.1745	95	0	0
s	21.1745	95	1	0
a	21.1996	96	1	0
d	21.2238	95	1	1
s	21.2238	96	1	0
d	21.3148	96	0	0
a	21.4149	97	0	0
s	21.4149	97	1	0
d	21.4306	97	0	0
a	21.7167	98	0	0
s	21.7167	98	1	0
a	21.7785	99	1	0
d	21.8016	98	1	1
s	21.8016	99	1	0
d	21.8617	99	0	0
a	22.2857	100	0	0
s	22.2857	100	1	0
a	22.4254	101	1	0
d	22.4861	100	1	1
s	22.4861	101	1	0
d	22.588	101	0	0
a	22.9294	102	0	0
s	22.9294	102	1	0
a	23.2081	103	1	0
d	23.2217	102	1	1
s	23.2217	103	1	0
d	23.4574	103	0	0
a	23.4774	104	0	0
s	23.4774	104	1	0
a	23.4853	105	1	0
d	23.6853	104	1	1
s	23.6853	105	1	0
a	23.8968	106	1	0
d	23.9909	105	1	1
s	23.9909	106	1	0
a	23.999	107	1	0
a	24.0051	108	1	1
d	24.0746	106	1	2
s	24.0746	107	1	1
d	24.1668	107	1	1
s	24.1668	108	1	0
d	24.2312	108	0	0
a	24.2497	109	0	0
s	24.2497	109	1	0
d	24.3417	109	0	0
a	24.4078	110	0	0
s	24.4078	110	1	0
d	24.4613	110	0	0
a	24.5595	111	0	0
s	24.5595	111	1	0
a	24.5658	112	1	0
d	24.5975	111	1	1
s	24.5975	112	1	0
d	24.6092	112	0	0
a	24.6582	113	0	0
s	24.6582	113	1	0
d	24.6642	113	0	0
a	24.7146	114	0	0
s	24.7146	114	1	0
d	24.7387	114	0	0
a	24.7758	115	0	0
s	24.7758	115	1	0
a	24.9429	116	1	0
d	24.9707	115	1	1
s	24.9707	116	1	0
a	25.1465	117	1	0
a	25.514	118	1	1
d	25.5163	116	1	2
s	25.5163	117	1	1
d	25.5382	117	1	1
s	25.5382	118	1	0
d	25.6017	118	0	0
a	25.8345	119	0	0
s	25.8345	119	1	0
d	25.8486	119	0	0
a	25.8833	120	0	0
s	25.8833	120	1	0
d	25.9181	120	0	0
a	26.1566	121	0	0
s	26.1566	121	1	0
a	26.1626	122	1	0
d	26.2161	121	1	1
s	26.2161	122	1	0
d	26.3452	122	0	0
a	26.5326	123	0	0
s	26.5326	123	1	0
a	26.5416	124	1	0
a	26.6528	125	1	1
d	26.6557	123	1	2
s	26.6557	124	1	1
d	26.8077	124	1	1
s	26.8077	125	1	0
a	26.8631	126	1	0
d	26.8728	125	1	1
s	26.8728	126	1	0
a	26.8745	127	1	0
d	26.9545	126	1	1
s	26.9545	127	1	0
d	26.9791	127	0	0
a	27.1549	128	0	0
s	27.1549	128	1	0
d	27.1575	128	0	0
a	27.1831	129	0	0
s	27.1831	129	1	0
d	27.197	129	0	0
a	27.3562	130	0	0
s	27.3562	130	1	0
d	27.4346	130	0	0
a	27.9768	131	0	0
s	27.9768	131	1	0
d	28.0055	131	0	0
a	28.218	132	0	0
s	28.218	132	1	0
d	28.3085	132	0	0
a	28.3477	133	0	0
s	28.3477	133	1	0
d	28.3485	133	0	0
a	28.7094	134	0	0
s	28.7094	134	1	0
d	28.8472	134	0	0
a	28.8944	135	0	0
s	28.8944	135	1	0
d	29.0339	135	0	0
a	29.1026	136	0	0
s	29.1026	136	1	0
a	29.1161	137	1	0
d	29.1504	136	1	1
s	29.1504	137	1	0
d	29.1941	137	0	0
a	29.1975	138	0	0
s	29.1975	138	1	0
d	29.207	138	0	0
a	29.2849	139	0	0
s	29.2849	139	1	0
d	29.2931	139	0	0
a	29.3304	140	0	0
s	29.3304	140	1	0
d	29.3756	140	0	0
a	29.3929	141	0	0
s	29.3929	141	1	0
a	29.3994	142	1	0
d	29.4792	141	1	1
s	29.4792	142	1	0
d	29.6157	142	0	0
a	29.6313	143	0	0
s	29.6313	143	1	0
a	29.6567	144	1	0
d	29.962	143	1	1
s	29.962	144	1	0
a	30.1809	145	1	0
d	30.2266	144	1	1
s	30.2266	145	1	0
a	30.2298	146	1	0
a	30.2857	147	1	1
d	30.3055	145	1	2
s	30.3055	146	1	1
d	30.3434	146	1	1
s	30.3434	147	1	0
d	30.3613	147	0	0
a	30.449	148	0	0
s	30.449	148	1	0
a	30.4504	149	1	0
d	30.5428	148	1	1
s	30.5428	149	1	0
d	30.5538	149	0	0
a	30.6377	150	0	0
s	30.6377	150	1	0
a	30.6896	151	1	0
d	30.7194	150	1	1
s	30.7194	151	1	0
a	30.9278	152	1	0
a	30.963	153	1	1
d	31.0197	151	1	2
s	31.0197	152	1	1
d	31.0298	152	1	1
s	31.0298	153	1	0
a	31.14	154	1	0
d	31.1474	153	1	1
s	31.1474	154	1	0
d	31.1784	154	0	0
a	31.2556	155	0	0
s	31.2556	155	1	0
d	31.2862	155	0	0
a	31.2891	156	0	0
s	31.2891	156	1	0
a	31.4679	157	1	0
d	31.4862	156	1	1
s	31.4862	157	1	0
d	31.5247	157	0	0
a	32.2851	158	0	0
s	32.2851	158	1	0
d	32.5254	158	0	0
a	32.5663	159	0	0
s	32.5663	159	1	0
d	32.8243	159	0	0
a	32.9644	160	0	0
s	32.9644	160	1	0
d	33.0679	160	0	0
a	33.0955	161	0	0
s	33.0955	161	1	0
d	33.1316	161	0	0
a	33.3119	162	0	0
s	33.3119	162	1	0
d	33.4048	162	0	0
a	33.6108	163	0	0
s	33.6108	163	1	0
a	33.6466	164	1	0
d	33.65	163	1	1
s	33.65	164	1	0
d	33.6866	164	0	0
a	33.9408	165	0	0
s	33.9408	165	1	0
d	34.0015	165	0	0
a	34.2745	166	0	0
s	34.2745	166	1	0
d	34.2771	166	0	0
a	34.3598	167	0	0
s	34.3598	167	1	0
d	34.3629	167	0	0
a	34.3951	168	0	0
s	34.3951	168	1	0
a	34.438	169	1	0
d	34.4584	168	1	1
s	34.4584	169	1	0
d	34.5573	169	0	0
a	35.1658	170	0	0
s	35.1658	170	1	0
a	35.2918	171	1	0
d	35.3207	170	1	1
s	35.3207	171	1	0
d	35.4029	171	0	0
a	35.8996	172	0	0
s	35.8996	172	1	0
a	35.9187	173	1	0
d	36.0047	172	1	1
s	36.0047	173	1	0
d	36.0194	173	0	0
a	36.1472	174	0	0
s	36.1472	174	1	0
d	36.2655	174	0	0
a	36.287	175	0	0
s	36.287	175	1	0
d	36.336	175	0	0
a	36.3913	176	0	0
s	36.3913	176	1	0
a	36.7771	177	1	0
d	36.7897	176	1	1
s	36.7897	177	1	0
d	36.805	177	0	0
a	37.0952	178	0	0
s	37.0952	178	1	0
a	37.1209	179	1	0
d	37.349	178	1	1
s	37.349	179	1	0
d	37.481	179	0	0
a	37.9801	180	0	0
s	37.9801	180	1	0
d	37.9941	180	0	0
a	38.2187	181	0	0
s	38.2187	181	1	0
a	38.2311	182	1	0
d	38.2651	181	1	1
s	38.2651	182	1	0
d	38.3275	182	0	0
a	38.9239	183	0	0
s	38.9239	183	1	0
a	38.9504	184	1	0
d	38.9551	183	1	1
s	38.9551	184	1	0
d	38.9888	184	0	0
a	39.674	185	0	0
s	39.674	185	1	0
d	39.7296	185	0	0
a	39.7572	186	0	0
s	39.7572	186	1	0
d	39.7844	186	0	0
a	39.9406	187	0	0
s	39.9406	187	1	0
a	39.9412	188	1	0
d	39.9724	187	1	1
s	39.9724	188	1	0
d	40.0159	188	0	0
a	40.7863	189	0	0
s	40.7863	189	1	0
d	40.8039	189	0	0
a	40.8514	190	0	0
s	40.8514	190	1	0
a	40.8791	191	1	0
d	40.9505	190	1	1
s	40.9505	191	1	0
d	41.1092	191	0	0
a	42.4088	192	0	0
s	42.4088	192	1	0
d	42.4963	192	0	0
a	42.6755	193	0	0
s	42.6755	193	1	0
a	42.7152	194	1	0
d	42.7361	193	1	1
s	42.7361	194	1	0
d	42.7781	194	0	0
a	43.4756	195	0	0
s	43.4756	195	1	0
a	43.5137	196	1	0
d	43.5325	195	1	1
s	43.5325	196	1	0
d	43.5471	196	0	0
a	43.5595	197	0	0
s	43.5595	197	1	0
a	43.5757	198	1	0
a	43.6245	199	1	1
d	43.6823	197	1	2
s	43.6823	198	1	1
d	43.696	198	1	1
s	43.696	199	1	0
d	43.7056	199	0	0
a	43.7075	200	0	0
s	43.7075	200	1	0
d	43.7166	200	0	0
a	43.7797	201	0	0
s	43.7797	201	1	0
a	43.8951	202	1	0
d	44.0026	201	1	1
s	44.0026	202	1	0
a	44.4265	203	1	0
d	44.7091	202	1	1
s	44.7091	203	1	0
a	44.8818	204	1	0
d	45.0118	203	1	1
s	45.0118	204	1	0
d	45.0208	204	0	0
a	45.2576	205	0	0
s	45.2576	205	1	0
a	45.415	206	1	0
d	45.6436	205	1	1
s	45.6436	206	1	0
d	45.8414	206	0	0
a	46.279	207	0	0
s	46.279	207	1	0
a	46.3343	208	1	0
d	46.3522	207	1	1
s	46.3522	208	1	0
d	46.3538	208	0	0
a	46.8354	209	0	0
s	46.8354	209	1	0
d	46.8609	209	0	0
a	46.8847	210	0	0
s	46.8847	210	1	0
d	46.8903	210	0	0
a	46.9263	211	0	0
s	46.9263	211	1	0
a	46.9893	212	1	0
d	47.0501	211	1	1
s	47.0501	212	1	0
d	47.1102	212	0	0
a	47.5156	213	0	0
s	47.5156	213	1	0
d	47.5168	213	0	0
a	47.6919	214	0	0
s	47.6919	214	1	0
d	47.7014	214	0	0
a	47.7503	215	0	0
s	47.7503	215	1	0
d	47.7588	215	0	0
a	47.8261	216	0	0
s	47.8261	216	1	0
d	47.8976	216	0	0
a	47.9149	217	0	0
s	47.9149	217	1	0
a	47.9217	218	1	0
d	47.9266	217	1	1
s	47.9266	218	1	0
d	48.0645	218	0	0
a	48.1521	219	0	0
s	48.1521	219	1	0
d	48.1991	219	0	0
a	48.5061	220	0	0
s	48.5061	220	1	0
a	48.5712	221	1	0
d	48.8427	220	1	1
s	48.8427	221	1	0
d	48.8431	221	0	0
a	49.3375	222	0	0
s	49.3375	222	1	0
d	49.3791	222	0	0
a	49.4599	223	0	0
s	49.4599	223	1	0
a	49.5072	224	1	0
d	49.5751	223	1	1
s	49.5751	224	1	0
d	49.6601	224	0	0
a	49.8484	225	0	0
s	49.8484	225	1	0
a	49.8728	226	1	0
d	49.9162	225	1	1
s	49.9162	226	1	0
a	50.1296	227	1	0
a	50.1424	228	1	1
a	50.313	229	1	2
d	50.4562	226	1	3
s	50.4562	227	1	2
d	50.535	227	1	2
s	50.535	228	1	1
d	50.757	228	1	1
s	50.757	229	1	0
d	50.7636	229	0	0
a	51.0725	230	0	0
s	51.0725	230	1	0
d	51.228	230	0	0
a	51.311	231	0	0
s	51.311	231	1	0
d	51.3636	231	0	0
a	51.5481	232	0	0
s	51.5481	232	1	0
d	51.5962	232	0	0
a	51.6086	233	0	0
s	51.6086	233	1	0
a	51.6434	234	1	0
d	51.6457	233	1	1
s	51.6457	234	1	0
d	51.6858	234	0	0
a	51.7848	235	0	0
s	51.7848	235	1	0
d	51.8106	235	0	0
a	51.9612	236	0	0
s	51.9612	236	1	0
a	52.0663	237	1	0
d	52.1381	236	1	1
s	52.1381	237	1	0
d	52.1924	237	0	0
a	52.445	238	0	0
s	52.445	238	1	0
d	52.5641	238	0	0
a	52.6798	239	0	0
s	52.6798	239	1	0
d	52.8417	239	0	0
a	53.0214	240	0	0
s	53.0214	240	1	0
d	53.0474	240	0	0
a	53.0517	241	0	0
s	53.0517	241	1	0
d	53.0644	241	0	0
a	53.7558	242	0	0
s	53.7558	242	1	0
d	53.836	242	0	0
a	53.8505	243	0	0
s	53.8505	243	1	0
d	53.8727	243	0	0
a	53.9365	244	0	0
s	53.9365	244	1	0
a	53.9686	245	1	0
d	54.0069	244	1	1
s	54.0069	245	1	0
d	54.0649	245	0	0
a	54.1493	246	0	0
s	54.1493	246	1	0
d	54.1648	246	0	0
a	54.4626	247	0	0
s	54.4626	247	1	0
a	54.495	248	1	0
d	54.5085	247	1	1
s	54.5085	248	1	0
d	54.6449	248	0	0
a	54.948	249	0	0
s	54.948	249	1	0
d	54.9715	249	0	0
a	54.987	250	0	0
s	54.987	250	1	0
a	55.0217	251	1	0
d	55.3597	250	1	1
s	55.3597	251	1	0
d	56.0662	251	0	0
a	56.3052	252	0	0
s	56.3052	252	1	0
a	56.3303	253	1	0
d	56.3412	252	1	1
s	56.3412	253	1	0
d	56.3431	253	0	0
a	56.8545	254	0	0
s	56.8545	254	1	0
d	57.0489	254	0	0
a	57.0706	255	0	0
s	57.0706	255	1	0
d	57.0792	255	0	0
a	57.2012	256	0	0
s	57.2012	256	1	0
a	57.2241	257	1	0
d	57.2996	256	1	1
s	57.2996	257	1	0
d	57.3202	257	0	0
a	57.7279	258	0	0
s	57.7279	258	1	0
d	57.8849	258	0	0
a	57.8915	259	0	0
s	57.8915	259	1	0
a	57.9064	260	1	0
d	57.9082	259	1	1
s	57.9082	260	1	0
d	57.9251	260	0	0
a	58.7394	261	0	0
s	58.7394	261	1	0
d	58.7867	261	0	0
a	58.8066	262	0	0
s	58.8066	262	1	0
d	58.8158	262	0	0
a	58.8787	263	0	0
s	58.8787	263	1	0
a	58.8788	264	1	0
d	58.9101	263	1	1
s	58.9101	264	1	0
d	59.0358	264	0	0
a	59.207	265	0	0
s	59.207	265	1	0
d	59.2369	265	0	0
a	59.244	266	0	0
s	59.244	266	1	0
a	59.2927	267	1	0
d	59.5918	266	1	1
s	59.5918	267	1	0
d	59.6006	267	0	0
a	59.6303	268	0	0
s	59.6303	268	1	0
a	59.6589	269	1	0
a	59.7479	270	1	1
d	59.974	268	1	2
s	59.974	269	1	1
a	60.018	271	1	1
a	60.0947	272	1	2
d	60.1594	269	1	3
s	60.1594	270	1	2
d	60.1693	270	1	2
s	60.1693	271	1	1
d	60.3237	271	1	1
s	60.3237	272	1	0
d	60.3823	272	0	0
a	60.445	273	0	0
s	60.445	273	1	0
a	60.4628	274	1	0
d	60.4665	273	1	1
s	60.4665	274	1	0
d	60.5283	274	0	0
a	60.5854	275	0	0
s	60.5854	275	1	0
d	60.629	275	0	0
a	60.7498	276	0	0
s	60.7498	276	1	0
d	60.7705	276	0	0
a	60.86	277	0	0
s	60.86	277	1	0
d	60.9603	277	0	0
a	61.2326	278	0	0
s	61.2326	278	1	0
d	61.2903	278	0	0
a	61.335	279	0	0
s	61.335	279	1	0
a	61.4599	280	1	0
d	61.5472	279	1	1
s	61.5472	280	1	0
d	61.5635	280	0	0
a	62.2716	281	0	0
s	62.2716	281	1	0
d	62.4035	281	0	0
a	62.4084	282	0	0
s	62.4084	282	1	0
d	62.4467	282	0	0
a	62.4725	283	0	0
s	62.4725	283	1	0
a	62.4989	284	1	0
d	62.5224	283	1	1
s	62.5224	284	1	0
d	62.5424	284	0	0
a	63.4048	285	0	0
s	63.4048	285	1	0
d	63.4151	285	0	0
a	63.4906	286	0	0
s	63.4906	286	1	0
d	63.517	286	0	0
a	63.8223	287	0	0
s	63.8223	287	1	0
a	63.8648	288	1	0
d	64.1946	287	1	1
s	64.1946	288	1	0
d	64.2236	288	0	0
a	64.3325	289	0	0
s	64.3325	289	1	0
a	64.3845	290	1	0
d	64.4067	289	1	1
s	64.4067	290	1	0
a	64.4852	291	1	0
d	64.5025	290	1	1
s	64.5025	291	1	0
d	64.6267	291	0	0
a	64.8841	292	0	0
s	64.8841	292	1	0
d	64.8964	292	0	0
a	64.9773	293	0	0
s	64.9773	293	1	0
d	64.9844	293	0	0
a	65.0839	294	0	0
s	65.0839	294	1	0
d	65.1468	294	0	0
a	65.5948	295	0	0
s	65.5948	295	1	0
d	65.5974	295	0	0
a	65.6109	296	0	0
s	65.6109	296	1	0
a	65.6506	297	1	0
d	65.6936	296	1	1
s	65.6936	297	1	0
d	65.7443	297	0	0
a	66.1978	298	0	0
s	66.1978	298	1	0
a	66.205	299	1	0
d	66.3434	298	1	1
s	66.3434	299	1	0
d	66.4333	299	0	0
a	66.9205	300	0	0
s	66.9205	300	1	0
a	66.9479	301	1	0
d	67.0395	300	1	1
s	67.0395	301	1	0
d	67.167	301	0	0
a	67.2947	302	0	0
s	67.2947	302	1	0
a	67.3106	303	1	0
d	67.3266	302	1	1
s	67.3266	303	1	0
d	67.4923	303	0	0
a	67.5479	304	0	0
s	67.5479	304	1	0
a	67.5485	305	1	0
a	67.8625	306	1	1
d	67.9027	304	1	2
s	67.9027	305	1	1
d	68.08	305	1	1
s	68.08	306	1	0
d	68.1504	306	0	0
a	68.1806	307	0	0
s	68.1806	307	1	0
a	68.4618	308	1	0
d	68.4816	307	1	1
s	68.4816	308	1	0
d	68.5479	308	0	0
a	68.9423	309	0	0
s	68.9423	309	1	0
a	68.9623	310	1	0
d	69.0024	309	1	1
s	69.0024	310	1	0
d	69.0163	310	0	0
a	69.1993	311	0	0
s	69.1993	311	1	0
d	69.2323	311	0	0
a	69.428	312	0	0
s	69.428	312	1	0
d	69.4536	312	0	0
a	69.5113	313	0	0
s	69.5113	313	1	0
d	69.685	313	0	0
a	69.9139	314	0	0
s	69.9139	314	1	0
a	70.0015	315	1	0
d	70.2318	314	1	1
s	70.2318	315	1	0
d	70.3866	315	0	0
a	70.5967	316	0	0
s	70.5967	316	1	0
d	70.6139	316	0	0
a	70.7541	317	0	0
s	70.7541	317	1	0
a	71.0408	318	1	0
d	71.1313	317	1	1
s	71.1313	318	1	0
d	71.2345	318	0	0
a	71.8502	319	0	0
s	71.8502	319	1	0
d	72.0506	319	0	0
a	72.1661	320	0	0
s	72.1661	320	1	0
d	72.2304	320	0	0
a	72.28	321	0	0
s	72.28	321	1	0
d	72.3014	321	0	0
a	72.4844	322	0	0
s	72.4844	322	1	0
d	72.495	322	0	0
a	72.7096	323	0	0
s	72.7096	323	1	0
a	72.8992	324	1	0
d	73.0628	323	1	1
s	73.0628	324	1	0
d	73.1036	324	0	0
a	73.1169	325	0	0
s	73.1169	325	1	0
a	73.1231	326	1	0
d	73.1239	325	1	1
s	73.1239	326	1	0
d	73.1822	326	0	0
a	73.3563	327	0	0
s	73.3563	327	1	0
a	73.3715	328	1	0
d	73.6187	327	1	1
s	73.6187	328	1	0
d	73.6205	328	0	0
a	74.0643	329	0	0
s	74.0643	329	1	0
d	74.1677	329	0	0
a	74.2276	330	0	0
s	74.2276	330	1	0
a	74.2335	331	1	0
d	74.2645	330	1	1
s	74.2645	331	1	0
d	74.2662	331	0	0
a	74.5124	332	0	0
s	74.5124	332	1	0
d	74.5849	332	0	0
a	74.6368	333	0	0
s	74.6368	333	1	0
d	74.6989	333	0	0
a	74.6991	334	0	0
s	74.6991	334	1	0
d	74.808	334	0	0
a	74.8163	335	0	0
s	74.8163	335	1	0
a	74.9538	336	1	0
d	74.994	335	1	1
s	74.994	336	1	0
d	75.002	336	0	0
a	75.1941	337	0	0
s	75.1941	337	1	0
a	75.2236	338	1	0
d	75.325	337	1	1
s	75.325	338	1	0
d	75.3576	338	0	0
a	76.1586	339	0	0
s	76.1586	339	1	0
d	76.2066	339	0	0
a	76.2269	340	0	0
s	76.2269	340	1	0
d	76.2773	340	0	0
a	76.2897	341	0	0
s	76.2897	341	1	0
d	76.3148	341	0	0
a	76.3392	342	0	0
s	76.3392	342	1	0
a	76.3697	343	1	0
d	76.3754	342	1	1
s	76.3754	343	1	0
d	76.5599	343	0	0
a	76.8392	344	0	0
s	76.8392	344	1	0
a	76.9148	345	1	0
d	77.1559	344	1	1
s	77.1559	345	1	0
d	77.1577	345	0	0
a	77.2926	346	0	0
s	77.2926	346	1	0
d	77.3411	346	0	0
a	77.5864	347	0	0
s	77.5864	347	1	0
d	77.591	347	0	0
a	77.6032	348	0	0
s	77.6032	348	1	0
d	77.7118	348	0	0
a	77.7609	349	0	0
s	77.7609	349	1	0
d	77.8848	349	0	0
a	78.0916	350	0	0
s	78.0916	350	1	0
d	78.0924	350	0	0
a	78.2869	351	0	0
s	78.2869	351	1	0
a	78.4551	352	1	0
d	78.5544	351	1	1
s	78.5544	352	1	0
d	78.5784	352	0	0
a	79.341	353	0	0
s	79.341	353	1	0
a	79.4288	354	1	0
d	79.5646	353	1	1
s	79.5646	354	1	0
d	79.691	354	0	0
a	79.855	355	0	0
s	79.855	355	1	0
a	79.8804	356	1	0
d	80.1061	355	1	1
s	80.1061	356	1	0
a	80.3085	357	1	0
d	80.4224	356	1	1
s	80.4224	357	1	0
d	80.5193	357	0	0
a	80.8251	358	0	0
s	80.8251	358	1	0
a	80.8699	359	1	0
a	80.8726	360	1	1
d	80.9269	358	1	2
s	80.9269	359	1	1
d	80.9379	359	1	1
s	80.9379	360	1	0
d	81.0438	360	0	0
a	81.402	361	0	0
s	81.402	361	1	0
d	81.5534	361	0	0
a	81.6583	362	0	0
s	81.6583	362	1	0
a	81.6965	363	1	0
d	81.882	362	1	1
s	81.882	363	1	0
d	81.9324	363	0	0
a	82.495	364	0	0
s	82.495	364	1	0
d	82.5042	364	0	0
a	82.5157	365	0	0
s	82.5157	365	1	0
a	82.5427	366	1	0
d	82.6345	365	1	1
s	82.6345	366	1	0
d	82.6957	366	0	0
a	84.0093	367	0	0
s	84.0093	367	1	0
d	84.0363	367	0	0
a	84.3476	368	0	0
s	84.3476	368	1	0
d	84.4203	368	0	0
a	84.6675	369	0	0
s	84.6675	369	1	0
d	84.6715	369	0	0
a	84.9414	370	0	0
s	84.9414	370	1	0
a	84.9457	371	1	0
d	84.9985	370	1	1
s	84.9985	371	1	0
d	85.0114	371	0	0
a	85.1764	372	0	0
s	85.1764	372	1	0
d	85.182	372	0	0
a	85.3166	373	0	0
s	85.3166	373	1	0
d	85.365	373	0	0
a	85.6507	374	0	0
s	85.6507	374	1	0
d	85.6928	374	0	0
a	85.7466	375	0	0
s	85.7466	375	1	0
d	85.7512	375	0	0
a	85.8026	376	0	0
s	85.8026	376	1	0
a	85.9005	377	1	0
d	85.9631	376	1	1
s	85.9631	377	1	0
d	86.0104	377	0	0
a	86.8583	378	0	0
s	86.8583	378	1	0
a	86.8759	379	1	0
d	86.8776	378	1	1
s	86.8776	379	1	0
d	87.0397	379	0	0
a	87.3853	380	0	0
s	87.3853	380	1	0
d	87.3984	380	0	0
a	87.5061	381	0	0
s	87.5061	381	1	0
a	87.5116	382	1	0
d	87.5994	381	1	1
s	87.5994	382	1	0
d	87.6246	382	0	0
a	87.9176	383	0	0
s	87.9176	383	1	0
d	88.0746	383	0	0
a	88.1884	384	0	0
s	88.1884	384	1	0
a	88.2719	385	1	0
d	88.3032	384	1	1
s	88.3032	385	1	0
d	88.4133	385	0	0
a	88.5937	386	0	0
s	88.5937	386	1	0
d	88.613	386	0	0
a	88.6852	387	0	0
s	88.6852	387	1	0
d	88.6858	387	0	0
a	88.853	388	0	0
s	88.853	388	1	0
a	88.9258	389	1	0
d	89.0761	388	1	1
s	89.0761	389	1	0
d	89.1022	389	0	0
a	89.3826	390	0	0
s	89.3826	390	1	0
d	89.3857	390	0	0
a	89.4933	391	0	0
s	89.4933	391	1	0
d	89.5034	391	0	0
a	89.5656	392	0	0
s	89.5656	392	1	0
a	89.6475	393	1	0
d	89.6851	392	1	1
s	89.6851	393	1	0
d	89.7732	393	0	0
a	89.9014	394	0	0
s	89.9014	394	1	0
d	89.9337	394	0	0
a	89.9356	395	0	0
s	89.9356	395	1	0
d	90.1749	395	0	0
a	90.2139	396	0	0
s	90.2139	396	1	0
a	90.2324	397	1	0
d	90.2423	396	1	1
s	90.2423	397	1	0
d	90.3445	397	0	0
a	90.9038	398	0	0
s	90.9038	398	1	0
a	91.0232	399	1	0
d	91.0907	398	1	1
s	91.0907	399	1	0
d	91.2208	399	0	0
a	91.7382	400	0	0
s	91.7382	400	1	0
a	91.7483	401	1	0
d	91.8188	400	1	1
s	91.8188	401	1	0
d	91.8939	401	0	0
a	91.9393	402	0	0
s	91.9393	402	1	0
d	91.9751	402	0	0
a	92.094	403	0	0
s	92.094	403	1	0
d	92.1005	403	0	0
a	92.2364	404	0	0
s	92.2364	404	1	0
a	92.2581	405	1	0
d	92.357	404	1	1
s	92.357	405	1	0
d	92.4809	405	0	0
a	93.0605	406	0	0
s	93.0605	406	1	0
d	93.1316	406	0	0
a	93.3238	407	0	0
s	93.3238	407	1	0
d	93.3429	407	0	0
a	93.6091	408	0	0
s	93.6091	408	1	0
a	93.7155	409	1	0
d	93.7355	408	1	1
s	93.7355	409	1	0
d	93.8018	409	0	0
a	94.3793	410	0	0
s	94.3793	410	1	0
d	94.4074	410	0	0
a	94.5652	411	0	0
s	94.5652	411	1	0
a	94.6608	412	1	0
a	94.704	413	1	1
d	94.7938	411	1	2
s	94.7938	412	1	1
d	94.8115	412	1	1
s	94.8115	413	1	0
d	94.8254	413	0	0
a	94.9414	414	0	0
s	94.9414	414	1	0
d	94.9444	414	0	0
a	95.0102	415	0	0
s	95.0102	415	1	0
d	95.1613	415	0	0
a	95.311	416	0	0
s	95.311	416	1	0
d	95.4731	416	0	0
a	95.4938	417	0	0
s	95.4938	417	1	0
a	95.4987	418	1	0
d	95.655	417	1	1
s	95.655	418	1	0
d	95.6936	418	0	0
a	95.7099	419	0	0
s	95.7099	419	1	0
d	95.7269	419	0	0
a	95.8601	420	0	0
s	95.8601	420	1	0
a	95.8713	421	1	0
d	96.1383	420	1	1
s	96.1383	421	1	0
d	96.1427	421	0	0
a	96.4405	422	0	0
s	96.4405	422	1	0
d	96.4798	422	0	0
a	96.5872	423	0	0
s	96.5872	423	1	0
a	96.6582	424	1	0
d	96.66	423	1	1
s	96.66	424	1	0
d	96.683	424	0	0
a	97.2689	425	0	0
s	97.2689	425	1	0
d	97.296	425	0	0
a	97.3798	426	0	0
s	97.3798	426	1	0
d	97.5063	426	0	0
a	97.5526	427	0	0
s	97.5526	427	1	0
d	97.6651	427	0	0
a	97.8851	428	0	0
s	97.8851	428	1	0
d	97.8977	428	0	0
a	98.0397	429	0	0
s	98.0397	429	1	0
d	98.1304	429	0	0
a	98.2543	430	0	0
s	98.2543	430	1	0
d	98.2677	430	0	0
a	98.3096	431	0	0
s	98.3096	431	1	0
d	98.334	431	0	0
a	98.4902	432	0	0
s	98.4902	432	1	0
a	98.5204	433	1	0
d	98.5697	432	1	1
s	98.5697	433	1	0
d	98.6149	433	0	0
a	98.8497	434	0	0
s	98.8497	434	1	0
a	98.8661	435	1	0
d	99.0119	434	1	1
s	99.0119	435	1	0
a	99.2051	436	1	0
d	99.3442	435	1	1
s	99.3442	436	1	0
d	99.5939	436	0	0
a	100.099	437	0	0
s	100.099	437	1	0
a	100.253	438	1	0
d	100.301	437	1	1
s	100.301	438	1	0
d	100.302	438	0	0
a	100.777	439	0	0
s	100.777	439	1	0
a	100.895	440	1	0
d	100.899	439	1	1
s	100.899	440	1	0
d	100.965	440	0	0
a	101.005	441	0	0
s	101.005	441	1	0
a	101.08	442	1	0
a	101.086	443	1	1
d	101.231	441	1	2
s	101.231	442	1	1
a	101.281	444	1	1
d	101.332	442	1	2
s	101.332	443	1	1
d	101.551	443	1	1
s	101.551	444	1	0
d	101.574	444	0	0
a	101.692	445	0	0
s	101.692	445	1	0
d	101.721	445	0	0
a	101.777	446	0	0
s	101.777	446	1	0
a	101.868	447	1	0
d	101.88	446	1	1
s	101.88	447	1	0
d	101.977	447	0	0
a	102.199	448	0	0
s	102.199	448	1	0
d	102.421	448	0	0
a	102.555	449	0	0
s	102.555	449	1	0
d	102.706	449	0	0
a	102.707	450	0	0
s	102.707	450	1	0
a	102.745	451	1	0
d	102.796	450	1	1
s	102.796	451	1	0
a	102.877	452	1	0
d	102.997	451	1	1
s	102.997	452	1	0
a	103.046	453	1	0
d	103.113	452	1	1
s	103.113	453	1	0
d	103.163	453	0	0
a	103.336	454	0	0
s	103.336	454	1	0
d	103.431	454	0	0
a	103.824	455	0	0
s	103.824	455	1	0
d	103.836	455	0	0
a	103.882	456	0	0
s	103.882	456	1	0
d	104.07	456	0	0
a	104.338	457	0	0
s	104.338	457	1	0
a	104.347	458	1	0
d	104.4	457	1	1
s	104.4	458	1	0
d	104.404	458	0	0
a	104.754	459	0	0
s	104.754	459	1	0
d	104.822	459	0	0
a	104.875	460	0	0
s	104.875	460	1	0
a	104.928	461	1	0
d	104.987	460	1	1
s	104.987	461	1	0
d	105.111	461	0	0
a	105.175	462	0	0
s	105.175	462	1	0
d	105.215	462	0	0
a	105.261	463	0	0
s	105.261	463	1	0
d	105.315	463	0	0
a	105.36	464	0	0
s	105.36	464	1	0
d	105.368	464	0	0
a	105.594	465	0	0
s	105.594	465	1	0
d	105.635	465	0	0
a	105.806	466	0	0
s	105.806	466	1	0
d	105.946	466	0	0
a	106.05	467	0	0
s	106.05	467	1	0
a	106.091	468	1	0
d	106.278	467	1	1
s	106.278	468	1	0
d	106.323	468	0	0
a	106.428	469	0	0
s	106.428	469	1	0
d	106.441	469	0	0
a	106.501	470	0	0
s	106.501	470	1	0
d	106.505	470	0	0
a	106.604	471	0	0
s	106.604	471	1	0
d	106.651	471	0	0
a	106.714	472	0	0
s	106.714	472	1	0
a	106.731	473	1	0
d	106.734	472	1	1
s	106.734	473	1	0
d	106.764	473	0	0
a	107.482	474	0	0
s	107.482	474	1	0
d	107.51	474	0	0
a	107.58	475	0	0
s	107.58	475	1	0
d	107.708	475	0	0
a	107.777	476	0	0
s	107.777	476	1	0
d	107.837	476	0	0
a	107.935	477	0	0
s	107.935	477	1	0
d	108.049	477	0	0
a	108.1	478	0	0
s	108.1	478	1	0
a	108.14	479	1	0
d	108.142	478	1	1
s	108.142	479	1	0
d	108.186	479	0	0
a	108.313	480	0	0
s	108.313	480	1	0
d	108.427	480	0	0
a	108.444	481	0	0
s	108.444	481	1	0
a	108.555	482	1	0
d	108.626	481	1	1
s	108.626	482	1	0
d	108.673	482	0	0
a	108.751	483	0	0
s	108.751	483	1	0
a	108.789	484	1	0
d	108.882	483	1	1
s	108.882	484	1	0
d	108.915	484	0	0
a	109	485	0	0
s	109	485	1	0
a	109.037	486	1	0
a	109.144	487	1	1
d	109.207	485	1	2
s	109.207	486	1	1
d	109.222	486	1	1
s	109.222	487	1	0
a	109.274	488	1	0
d	109.292	487	1	1
s	109.292	488	1	0
d	109.332	488	0	0
a	109.661	489	0	0
s	109.661	489	1	0
a	109.691	490	1	0
d	109.717	489	1	1
s	109.717	490	1	0
a	110.284	491	1	0
d	110.452	490	1	1
s	110.452	491	1	0
d	110.68	491	0	0
a	111.09	492	0	0
s	111.09	492	1	0
d	111.223	492	0	0
a	111.334	493	0	0
s	111.334	493	1	0
a	111.368	494	1	0
d	111.466	493	1	1
s	111.466	494	1	0
d	111.488	494	0	0
a	111.768	495	0	0
s	111.768	495	1	0
a	111.82	496	1	0
d	111.92	495	1	1
s	111.92	496	1	0
d	111.964	496	0	0
a	112.312	497	0	0
s	112.312	497	1	0
a	112.36	498	1	0
d	112.542	497	1	1
s	112.542	498	1	0
d	112.543	498	0	0
a	112.605	499	0	0
s	112.605	499	1	0
d	112.616	499	0	0
a	112.672	500	0	0
s	112.672	500	1	0
d	112.683	500	0	0
a	112.687	501	0	0
s	112.687	501	1	0
d	112.72	501	0	0
a	112.722	502	0	0
s	112.722	502	1	0
a	112.753	503	1	0
d	112.91	502	1	1
s	112.91	503	1	0
d	113.001	503	0	0
a	113.02	504	0	0
s	113.02	504	1	0
a	113.123	505	1	0
d	113.295	504	1	1
s	113.295	505	1	0
d	113.404	505	0	0
a	114.066	506	0	0
s	114.066	506	1	0
a	114.164	507	1	0
d	114.289	506	1	1
s	114.289	507	1	0
d	114.438	507	0	0
a	114.494	508	0	0
s	114.494	508	1	0
d	114.505	508	0	0
a	114.508	509	0	0
s	114.508	509	1	0
d	114.588	509	0	0
a	114.607	510	0	0
s	114.607	510	1	0
a	114.611	511	1	0
d	114.753	510	1	1
s	114.753	511	1	0
a	114.789	512	1	0
d	114.791	511	1	1
s	114.791	512	1	0
d	114.854	512	0	0
a	115.26	513	0	0
s	115.26	513	1	0
d	115.263	513	0	0
a	115.273	514	0	0
s	115.273	514	1	0
d	115.308	514	0	0
a	115.429	515	0	0
s	115.429	515	1	0
a	115.576	516	1	0
d	115.656	515	1	1
s	115.656	516	1	0
a	115.737	517	1	0
a	115.771	518	1	1
d	115.871	516	1	2
s	115.871	517	1	1
d	116.413	517	1	1
s	116.413	518	1	0
d	116.455	518	0	0
a	116.822	519	0	0
s	116.822	519	1	0
d	116.832	519	0	0
a	116.883	520	0	0
s	116.883	520	1	0
d	117.017	520	0	0
a	117.077	521	0	0
s	117.077	521	1	0
a	117.097	522	1	0
d	117.124	521	1	1
s	117.124	522	1	0
d	117.139	522	0	0
a	117.189	523	0	0
s	117.189	523	1	0
d	117.224	523	0	0
a	117.505	524	0	0
s	117.505	524	1	0
a	117.508	525	1	0
d	117.534	524	1	1
s	117.534	525	1	0
d	117.693	525	0	0
a	117.791	526	0	0
s	117.791	526	1	0
d	117.93	526	0	0
a	117.961	527	0	0
s	117.961	527	1	0
d	118.045	527	0	0
a	118.137	528	0	0
s	118.137	528	1	0
d	118.144	528	0	0
a	118.168	529	0	0
s	118.168	529	1	0
d	118.263	529	0	0
a	118.278	530	0	0
s	118.278	530	1	0
a	118.329	531	1	0
d	118.336	530	1	1
s	118.336	531	1	0
a	118.423	532	1	0
d	118.43	531	1	1
s	118.43	532	1	0
d	118.477	532	0	0
a	118.547	533	0	0
s	118.547	533	1	0
d	118.584	533	0	0
a	118.627	534	0	0
s	118.627	534	1	0
d	118.667	534	0	0
a	118.773	535	0	0
s	118.773	535	1	0
d	118.998	535	0	0
a	119.076	536	0	0
s	119.076	536	1	0
a	119.164	537	1	0
d	119.273	536	1	1
s	119.273	537	1	0
d	119.317	537	0	0
a	119.924	538	0	0
s	119.924	538	1	0
d	119.959	538	0	0
a	120.17	539	0	0
s	120.17	539	1	0
a	120.174	540	1	0
d	120.243	539	1	1
s	120.243	540	1	0
d	120.322	540	0	0
a	120.628	541	0	0
s	120.628	541	1	0
a	120.65	542	1	0
d	120.652	541	1	1
s	120.652	542	1	0
a	120.684	543	1	0
d	120.709	542	1	1
s	120.709	543	1	0
d	120.71	543	0	0
a	120.964	544	0	0
s	120.964	544	1	0
a	121.001	545	1	0
d	121.008	544	1	1
s	121.008	545	1	0
d	121.017	545	0	0
a	121.238	546	0	0
s	121.238	546	1	0
a	121.351	547	1	0
d	121.368	546	1	1
s	121.368	547	1	0
d	121.387	547	0	0
a	122.188	548	0	0
s	122.188	548	1	0
d	122.3	548	0	0
a	122.34	549	0	0
s	122.34	549	1	0
d	122.368	549	0	0
a	122.404	550	0	0
s	122.404	550	1	0
a	122.444	551	1	0
d	122.509	550	1	1
s	122.509	551	1	0
d	122.521	551	0	0
a	122.693	552	0	0
s	122.693	552	1	0
d	122.713	552	0	0
a	122.788	553	0	0
s	122.788	553	1	0
a	122.79	554	1	0
d	122.834	553	1	1
s	122.834	554	1	0
a	122.972	555	1	0
d	123.003	554	1	1
s	123.003	555	1	0
d	123.018	555	0	0
a	123.131	556	0	0
s	123.131	556	1	0
d	123.151	556	0	0
a	123.232	557	0	0
s	123.232	557	1	0
a	123.335	558	1	0
d	123.346	557	1	1
s	123.346	558	1	0
d	123.353	558	0	0
a	124.357	559	0	0
s	124.357	559	1	0
a	124.483	560	1	0
d	124.498	559	1	1
s	124.498	560	1	0
d	124.502	560	0	0
a	124.676	561	0	0
s	124.676	561	1	0
a	124.737	562	1	0
a	124.902	563	1	1
d	124.903	561	1	2
s	124.903	562	1	1
d	124.927	562	1	1
s	124.927	563	1	0
d	124.938	563	0	0
a	126.187	564	0	0
s	126.187	564	1	0
d	126.305	564	0	0
a	126.402	565	0	0
s	126.402	565	1	0
d	126.466	565	0	0
a	126.526	566	0	0
s	126.526	566	1	0
d	126.556	566	0	0
a	126.583	567	0	0
s	126.583	567	1	0
a	126.592	568	1	0
d	126.638	567	1	1
s	126.638	568	1	0
d	126.672	568	0	0
a	127.461	569	0	0
s	127.461	569	1	0
d	127.535	569	0	0
a	127.683	570	0	0
s	127.683	570	1	0
d	127.75	570	0	0
a	127.87	571	0	0
s	127.87	571	1	0
d	127.929	571	0	0
a	127.978	572	0	0
s	127.978	572	1	0
a	128.021	573	1	0
d	128.045	572	1	1
s	128.045	573	1	0
d	128.08	573	0	0
a	128.566	574	0	0
s	128.566	574	1	0
a	128.569	575	1	0
a	128.656	576	1	1
d	128.767	574	1	2
s	128.767	575	1	1
d	128.768	575	1	1
s	128.768	576	1	0
d	128.783	576	0	0
a	129.115	577	0	0
s	129.115	577	1	0
d	129.169	577	0	0
a	129.357	578	0	0
s	129.357	578	1	0
a	129.459	579	1	0
d	129.467	578	1	1
s	129.467	579	1	0
d	129.498	579	0	0
a	129.577	580	0	0
s	129.577	580	1	0
a	129.591	581	1	0
d	129.628	580	1	1
s	129.628	581	1	0
a	129.655	582	1	0
d	129.786	581	1	1
s	129.786	582	1	0
d	129.958	582	0	0
a	129.992	583	0	0
s	129.992	583	1	0
d	130.008	583	0	0
a	130.095	584	0	0
s	130.095	584	1	0
a	130.1	585	1	0
d	130.176	584	1	1
s	130.176	585	1	0
d	130.242	585	0	0
a	130.428	586	0	0
s	130.428	586	1	0
d	130.552	586	0	0
a	130.623	587	0	0
s	130.623	587	1	0
a	130.643	588	1	0
d	130.699	587	1	1
s	130.699	588	1	0
d	130.779	588	0	0
a	130.881	589	0	0
s	130.881	589	1	0
d	130.885	589	0	0
a	130.955	590	0	0
s	130.955	590	1	0
a	131.016	591	1	0
a	131.147	592	1	1
d	131.253	590	1	2
s	131.253	591	1	1
d	131.348	591	1	1
s	131.348	592	1	0
d	131.351	592	0	0
a	131.739	593	0	0
s	131.739	593	1	0
d	131.841	593	0	0
a	132.43	594	0	0
s	132.43	594	1	0
a	132.458	595	1	0
d	132.585	594	1	1
s	132.585	595	1	0
d	132.642	595	0	0
a	132.742	596	0	0
s	132.742	596	1	0
d	132.777	596	0	0
a	132.805	597	0	0
s	132.805	597	1	0
d	132.858	597	0	0
a	132.86	598	0	0
s	132.86	598	1	0
a	132.889	599	1	0
a	132.9	600	1	1
d	132.958	598	1	2
s	132.958	599	1	1
d	132.979	599	1	1
s	132.979	600	1	0
d	132.985	600	0	0
a	132.988	601	0	0
s	132.988	601	1	0
a	133.039	602	1	0
d	133.151	601	1	1
s	133.151	602	1	0
d	133.163	602	0	0
a	133.469	603	0	0
s	133.469	603	1	0
d	133.526	603	0	0
a	133.614	604	0	0
s	133.614	604	1	0
d	133.681	604	0	0
a	133.791	605	0	0
s	133.791	605	1	0
d	133.804	605	0	0
a	133.988	606	0	0
s	133.988	606	1	0
a	134.024	607	1	0
a	134.118	608	1	1
a	134.175	609	1	2
d	134.178	606	1	3
s	134.178	607	1	2
d	134.487	607	1	2
s	134.487	608	1	1
d	134.494	608	1	1
s	134.494	609	1	0
d	134.514	609	0	0
a	135.138	610	0	0
s	135.138	610	1	0
d	135.165	610	0	0
a	135.441	611	0	0
s	135.441	611	1	0
d	135.553	611	0	0
a	135.899	612	0	0
s	135.899	612	1	0
a	136.01	613	1	0
d	136.158	612	1	1
s	136.158	613	1	0
d	136.305	613	0	0
a	136.721	614	0	0
s	136.721	614	1	0
a	136.743	615	1	0
d	136.938	614	1	1
s	136.938	615	1	0
d	136.952	615	0	0
a	136.974	616	0	0
s	136.974	616	1	0
a	137.1	617	1	0
d	137.118	616	1	1
s	137.118	617	1	0
d	137.161	617	0	0
a	137.199	618	0	0
s	137.199	618	1	0
d	137.268	618	0	0
a	137.273	619	0	0
s	137.273	619	1	0
a	137.37	620	1	0
d	137.447	619	1	1
s	137.447	620	1	0
d	137.449	620	0	0
a	138.449	621	0	0
s	138.449	621	1	0
a	138.465	622	1	0
a	138.661	623	1	1
d	138.667	621	1	2
s	138.667	622	1	1
a	138.861	624	1	1
d	138.881	622	1	2
s	138.881	623	1	1
d	138.886	623	1	1
s	138.886	624	1	0
a	138.981	625	1	0
d	139.276	624	1	1
s	139.276	625	1	0
d	139.57	625	0	0
a	139.65	626	0	0
s	139.65	626	1	0
d	139.682	626	0	0
a	139.773	627	0	0
s	139.773	627	1	0
a	139.848	628	1	0
d	139.879	627	1	1
s	139.879	628	1	0
d	139.885	628	0	0
a	140.992	629	0	0
s	140.992	629	1	0
a	141.061	630	1	0
d	141.177	629	1	1
s	141.177	630	1	0
d	141.193	630	0	0
a	141.262	631	0	0
s	141.262	631	1	0
d	141.367	631	0	0
a	142.007	632	0	0
s	142.007	632	1	0
a	142.074	633	1	0
d	142.132	632	1	1
s	142.132	633	1	0
d	142.159	633	0	0
a	142.901	634	0	0
s	142.901	634	1	0
a	143.007	635	1	0
d	143.057	634	1	1
s	143.057	635	1	0
d	143.083	635	0	0
a	143.096	636	0	0
s	143.096	636	1	0
a	143.106	637	1	0
d	143.11	636	1	1
s	143.11	637	1	0
d	143.154	637	0	0
a	143.175	638	0	0
s	143.175	638	1	0
d	143.224	638	0	0
a	143.224	639	0	0
s	143.224	639	1	0
a	143.229	640	1	0
d	143.258	639	1	1
s	143.258	640	1	0
a	143.336	641	1	0
a	143.37	642	1	1
d	143.451	640	1	2
s	143.451	641	1	1
d	143.818	641	1	1
s	143.818	642	1	0
d	143.845	642	0	0
a	143.985	643	0	0
s	143.985	643	1	0
a	144.036	644	1	0
d	144.172	643	1	1
s	144.172	644	1	0
d	144.258	644	0	0
a	144.362	645	0	0
s	144.362	645	1	0
a	144.383	646	1	0
d	144.389	645	1	1
s	144.389	646	1	0
a	144.424	647	1	0
d	144.479	646	1	1
s	144.479	647	1	0
a	144.501	648	1	0
d	144.523	647	1	1
s	144.523	648	1	0
d	144.693	648	0	0
a	144.803	649	0	0
s	144.803	649	1	0
a	144.806	650	1	0
d	145.145	649	1	1
s	145.145	650	1	0
a	145.261	651	1	0
d	145.339	650	1	1
s	145.339	651	1	0
a	145.47	652	1	0
d	145.491	651	1	1
s	145.491	652	1	0
d	145.543	652	0	0
a	145.635	653	0	0
s	145.635	653	1	0
a	145.695	654	1	0
a	145.704	655	1	1
d	145.745	653	1	2
s	145.745	654	1	1
d	145.768	654	1	1
s	145.768	655	1	0
d	145.814	655	0	0
a	146.512	656	0	0
s	146.512	656	1	0
a	146.515	657	1	0
d	146.553	656	1	1
s	146.553	657	1	0
a	146.73	658	1	0
a	146.752	659	1	1
d	146.811	657	1	2
s	146.811	658	1	1
d	146.821	658	1	1
s	146.821	659	1	0
d	146.855	659	0	0
a	147.403	660	0	0
s	147.403	660	1	0
a	147.457	661	1	0
d	147.461	660	1	1
s	147.461	661	1	0
d	147.479	661	0	0
a	147.619	662	0	0
s	147.619	662	1	0
d	147.731	662	0	0
a	147.949	663	0	0
s	147.949	663	1	0
d	147.991	663	0	0
a	148.125	664	0	0
s	148.125	664	1	0
a	148.144	665	1	0
d	148.149	664	1	1
s	148.149	665	1	0
d	148.161	665	0	0
a	148.395	666	0	0
s	148.395	666	1	0
d	148.426	666	0	0
a	148.48	667	0	0
s	148.48	667	1	0
a	148.575	668	1	0
d	148.604	667	1	1
s	148.604	668	1	0
a	148.632	669	1	0
d	148.845	668	1	1
s	148.845	669	1	0
d	148.874	669	0	0
a	149.041	670	0	0
s	149.041	670	1	0
d	149.103	670	0	0
a	149.166	671	0	0
s	149.166	671	1	0
a	149.176	672	1	0
d	149.728	671	1	1
s	149.728	672	1	0
d	149.79	672	0	0
a	150.158	673	0	0
s	150.158	673	1	0
d	150.247	673	0	0
a	150.365	674	0	0
s	150.365	674	1	0
d	150.395	674	0	0
a	150.478	675	0	0
s	150.478	675	1	0
d	150.575	675	0	0
a	150.682	676	0	0
s	150.682	676	1	0
a	150.76	677	1	0
d	150.784	676	1	1
s	150.784	677	1	0
d	150.882	677	0	0
a	151.015	678	0	0
s	151.015	678	1	0
a	151.015	679	1	0
d	151.171	678	1	1
s	151.171	679	1	0
d	151.272	679	0	0
a	151.446	680	0	0
s	151.446	680	1	0
d	151.481	680	0	0
a	151.585	681	0	0
s	151.585	681	1	0
d	151.658	681	0	0
a	151.778	682	0	0
s	151.778	682	1	0
d	151.853	682	0	0
a	151.902	683	0	0
s	151.902	683	1	0
d	151.989	683	0	0
a	152.329	684	0	0
s	152.329	684	1	0
d	152.409	684	0	0
a	152.463	685	0	0
s	152.463	685	1	0
d	152.573	685	0	0
a	152.904	686	0	0
s	152.904	686	1	0
a	152.922	687	1	0
d	152.963	686	1	1
s	152.963	687	1	0
d	153.002	687	0	0
a	153.186	688	0	0
s	153.186	688	1	0
d	153.279	688	0	0
a	153.293	689	0	0
s	153.293	689	1	0
d	153.316	689	0	0
a	153.475	690	0	0
s	153.475	690	1	0
d	153.603	690	0	0
a	153.764	691	0	0
s	153.764	691	1	0
d	153.859	691	0	0
a	153.887	692	0	0
s	153.887	692	1	0
d	153.97	692	0	0
a	154.183	693	0	0
s	154.183	693	1	0
a	154.26	694	1	0
d	154.261	693	1	1
s	154.261	694	1	0
d	154.285	694	0	0
a	154.613	695	0	0
s	154.613	695	1	0
d	154.699	695	0	0
a	154.78	696	0	0
s	154.78	696	1	0
d	154.807	696	0	0
a	154.903	697	0	0
s	154.903	697	1	0
d	155.159	697	0	0
a	155.215	698	0	0
s	155.215	698	1	0
a	155.289	699	1	0
d	155.363	698	1	1
s	155.363	699	1	0
d	155.418	699	0	0
a	155.491	700	0	0
s	155.491	700	1	0
a	155.501	701	1	0
d	155.548	700	1	1
s	155.548	701	1	0
d	155.598	701	0	0
a	155.749	702	0	0
s	155.749	702	1	0
a	155.773	703	1	0
d	155.828	702	1	1
s	155.828	703	1	0
d	155.884	703	0	0
a	155.951	704	0	0
s	155.951	704	1	0
a	156.087	705	1	0
d	156.153	704	1	1
s	156.153	705	1	0
d	156.245	705	0	0
a	156.96	706	0	0
s	156.96	706	1	0
d	156.969	706	0	0
a	156.99	707	0	0
s	156.99	707	1	0
d	157.004	707	0	0
a	157.102	708	0	0
s	157.102	708	1	0
a	157.164	709	1	0
d	157.172	708	1	1
s	157.172	709	1	0
d	157.194	709	0	0
a	157.462	710	0	0
s	157.462	710	1	0
d	157.524	710	0	0
a	157.583	711	0	0
s	157.583	711	1	0
d	157.618	711	0	0
a	157.674	712	0	0
s	157.674	712	1	0
d	157.701	712	0	0
a	157.758	713	0	0
s	157.758	713	1	0
a	157.83	714	1	0
d	158.048	713	1	1
s	158.048	714	1	0
d	158.074	714	0	0
a	159.154	715	0	0
s	159.154	715	1	0
a	159.221	716	1	0
d	159.413	715	1	1
s	159.413	716	1	0
d	159.427	716	0	0
a	159.467	717	0	0
s	159.467	717	1	0
a	159.514	718	1	0
d	159.55	717	1	1
s	159.55	718	1	0
a	159.751	719	1	0
d	159.752	718	1	1
s	159.752	719	1	0
a	159.761	720	1	0
d	159.856	719	1	1
s	159.856	720	1	0
d	159.917	720	0	0
a	160.378	721	0	0
s	160.378	721	1	0
d	160.513	721	0	0
a	160.545	722	0	0
s	160.545	722	1	0
a	160.576	723	1	0
d	160.607	722	1	1
s	160.607	723	1	0
d	160.611	723	0	0
a	160.843	724	0	0
s	160.843	724	1	0
a	160.86	725	1	0
a	160.904	726	1	1
a	161.18	727	1	2
a	161.202	728	1	3
d	161.509	724	1	4
s	161.509	725	1	3
d	161.539	725	1	3
s	161.539	726	1	2
d	161.661	726	1	2
s	161.661	727	1	1
d	161.667	727	1	1
s	161.667	728	1	0
d	161.753	728	0	0
a	161.776	729	0	0
s	161.776	729	1	0
d	161.844	729	0	0
a	161.848	730	0	0
s	161.848	730	1	0
d	161.894	730	0	0
a	161.941	731	0	0
s	161.941	731	1	0
d	161.961	731	0	0
a	162.085	732	0	0
s	162.085	732	1	0
d	162.139	732	0	0
a	162.147	733	0	0
s	162.147	733	1	0
a	162.154	734	1	0
d	162.227	733	1	1
s	162.227	734	1	0
d	162.271	734	0	0
a	162.509	735	0	0
s	162.509	735	1	0
d	162.57	735	0	0
a	162.749	736	0	0
s	162.749	736	1	0
a	162.866	737	1	0
a	163.144	738	1	1
d	163.2	736	1	2
s	163.2	737	1	1
d	163.231	737	1	1
s	163.231	738	1	0
d	163.33	738	0	0
a	163.595	739	0	0
s	163.595	739	1	0
d	163.758	739	0	0
a	163.827	740	0	0
s	163.827	740	1	0
a	163.923	741	1	0
d	164.029	740	1	1
s	164.029	741	1	0
d	164.055	741	0	0
a	164.756	742	0	0
s	164.756	742	1	0
d	164.77	742	0	0
a	164.826	743	0	0
s	164.826	743	1	0
a	164.919	744	1	0
d	164.962	743	1	1
s	164.962	744	1	0
d	165.265	744	0	0
a	165.356	745	0	0
s	165.356	745	1	0
d	165.396	745	0	0
a	165.527	746	0	0
s	165.527	746	1	0
d	165.531	746	0	0
a	165.545	747	0	0
s	165.545	747	1	0
a	165.611	748	1	0
d	165.63	747	1	1
s	165.63	748	1	0
d	165.651	748	0	0
a	166.547	749	0	0
s	166.547	749	1	0
a	166.79	750	1	0
d	166.834	749	1	1
s	166.834	750	1	0
d	167.058	750	0	0
a	167.075	751	0	0
s	167.075	751	1	0
a	167.101	752	1	0
d	167.353	751	1	1
s	167.353	752	1	0
d	167.505	752	0	0
a	167.721	753	0	0
s	167.721	753	1	0
d	167.757	753	0	0
a	167.763	754	0	0
s	167.763	754	1	0
a	167.796	755	1	0
a	167.822	756	1	1
d	167.85	754	1	2
s	167.85	755	1	1
d	167.959	755	1	1
s	167.959	756	1	0
a	167.998	757	1	0
d	168.001	756	1	1
s	168.001	757	1	0
d	168.01	757	0	0
a	168.054	758	0	0
s	168.054	758	1	0
a	168.078	759	1	0
a	168.14	760	1	1
d	168.191	758	1	2
s	168.191	759	1	1
a	168.244	761	1	1
d	168.271	759	1	2
s	168.271	760	1	1
a	168.291	762	1	1
d	168.308	760	1	2
s	168.308	761	1	1
d	168.351	761	1	1
s	168.351	762	1	0
d	168.456	762	0	0
a	168.474	763	0	0
s	168.474	763	1	0
a	168.481	764	1	0
d	168.502	763	1	1
s	168.502	764	1	0
d	168.525	764	0	0
a	168.633	765	0	0
s	168.633	765	1	0
d	168.655	765	0	0
a	169.235	766	0	0
s	169.235	766	1	0
a	169.362	767	1	0
d	169.44	766	1	1
s	169.44	767	1	0
a	169.542	768	1	0
d	169.553	767	1	1
s	169.553	768	1	0
d	169.573	768	0	0
a	169.683	769	0	0
s	169.683	769	1	0
d	169.719	769	0	0
a	169.983	770	0	0
s	169.983	770	1	0
a	169.984	771	1	0
d	170.022	770	1	1
s	170.022	771	1	0
d	170.123	771	0	0
a	170.495	772	0	0
s	170.495	772	1	0
d	170.501	772	0	0
a	170.564	773	0	0
s	170.564	773	1	0
d	170.6	773	0	0
a	170.731	774	0	0
s	170.731	774	1	0
d	170.788	774	0	0
a	170.83	775	0	0
s	170.83	775	1	0
d	170.859	775	0	0
a	171.124	776	0	0
s	171.124	776	1	0
a	171.127	777	1	0
d	171.147	776	1	1
s	171.147	777	1	0
d	171.245	777	0	0
a	171.306	778	0	0
s	171.306	778	1	0
a	171.345	779	1	0
d	171.375	778	1	1
s	171.375	779	1	0
a	171.411	780	1	0
d	171.483	779	1	1
s	171.483	780	1	0
a	171.514	781	1	0
d	171.74	780	1	1
s	171.74	781	1	0
d	171.78	781	0	0
a	172.488	782	0	0
s	172.488	782	1	0
a	172.489	783	1	0
d	172.529	782	1	1
s	172.529	783	1	0
d	172.702	783	0	0
a	172.75	784	0	0
s	172.75	784	1	0
d	172.764	784	0	0
a	172.937	785	0	0
s	172.937	785	1	0
d	172.954	785	0	0
a	173.12	786	0	0
s	173.12	786	1	0
d	173.198	786	0	0
a	173.213	787	0	0
s	173.213	787	1	0
a	173.235	788	1	0
d	173.309	787	1	1
s	173.309	788	1	0
d	173.441	788	0	0
a	173.722	789	0	0
s	173.722	789	1	0
d	173.784	789	0	0
a	173.814	790	0	0
s	173.814	790	1	0
d	173.823	790	0	0
a	174.196	791	0	0
s	174.196	791	1	0
a	174.219	792	1	0
d	174.237	791	1	1
s	174.237	792	1	0
d	174.379	792	0	0
a	174.971	793	0	0
s	174.971	793	1	0
d	174.988	793	0	0
a	175.006	794	0	0
s	175.006	794	1	0
a	175.137	795	1	0
d	175.27	794	1	1
s	175.27	795	1	0
d	175.312	795	0	0
a	175.6	796	0	0
s	175.6	796	1	0
a	175.648	797	1	0
d	175.773	796	1	1
s	175.773	797	1	0
a	175.815	798	1	0
a	175.824	799	1	1
a	175.902	800	1	2
d	176.014	797	1	3
s	176.014	798	1	2
d	176.057	798	1	2
s	176.057	799	1	1
d	176.078	799	1	1
s	176.078	800	1	0
a	176.09	801	1	0
d	176.193	800	1	1
s	176.193	801	1	0
a	176.216	802	1	0
d	176.319	801	1	1
s	176.319	802	1	0
a	176.38	803	1	0
d	176.4	802	1	1
s	176.4	803	1	0
d	176.459	803	0	0
a	176.631	804	0	0
s	176.631	804	1	0
a	176.646	805	1	0
a	176.75	806	1	1
d	176.937	804	1	2
s	176.937	805	1	1
d	176.966	805	1	1
s	176.966	806	1	0
d	177.015	806	0	0
a	177.17	807	0	0
s	177.17	807	1	0
a	177.271	808	1	0
d	177.321	807	1	1
s	177.321	808	1	0
d	177.322	808	0	0
a	177.431	809	0	0
s	177.431	809	1	0
d	177.509	809	0	0
a	177.525	810	0	0
s	177.525	810	1	0
a	177.581	811	1	0
d	177.628	810	1	1
s	177.628	811	1	0
a	177.638	812	1	0
d	177.714	811	1	1
s	177.714	812	1	0
d	177.941	812	0	0
a	178.117	813	0	0
s	178.117	813	1	0
d	178.259	813	0	0
a	178.361	814	0	0
s	178.361	814	1	0
a	178.467	815	1	0
d	178.679	814	1	1
s	178.679	815	1	0
d	178.706	815	0	0
a	178.875	816	0	0
s	178.875	816	1	0
a	179.036	817	1	0
d	179.265	816	1	1
s	179.265	817	1	0
d	179.3	817	0	0
a	179.636	818	0	0
s	179.636	818	1	0
a	179.716	819	1	0
d	179.743	818	1	1
s	179.743	819	1	0
a	179.748	820	1	0
d	179.77	819	1	1
s	179.77	820	1	0
d	179.806	820	0	0
a	179.969	821	0	0
s	179.969	821	1	0
d	180.054	821	0	0
a	180.13	822	0	0
s	180.13	822	1	0
d	180.15	822	0	0
a	180.389	823	0	0
s	180.389	823	1	0
a	180.42	824	1	0
d	180.451	823	1	1
s	180.451	824	1	0
d	180.511	824	0	0
a	180.738	825	0	0
s	180.738	825	1	0
a	180.74	826	1	0
d	180.748	825	1	1
s	180.748	826	1	0
a	180.785	827	1	0
d	180.801	826	1	1
s	180.801	827	1	0
a	180.841	828	1	0
d	180.911	827	1	1
s	180.911	828	1	0
a	180.917	829	1	0
d	180.997	828	1	1
s	180.997	829	1	0
d	181.055	829	0	0
a	181.422	830	0	0
s	181.422	830	1	0
a	181.432	831	1	0
d	181.492	830	1	1
s	181.492	831	1	0
d	181.621	831	0	0
a	181.732	832	0	0
s	181.732	832	1	0
d	181.742	832	0	0
a	181.901	833	0	0
s	181.901	833	1	0
a	181.918	834	1	0
d	182.022	833	1	1
s	182.022	834	1	0
d	182.034	834	0	0
a	182.232	835	0	0
s	182.232	835	1	0
a	182.238	836	1	0
a	182.328	837	1	1
d	182.374	835	1	2
s	182.374	836	1	1
d	182.458	836	1	1
s	182.458	837	1	0
d	182.493	837	0	0
a	183.022	838	0	0
s	183.022	838	1	0
d	183.104	838	0	0
a	183.207	839	0	0
s	183.207	839	1	0
a	183.207	840	1	0
d	183.215	839	1	1
s	183.215	840	1	0
a	183.34	841	1	0
d	183.399	840	1	1
s	183.399	841	1	0
d	183.529	841	0	0
a	183.75	842	0	0
s	183.75	842	1	0
a	183.802	843	1	0
d	183.818	842	1	1
s	183.818	843	1	0
d	183.854	843	0	0
a	184.294	844	0	0
s	184.294	844	1	0
a	184.375	845	1	0
d	184.459	844	1	1
s	184.459	845	1	0
d	184.503	845	0	0
a	184.692	846	0	0
s	184.692	846	1	0
d	184.696	846	0	0
a	184.701	847	0	0
s	184.701	847	1	0
a	185.057	848	1	0
d	185.085	847	1	1
s	185.085	848	1	0
d	185.114	848	0	0
a	185.231	849	0	0
s	185.231	849	1	0
a	185.253	850	1	0
a	185.257	851	1	1
d	185.374	849	1	2
s	185.374	850	1	1
d	185.396	850	1	1
s	185.396	851	1	0
d	185.409	851	0	0
a	185.787	852	0	0
s	185.787	852	1	0
d	185.989	852	0	0
a	186.038	853	0	0
s	186.038	853	1	0
a	186.041	854	1	0
d	186.263	853	1	1
s	186.263	854	1	0
d	186.296	854	0	0
a	186.432	855	0	0
s	186.432	855	1	0
d	186.492	855	0	0
a	186.579	856	0	0
s	186.579	856	1	0
d	186.604	856	0	0
a	186.685	857	0	0
s	186.685	857	1	0
a	186.711	858	1	0
d	186.826	857	1	1
s	186.826	858	1	0
d	186.886	858	0	0
a	187.022	859	0	0
s	187.022	859	1	0
d	187.057	859	0	0
a	187.233	860	0	0
s	187.233	860	1	0
d	187.25	860	0	0
a	187.262	861	0	0
s	187.262	861	1	0
a	187.422	862	1	0
d	187.447	861	1	1
s	187.447	862	1	0
d	187.659	862	0	0
a	188.097	863	0	0
s	188.097	863	1	0
d	188.126	863	0	0
a	188.208	864	0	0
s	188.208	864	1	0
d	188.212	864	0	0
a	188.256	865	0	0
s	188.256	865	1	0
a	188.335	866	1	0
d	188.624	865	1	1
s	188.624	866	1	0
d	188.643	866	0	0
a	188.717	867	0	0
s	188.717	867	1	0
d	188.757	867	0	0
a	188.832	868	0	0
s	188.832	868	1	0
a	189.072	869	1	0
d	189.157	868	1	1
s	189.157	869	1	0
d	189.206	869	0	0
a	190.182	870	0	0
s	190.182	870	1	0
a	190.436	871	1	0
d	190.513	870	1	1
s	190.513	871	1	0
d	190.805	871	0	0
a	190.814	872	0	0
s	190.814	872	1	0
a	190.862	873	1	0
d	190.936	872	1	1
s	190.936	873	1	0
d	191.027	873	0	0
a	192.386	874	0	0
s	192.386	874	1	0
a	192.407	875	1	0
d	192.407	874	1	1
s	192.407	875	1	0
d	192.412	875	0	0
a	193.431	876	0	0
s	193.431	876	1	0
d	193.448	876	0	0
a	193.831	877	0	0
s	193.831	877	1	0
d	193.876	877	0	0
a	194.217	878	0	0
s	194.217	878	1	0
d	194.271	878	0	0
a	194.686	879	0	0
s	194.686	879	1	0
a	194.802	880	1	0
d	194.927	879	1	1
s	194.927	880	1	0
a	195.131	881	1	0
d	195.207	880	1	1
s	195.207	881	1	0
d	195.219	881	0	0
a	195.219	882	0	0
s	195.219	882	1	0
a	195.315	883	1	0
a	195.416	884	1	1
d	195.524	882	1	2
s	195.524	883	1	1
d	195.687	883	1	1
s	195.687	884	1	0
d	195.722	884	0	0
a	196.463	885	0	0
s	196.463	885	1	0
a	196.528	886	1	0
d	196.651	885	1	1
s	196.651	886	1	0
d	196.707	886	0	0
a	198.149	887	0	0
s	198.149	887	1	0
a	198.239	888	1	0
d	198.256	887	1	1
s	198.256	888	1	0
d	198.297	888	0	0
a	198.704	889	0	0
s	198.704	889	1	0
d	198.87	889	0	0
a	199.157	890	0	0
s	199.157	890	1	0
a	199.215	891	1	0
d	199.24	890	1	1
s	199.24	891	1	0
d	199.37	891	0	0
a	199.542	892	0	0
s	199.542	892	1	0
d	199.557	892	0	0
a	199.614	893	0	0
s	199.614	893	1	0
d	199.633	893	0	0
a	199.726	894	0	0
s	199.726	894	1	0
d	199.761	894	0	0
a	199.781	895	0	0
s	199.781	895	1	0
d	199.877	895	0	0
a	199.942	896	0	0
s	199.942	896	1	0
d	199.966	896	0	0
a	200.007	897	0	0
s	200.007	897	1	0
a	200.102	898	1	0
d	200.184	897	1	1
s	200.184	898	1	0
d	200.313	898	0	0
a	202.519	899	0	0
s	202.519	899	1	0
a	202.563	900	1	0
d	202.614	899	1	1
s	202.614	900	1	0
d	202.704	900	0	0
a	203.5	901	0	0
s	203.5	901	1	0
d	203.534	901	0	0
a	203.665	902	0	0
s	203.665	902	1	0
a	203.71	903	1	0
d	203.798	902	1	1
s	203.798	903	1	0
d	203.836	903	0	0
a	203.882	904	0	0
s	203.882	904	1	0
a	203.927	905	1	0
d	203.953	904	1	1
s	203.953	905	1	0
d	204.011	905	0	0
a	204.347	906	0	0
s	204.347	906	1	0
a	204.418	907	1	0
d	204.438	906	1	1
s	204.438	907	1	0
d	204.476	907	0	0
a	204.485	908	0	0
s	204.485	908	1	0
a	204.504	909	1	0
d	204.564	908	1	1
s	204.564	909	1	0
d	204.664	909	0	0
a	205.03	910	0	0
s	205.03	910	1	0
d	205.034	910	0	0
a	205.424	911	0	0
s	205.424	911	1	0
d	205.441	911	0	0
a	205.69	912	0	0
s	205.69	912	1	0
d	205.812	912	0	0
a	205.84	913	0	0
s	205.84	913	1	0
a	205.994	914	1	0
a	206.139	915	1	1
a	206.202	916	1	2
d	206.308	913	1	3
s	206.308	914	1	2
d	206.496	914	1	2
s	206.496	915	1	1
a	206.529	917	1	1
a	206.573	918	1	2
d	206.791	915	1	3
s	206.791	916	1	2
d	206.792	916	1	2
s	206.792	917	1	1
d	206.792	917	1	1
s	206.792	918	1	0
d	206.801	918	0	0
a	206.829	919	0	0
s	206.829	919	1	0
a	206.94	920	1	0
d	206.975	919	1	1
s	206.975	920	1	0
d	207.147	920	0	0
a	207.456	921	0	0
s	207.456	921	1	0
a	207.586	922	1	0
d	207.703	921	1	1
s	207.703	922	1	0
d	207.727	922	0	0
a	208.09	923	0	0
s	208.09	923	1	0
d	208.096	923	0	0
a	208.111	924	0	0
s	208.111	924	1	0
d	208.118	924	0	0
a	208.13	925	0	0
s	208.13	925	1	0
a	208.144	926	1	0
d	208.291	925	1	1
s	208.291	926	1	0
a	208.376	927	1	0
a	208.473	928	1	1
d	208.717	926	1	2
s	208.717	927	1	1
d	208.756	927	1	1
s	208.756	928	1	0
d	208.774	928	0	0
a	209.353	929	0	0
s	209.353	929	1	0
d	209.396	929	0	0
a	209.732	930	0	0
s	209.732	930	1	0
a	209.794	931	1	0
d	210.133	930	1	1
s	210.133	931	1	0
d	210.312	931	0	0
a	210.397	932	0	0
s	210.397	932	1	0
a	210.492	933	1	0
d	210.618	932	1	1
s	210.618	933	1	0
d	210.686	933	0	0
a	210.742	934	0	0
s	210.742	934	1	0
a	210.824	935	1	0
d	210.829	934	1	1
s	210.829	935	1	0
d	210.903	935	0	0
a	211.678	936	0	0
s	211.678	936	1	0
d	211.718	936	0	0
a	211.878	937	0	0
s	211.878	937	1	0
d	212.05	937	0	0
a	212.192	938	0	0
s	212.192	938	1	0
d	212.198	938	0	0
a	212.315	939	0	0
s	212.315	939	1	0
d	212.351	939	0	0
a	212.374	940	0	0
s	212.374	940	1	0
d	212.396	940	0	0
a	212.464	941	0	0
s	212.464	941	1	0
a	212.48	942	1	0
d	212.58	941	1	1
s	212.58	942	1	0
d	212.701	942	0	0
a	212.969	943	0	0
s	212.969	943	1	0
a	212.977	944	1	0
a	213.061	945	1	1
a	213.146	946	1	2
a	213.331	947	1	3
d	213.351	943	1	4
s	213.351	944	1	3
d	213.373	944	1	3
s	213.373	945	1	2
d	213.687	945	1	2
s	213.687	946	1	1
a	213.693	948	1	1
d	213.758	946	1	2
s	213.758	947	1	1
d	213.869	947	1	1
s	213.869	948	1	0
a	213.972	949	1	0
d	213.983	948	1	1
s	213.983	949	1	0
d	214.009	949	0	0
a	214.01	950	0	0
s	214.01	950	1	0
d	214.148	950	0	0
a	214.201	951	0	0
s	214.201	951	1	0
a	214.295	952	1	0
d	214.296	951	1	1
s	214.296	952	1	0
d	214.426	952	0	0
a	214.452	953	0	0
s	214.452	953	1	0
d	214.467	953	0	0
a	214.686	954	0	0
s	214.686	954	1	0
a	214.84	955	1	0
d	214.982	954	1	1
s	214.982	955	1	0
d	215.036	955	0	0
a	215.075	956	0	0
s	215.075	956	1	0
a	215.203	957	1	0
d	215.212	956	1	1
s	215.212	957	1	0
d	215.273	957	0	0
a	216.108	958	0	0
s	216.108	958	1	0
a	216.184	959	1	0
d	216.226	958	1	1
s	216.226	959	1	0
d	216.285	959	0	0
a	216.533	960	0	0
s	216.533	960	1	0
a	216.603	961	1	0
d	216.659	960	1	1
s	216.659	961	1	0
d	216.659	961	0	0
a	217.07	962	0	0
s	217.07	962	1	0
d	217.079	962	0	0
a	217.152	963	0	0
s	217.152	963	1	0
d	217.209	963	0	0
a	217.215	964	0	0
s	217.215	964	1	0
a	217.229	965	1	0
d	217.304	964	1	1
s	217.304	965	1	0
d	217.468	965	0	0
a	218.423	966	0	0
s	218.423	966	1	0
d	218.472	966	0	0
a	218.53	967	0	0
s	218.53	967	1	0
d	218.612	967	0	0
a	218.613	968	0	0
s	218.613	968	1	0
d	218.742	968	0	0
a	218.94	969	0	0
s	218.94	969	1	0
a	218.945	970	1	0
a	219.203	971	1	1
d	219.231	969	1	2
s	219.231	970	1	1
a	219.4	972	1	1
d	219.41	970	1	2
s	219.41	971	1	1
d	219.429	971	1	1
s	219.429	972	1	0
d	219.668	972	0	0
a	219.708	973	0	0
s	219.708	973	1	0
a	219.722	974	1	0
d	219.831	973	1	1
s	219.831	974	1	0
d	219.848	974	0	0
a	219.93	975	0	0
s	219.93	975	1	0
a	219.946	976	1	0
d	220.09	975	1	1
s	220.09	976	1	0
d	220.14	976	0	0
a	220.663	977	0	0
s	220.663	977	1	0
d	220.74	977	0	0
a	220.759	978	0	0
s	220.759	978	1	0
d	220.777	978	0	0
a	220.824	979	0	0
s	220.824	979	1	0
a	220.844	980	1	0
d	220.893	979	1	1
s	220.893	980	1	0
d	220.913	980	0	0
a	221.021	981	0	0
s	221.021	981	1	0
d	221.037	981	0	0
a	221.079	982	0	0
s	221.079	982	1	0
a	221.08	983	1	0
d	221.21	982	1	1
s	221.21	983	1	0
d	221.256	983	0	0
a	221.6	984	0	0
s	221.6	984	1	0
d	221.636	984	0	0
a	221.66	985	0	0
s	221.66	985	1	0
a	221.804	986	1	0
d	222.025	985	1	1
s	222.025	986	1	0
d	222.036	986	0	0
a	222.778	987	0	0
s	222.778	987	1	0
a	222.857	988	1	0
d	222.867	987	1	1
s	222.867	988	1	0
d	222.9	988	0	0
a	223.512	989	0	0
s	223.512	989	1	0
d	223.516	989	0	0
a	223.884	990	0	0
s	223.884	990	1	0
a	224.024	991	1	0
d	224.029	990	1	1
s	224.029	991	1	0
d	224.198	991	0	0
a	224.34	992	0	0
s	224.34	992	1	0
a	224.343	993	1	0
d	224.432	992	1	1
s	224.432	993	1	0
d	224.443	993	0	0
a	225.409	994	0	0
s	225.409	994	1	0
d	225.422	994	0	0
a	225.489	995	0	0
s	225.489	995	1	0
a	225.557	996	1	0
d	225.722	995	1	1
s	225.722	996	1	0
d	225.803	996	0	0
a	226.071	997	0	0
s	226.071	997	1	0
d	226.082	997	0	0
a	226.311	998	0	0
s	226.311	998	1	0
d	226.43	998	0	0
a	226.458	999	0	0
s	226.458	999	1	0
a	226.646	1000	1	0
d	226.714	999	1	1
s	226.714	1000	1	0
d	226.73	1000	0	0
